L: 0, 
R: 65494, 
L: 0, 
R: 65473, 
L: 0, 
R: 65459, 
L: 0, 
R: 65424, 
L: 0, 
R: 65396, 
L: 0, 
R: 65361, 
L: 65179, 
R: 64983, 
L: 65193, 
R: 64976, 
L: 65207, 
R: 64969, 
L: 65214, 
R: 64955, 
L: 65235, 
R: 64927, 
L: 65249, 
R: 64906, 
L: 65263, 
R: 64885, 
L: 65284, 
R: 64871, 
L: 65298, 
R: 0, 
L: 65081, 
R: 0, 
L: 65046, 
R: 0, 
L: 65025, 
R: 64500, 
L: 65046, 
R: 64472, 
L: 65067, 
R: 64451, 
L: 65088, 
R: 64430, 
L: 65102, 
R: 64416, 
L: 65116, 
R: 64402, 
L: 65130, 
R: 0, 
L: 0, 
R: 0, 
L: 64759, 
R: 0, 
L: 64731, 
R: 63912, 
L: 63079, 
R: 63926, 
L: 63065, 
R: 63940, 
L: 64836, 
R: 63912, 
L: 64850, 
R: 63884, 
L: 64864, 
R: 63870, 
L: 64878, 
R: 63856, 
L: 64892, 
R: 63842, 
L: 64913, 
R: 63828, 
L: 64927, 
R: 0, 
L: 64402, 
R: 0, 
L: 64367, 
R: 63191, 
L: 64381, 
R: 63170, 
L: 64395, 
R: 63149, 
L: 64409, 
R: 0, 
L: 64255, 
R: 0, 
L: 64213, 
R: 0, 
L: 64185, 
R: 62820, 
L: 64199, 
R: 62799, 
L: 64213, 
R: 62778, 
L: 64234, 
R: 62764, 
L: 64241, 
R: 0, 
L: 64038, 
R: 0, 
L: 0, 
R: 64003, 
L: 0, 
R: 63975, 
L: 0, 
R: 63947, 
L: 62351, 
R: 60734, 
L: 62365, 
R: 60713, 
L: 62386, 
R: 60692, 
L: 62407, 
R: 60678, 
L: 62428, 
R: 60664, 
L: 62442, 
R: 60643, 
L: 62456, 
R: 64276, 
L: 0, 
R: 63702, 
L: 0, 
R: 63674, 
L: 0, 
R: 63632, 
L: 0, 
R: 0, 
L: 63597, 
R: 0, 
L: 63569, 
R: 61595, 
L: 63576, 
R: 61581, 
L: 63590, 
R: 61567, 
L: 63604, 
R: 61553, 
L: 63632, 
R: 61532, 
L: 63646, 
R: 61511, 
L: 59369, 
R: 61525, 
L: 59355, 
R: 61546, 
L: 59341, 
R: 61553, 
L: 63779, 
R: 61532, 
L: 63793, 
R: 61518, 
L: 63807, 
R: 61504, 
L: 63814, 
R: 61497, 
L: 63828, 
R: 0, 
L: 63177, 
R: 0, 
L: 63149, 
R: 60748, 
L: 63170, 
R: 60727, 
L: 63184, 
R: 60713, 
L: 63191, 
R: 0, 
L: 63023, 
R: 0, 
L: 0, 
R: 62988, 
L: 0, 
R: 62946, 
L: 0, 
R: 62904, 
L: 0, 
R: 62869, 
L: 0, 
R: 62848, 
L: 60153, 
R: 62862, 
L: 60139, 
R: 57409, 
L: 54672, 
R: 51914, 
L: 54700, 
R: 51900, 
L: 54721, 
R: 51886, 
L: 54735, 
R: 51865, 
L: 54749, 
R: 51844, 
L: 54756, 
R: 57675, 
L: 54742, 
R: 57689, 
L: 54721, 
R: 57710, 
L: 54707, 
R: 57717, 
L: 60734, 
R: 57703, 
L: 60748, 
R: 57689, 
L: 60762, 
R: 57668, 
L: 60776, 
R: 57654, 
L: 60790, 
R: 63933, 
L: 60776, 
R: 63947, 
L: 60762, 
R: 57563, 
L: 60776, 
R: 57535, 
L: 60790, 
R: 57514, 
L: 60804, 
R: 57507, 
L: 60811, 
R: 64122, 
L: 60797, 
R: 57465, 
L: 60804, 
R: 57451, 
L: 60818, 
R: 57444, 
L: 60825, 
R: 64220, 
L: 60811, 
R: 64227, 
L: 0, 
R: 62099, 
L: 0, 
R: 62071, 
L: 0, 
R: 62050, 
L: 0, 
R: 62022, 
L: 0, 
R: 0, 
L: 0, 
R: 0, 
L: 61959, 
R: 58368, 
L: 61966, 
R: 58347, 
L: 61994, 
R: 58333, 
L: 62008, 
R: 58319, 
L: 62022, 
R: 58298, 
L: 62036, 
R: 58277, 
L: 62057, 
R: 58263, 
L: 62078, 
R: 58256, 
L: 54427, 
R: 58270, 
L: 54406, 
R: 58291, 
L: 54392, 
R: 58298, 
L: 62225, 
R: 58277, 
L: 62239, 
R: 58256, 
L: 62253, 
R: 58242, 
L: 62260, 
R: 58235, 
L: 62267, 
R: 0, 
L: 0, 
R: 61469, 
L: 0, 
R: 61427, 
L: 0, 
R: 61392, 
L: 0, 
R: 61350, 
L: 0, 
R: 61308, 
L: 0, 
R: 61266, 
L: 0, 
R: 61238, 
L: 0, 
R: 0, 
L: 61210, 
R: 0, 
L: 61189, 
R: 0, 
L: 61154, 
R: 0, 
L: 61126, 
R: 0, 
L: 61105, 
R: 56667, 
L: 61119, 
R: 56646, 
L: 61133, 
R: 56632, 
L: 61147, 
R: 56618, 
L: 61161, 
R: 0, 
L: 0, 
R: 0, 
L: 0, 
R: 60930, 
L: 0, 
R: 60888, 
L: 0, 
R: 60867, 
L: 56191, 
R: 60888, 
L: 56184, 
R: 60902, 
L: 0, 
R: 60776, 
L: 0, 
R: 60748, 
L: 0, 
R: 60720, 
L: 0, 
R: 60699, 
L: 0, 
R: 60657, 
L: 0, 
R: 60615, 
L: 0, 
R: 60587, 
L: 0, 
R: 60566, 
L: 0, 
R: 60538, 
L: 0, 
R: 60496, 
L: 0, 
R: 60468, 
L: 0, 
R: 60440, 
L: 0, 
R: 60426, 
L: 0, 
R: 60405, 
L: 0, 
R: 60356, 
L: 0, 
R: 60321, 
L: 0, 
R: 60293, 
L: 0, 
R: 0, 
L: 60258, 
R: 0, 
L: 60230, 
R: 0, 
L: 60202, 
R: 0, 
L: 0, 
R: 60174, 
L: 0, 
R: 60146, 
L: 0, 
R: 60111, 
L: 0, 
R: 60083, 
L: 0, 
R: 60048, 
L: 0, 
R: 60020, 
L: 0, 
R: 59985, 
L: 0, 
R: 59943, 
L: 0, 
R: 59915, 
L: 0, 
R: 59880, 
L: 54217, 
R: 59894, 
L: 54196, 
R: 59908, 
L: 54189, 
R: 48456, 
L: 54217, 
R: 48435, 
L: 54231, 
R: 48421, 
L: 54245, 
R: 48414, 
L: 42576, 
R: 36731, 
L: 32768, 
R: 32768, 
L: 38641, 
R: 44521, 
L: 50415, 
R: 56316, 
L: 62231, 
R: 56295, 
L: 62252, 
R: 56267, 
L: 62266, 
R: 56246, 
L: 62280, 
R: 0, 
L: 59474, 
R: 0, 
L: 59432, 
R: 0, 
L: 59397, 
R: 0, 
L: 59369, 
R: 53195, 
L: 59383, 
R: 53181, 
L: 59390, 
R: 0, 
L: 59299, 
R: 0, 
L: 0, 
R: 59250, 
L: 0, 
R: 59208, 
L: 0, 
R: 59180, 
L: 0, 
R: 59159, 
L: 0, 
R: 59131, 
L: 0, 
R: 59096, 
L: 0, 
R: 59068, 
L: 52593, 
R: 59089, 
L: 52579, 
R: 59103, 
L: 52572, 
R: 46027, 
L: 52593, 
R: 46006, 
L: 52607, 
R: 45985, 
L: 52621, 
R: 45971, 
L: 52635, 
R: 45957, 
L: 52656, 
R: 59362, 
L: 52642, 
R: 59376, 
L: 52628, 
R: 45859, 
L: 52642, 
R: 45845, 
L: 52663, 
R: 59495, 
L: 52649, 
R: 59516, 
L: 52635, 
R: 45740, 
L: 52656, 
R: 45712, 
L: 52677, 
R: 45691, 
L: 52698, 
R: 45677, 
L: 52719, 
R: 45656, 
L: 52740, 
R: 45635, 
L: 52754, 
R: 59887, 
L: 52740, 
R: 59908, 
L: 52726, 
R: 59922, 
L: 52719, 
R: 45502, 
L: 52733, 
R: 45488, 
L: 52747, 
R: 45481, 
L: 38208, 
R: 45495, 
L: 38194, 
R: 45502, 
L: 52817, 
R: 45488, 
L: 52838, 
R: 45474, 
L: 52852, 
R: 45460, 
L: 52866, 
R: 45439, 
L: 52887, 
R: 45425, 
L: 52908, 
R: 45411, 
L: 52922, 
R: 45390, 
L: 52936, 
R: 45369, 
L: 52950, 
R: 45355, 
L: 52964, 
R: 45341, 
L: 52978, 
R: 45320, 
L: 52999, 
R: 45299, 
L: 53013, 
R: 45285, 
L: 53020, 
R: 60762, 
L: 53006, 
R: 60776, 
L: 52999, 
R: 60790, 
L: 0, 
R: 57724, 
L: 0, 
R: 57696, 
L: 0, 
R: 57661, 
L: 0, 
R: 57626, 
L: 0, 
R: 57591, 
L: 0, 
R: 57570, 
L: 49590, 
R: 57577, 
L: 0, 
R: 57514, 
L: 0, 
R: 57479, 
L: 49415, 
R: 41337, 
L: 33245, 
R: 32768, 
L: 40888, 
R: 32768, 
L: 40923, 
R: 49085, 
L: 40909, 
R: 49106, 
L: 40881, 
R: 49113, 
L: 40867, 
R: 49120, 
L: 57394, 
R: 49106, 
L: 57415, 
R: 49092, 
L: 40762, 
R: 32768, 
L: 41119, 
R: 32768, 
L: 41154, 
R: 49547, 
L: 57947, 
R: 0, 
L: 57101, 
R: 48659, 
L: 57115, 
R: 48638, 
L: 57136, 
R: 48617, 
L: 57157, 
R: 48596, 
L: 57171, 
R: 48582, 
L: 39979, 
R: 48596, 
L: 39965, 
R: 48617, 
L: 39958, 
R: 32768, 
L: 41455, 
R: 32768, 
L: 41490, 
R: 32768, 
L: 41518, 
R: 50282, 
L: 41511, 
R: 32768, 
L: 41574, 
R: 32768, 
L: 41616, 
R: 32768, 
L: 41644, 
R: 50527, 
L: 59417, 
R: 50520, 
L: 41609, 
R: 32768, 
L: 41700, 
R: 32768, 
L: 41735, 
R: 32768, 
L: 41770, 
R: 32768, 
L: 41812, 
R: 32768, 
L: 41847, 
R: 50947, 
L: 41833, 
R: 50975, 
L: 41819, 
R: 50982, 
L: 60159, 
R: 50968, 
L: 60180, 
R: 50947, 
L: 60194, 
R: 50940, 
L: 41672, 
R: 50954, 
L: 41665, 
R: 50961, 
L: 60278, 
R: 50947, 
L: 60292, 
R: 50926, 
L: 60306, 
R: 50912, 
L: 60313, 
R: 0, 
L: 0, 
R: 56114, 
L: 0, 
R: 56079, 
L: 0, 
R: 56051, 
L: 0, 
R: 56023, 
L: 0, 
R: 56002, 
L: 0, 
R: 55974, 
L: 0, 
R: 55939, 
L: 0, 
R: 55904, 
L: 0, 
R: 0, 
L: 55862, 
R: 0, 
L: 55827, 
R: 46104, 
L: 55841, 
R: 46076, 
L: 55855, 
R: 46055, 
L: 55869, 
R: 46041, 
L: 55890, 
R: 46027, 
L: 55904, 
R: 46020, 
L: 36129, 
R: 46027, 
L: 36122, 
R: 32768, 
L: 42708, 
R: 32768, 
L: 42743, 
R: 32768, 
L: 42778, 
R: 32768, 
L: 42792, 
R: 32768, 
L: 42820, 
R: 32768, 
L: 42855, 
R: 32768, 
L: 42876, 
R: 32768, 
L: 42911, 
R: 32768, 
L: 42960, 
R: 32768, 
L: 43002, 
R: 32768, 
L: 43030, 
R: 32768, 
L: 43044, 
R: 32768, 
L: 43072, 
R: 32768, 
L: 43107, 
R: 32768, 
L: 43135, 
R: 53516, 
L: 63911, 
R: 53509, 
L: 63925, 
R: 53488, 
L: 63946, 
R: 53474, 
L: 63960, 
R: 53460, 
L: 42953, 
R: 32768, 
L: 43303, 
R: 32768, 
L: 43345, 
R: 32768, 
L: 43380, 
R: 32768, 
L: 43408, 
R: 32768, 
L: 32768, 
R: 43443, 
L: 32768, 
R: 43471, 
L: 54195, 
R: 43457, 
L: 54209, 
R: 43443, 
L: 54223, 
R: 43422, 
L: 54244, 
R: 43394, 
L: 54258, 
R: 43373, 
L: 54279, 
R: 43359, 
L: 54293, 
R: 65234, 
L: 54286, 
R: 65248, 
L: 54272, 
R: 43289, 
L: 54286, 
R: 43268, 
L: 54300, 
R: 43254, 
L: 54314, 
R: 65388, 
L: 54307, 
R: 65402, 
L: 54300, 
R: 43191, 
L: 54321, 
R: 43163, 
L: 54335, 
R: 43149, 
L: 54349, 
R: 0, 
L: 54315, 
R: 0, 
L: 54287, 
R: 43024, 
L: 54301, 
R: 43003, 
L: 54315, 
R: 42982, 
L: 54336, 
R: 42968, 
L: 54350, 
R: 42954, 
L: 54364, 
R: 42940, 
L: 54378, 
R: 42926, 
L: 54385, 
R: 0, 
L: 54063, 
R: 42576, 
L: 54077, 
R: 42555, 
L: 54098, 
R: 42534, 
L: 54112, 
R: 42520, 
L: 32768, 
R: 44381, 
L: 32768, 
R: 44395, 
L: 56036, 
R: 44381, 
L: 56057, 
R: 44360, 
L: 56078, 
R: 44346, 
L: 56099, 
R: 44332, 
L: 56106, 
R: 44318, 
L: 56120, 
R: 44297, 
L: 56148, 
R: 44283, 
L: 56169, 
R: 44269, 
L: 56183, 
R: 44255, 
L: 56197, 
R: 44234, 
L: 56211, 
R: 44213, 
L: 56232, 
R: 44199, 
L: 32768, 
R: 44822, 
L: 32768, 
R: 44850, 
L: 32768, 
R: 32768, 
L: 44899, 
R: 32768, 
L: 44941, 
R: 32768, 
L: 44983, 
R: 32768, 
L: 45004, 
R: 57254, 
L: 44990, 
R: 57268, 
L: 44976, 
R: 32768, 
L: 45088, 
R: 32768, 
L: 45123, 
R: 57485, 
L: 45109, 
R: 57506, 
L: 45095, 
R: 57520, 
L: 45081, 
R: 32768, 
L: 45235, 
R: 32768, 
L: 45277, 
R: 32768, 
L: 45312, 
R: 32768, 
L: 45333, 
R: 32768, 
L: 32768, 
R: 45361, 
L: 57961, 
R: 45354, 
L: 57975, 
R: 45347, 
L: 57982, 
R: 45340, 
L: 32768, 
R: 32768, 
L: 45459, 
R: 32768, 
L: 45501, 
R: 32768, 
L: 45529, 
R: 58297, 
L: 0, 
R: 52747, 
L: 0, 
R: 52698, 
L: 0, 
R: 52656, 
L: 0, 
R: 0, 
L: 52621, 
R: 0, 
L: 0, 
R: 52586, 
L: 0, 
R: 52544, 
L: 0, 
R: 52509, 
L: 0, 
R: 52467, 
L: 0, 
R: 52446, 
L: 39342, 
R: 52467, 
L: 39328, 
R: 52474, 
L: 0, 
R: 52355, 
L: 0, 
R: 52320, 
L: 0, 
R: 0, 
L: 52292, 
R: 0, 
L: 0, 
R: 0, 
L: 0, 
R: 0, 
L: 52222, 
R: 38894, 
L: 52243, 
R: 38866, 
L: 52257, 
R: 38845, 
L: 52278, 
R: 38831, 
L: 52285, 
R: 38824, 
L: 52292, 
R: 38817, 
L: 52299, 
R: 0, 
L: 52026, 
R: 0, 
L: 0, 
R: 51970, 
L: 0, 
R: 51928, 
L: 0, 
R: 51907, 
L: 38271, 
R: 51921, 
L: 0, 
R: 51865, 
L: 0, 
R: 51830, 
L: 0, 
R: 51809, 
L: 38068, 
R: 51830, 
L: 38054, 
R: 32768, 
L: 46565, 
R: 32768, 
L: 46600, 
R: 60446, 
L: 46586, 
R: 60474, 
L: 46572, 
R: 60481, 
L: 0, 
R: 51592, 
L: 0, 
R: 51564, 
L: 0, 
R: 51543, 
L: 0, 
R: 0, 
L: 51522, 
R: 37494, 
L: 51529, 
R: 37480, 
L: 51550, 
R: 37459, 
L: 51564, 
R: 37438, 
L: 51585, 
R: 37417, 
L: 51599, 
R: 37403, 
L: 51613, 
R: 37382, 
L: 51627, 
R: 37368, 
L: 51641, 
R: 37361, 
L: 51648, 
R: 0, 
L: 51228, 
R: 36913, 
L: 32768, 
R: 32768, 
L: 47118, 
R: 61482, 
L: 0, 
R: 51137, 
L: 0, 
R: 51109, 
L: 0, 
R: 51074, 
L: 0, 
R: 51046, 
L: 0, 
R: 0, 
L: 51018, 
R: 0, 
L: 50997, 
R: 36444, 
L: 51011, 
R: 36423, 
L: 51025, 
R: 36409, 
L: 51039, 
R: 36395, 
L: 51060, 
R: 36381, 
L: 51074, 
R: 36367, 
L: 51088, 
R: 36353, 
L: 51102, 
R: 36332, 
L: 51123, 
R: 36311, 
L: 51144, 
R: 0, 
L: 50689, 
R: 0, 
L: 0, 
R: 50647, 
L: 0, 
R: 50605, 
L: 0, 
R: 50584, 
L: 35611, 
R: 50598, 
L: 35597, 
R: 32768, 
L: 47797, 
R: 32768, 
L: 47839, 
R: 32768, 
L: 47867, 
R: 32768, 
L: 47888, 
R: 32768, 
L: 47916, 
R: 32768, 
L: 47965, 
R: 32768, 
L: 47993, 
R: 32768, 
L: 48028, 
R: 32768, 
L: 48049, 
R: 63337, 
L: 0, 
R: 50220, 
L: 0, 
R: 50185, 
L: 34820, 
R: 50206, 
L: 34806, 
R: 50220, 
L: 0, 
R: 50101, 
L: 0, 
R: 50052, 
L: 0, 
R: 50024, 
L: 0, 
R: 49982, 
L: 0, 
R: 49947, 
L: 0, 
R: 0, 
L: 49926, 
R: 0, 
L: 0, 
R: 49884, 
L: 0, 
R: 49842, 
L: 0, 
R: 49814, 
L: 34078, 
R: 49821, 
L: 34071, 
R: 49828, 
L: 0, 
R: 49758, 
L: 0, 
R: 49730, 
L: 0, 
R: 49709, 
L: 33868, 
R: 32768, 
L: 32768, 
R: 48658, 
L: 64562, 
R: 48651, 
L: 64590, 
R: 48637, 
L: 64611, 
R: 48616, 
L: 64625, 
R: 48602, 
L: 64632, 
R: 0, 
L: 0, 
R: 49471, 
L: 0, 
R: 49429, 
L: 0, 
R: 49408, 
L: 0, 
R: 49387, 
L: 0, 
R: 49345, 
L: 0, 
R: 49310, 
L: 0, 
R: 49268, 
L: 0, 
R: 49233, 
L: 0, 
R: 49198, 
L: 0, 
R: 0, 
L: 0, 
R: 49170, 
L: 0, 
R: 49128, 
L: 0, 
R: 49100, 
L: 0, 
R: 49065, 
L: 0, 
R: 49030, 
L: 0, 
R: 48995, 
L: 0, 
R: 48974, 
L: 32768, 
R: 49365, 
L: 32768, 
R: 49400, 
L: 32768, 
R: 49435, 
L: 0, 
R: 48834, 
L: 0, 
R: 48799, 
L: 0, 
R: 48764, 
L: 0, 
R: 48743, 
L: 32768, 
R: 49589, 
L: 32768, 
R: 32768, 
L: 49617, 
R: 32768, 
L: 49645, 
R: 32768, 
L: 49666, 
R: 0, 
L: 0, 
R: 48617, 
L: 0, 
R: 48589, 
L: 0, 
R: 48561, 
L: 0, 
R: 48540, 
L: 0, 
R: 48512, 
L: 0, 
R: 48470, 
L: 0, 
R: 48442, 
L: 32768, 
R: 49897, 
L: 32768, 
R: 49925, 
L: 32768, 
R: 49953, 
L: 0, 
R: 48316, 
L: 0, 
R: 48281, 
L: 0, 
R: 48253, 
L: 32768, 
R: 50079, 
L: 32768, 
R: 50114, 
L: 32768, 
R: 50142, 
L: 0, 
R: 48134, 
L: 0, 
R: 48099, 
L: 0, 
R: 48064, 
L: 0, 
R: 48015, 
L: 0, 
R: 47973, 
L: 0, 
R: 47938, 
L: 0, 
R: 47910, 
L: 0, 
R: 47889, 
L: 0, 
R: 0, 
L: 47854, 
R: 0, 
L: 47826, 
R: 0, 
L: 47805, 
R: 32768, 
L: 50527, 
R: 32768, 
L: 50548, 
R: 0, 
L: 47735, 
R: 32768, 
L: 50604, 
R: 32768, 
L: 50639, 
R: 32768, 
L: 50667, 
R: 32768, 
L: 50695, 
R: 32768, 
L: 50737, 
R: 32768, 
L: 50779, 
R: 32768, 
L: 50821, 
R: 32768, 
L: 50863, 
R: 32768, 
L: 50905, 
R: 32768, 
L: 50933, 
R: 32768, 
L: 32768, 
R: 50954, 
L: 0, 
R: 47329, 
L: 0, 
R: 47294, 
L: 0, 
R: 0, 
L: 47259, 
R: 0, 
L: 0, 
R: 47203, 
L: 0, 
R: 47154, 
L: 0, 
R: 47133, 
L: 32768, 
R: 51206, 
L: 32768, 
R: 32768, 
L: 51248, 
R: 32768, 
L: 51283, 
R: 32768, 
L: 51297, 
R: 0, 
L: 46965, 
R: 0, 
L: 46944, 
R: 32768, 
L: 51402, 
R: 32768, 
L: 51437, 
R: 32768, 
L: 32768, 
R: 51458, 
L: 32768, 
R: 51479, 
L: 32768, 
R: 51493, 
L: 0, 
R: 0, 
L: 0, 
R: 46748, 
L: 0, 
R: 46706, 
L: 0, 
R: 46678, 
L: 0, 
R: 46657, 
L: 32768, 
R: 51668, 
L: 32768, 
R: 32768, 
L: 51710, 
R: 32768, 
L: 51731, 
R: 0, 
L: 46538, 
R: 0, 
L: 46517, 
R: 32768, 
L: 51836, 
R: 32768, 
L: 51878, 
R: 32768, 
L: 51899, 
R: 0, 
L: 46370, 
R: 0, 
