Release 13.2 Map O.61xd (lin)
Xilinx Mapping Report File for Design 'BrownieSTD32'

Design Information
------------------
Command Line   : map -intstyle ise -p xc5vlx110t-ff1136-1 -w -logic_opt off -ol
high -t 1 -register_duplication off -global_opt off -mt off -cm area -ir off -pr
off -lc off -power off -o BrownieSTD32_map.ncd BrownieSTD32.ngd BrownieSTD32.pcf
 
Target Device  : xc5vlx110t
Target Package : ff1136
Target Speed   : -1
Mapper Version : virtex5 -- $Revision: 1.55 $
Mapped Date    : Tue Dec  4 02:05:31 2018

Design Summary
--------------
Number of errors:      0
Number of warnings:    0
Slice Logic Utilization:
  Number of Slice Registers:                 1,815 out of  69,120    2%
    Number used as Flip Flops:               1,813
    Number used as Latch-thrus:                  2
  Number of Slice LUTs:                      2,825 out of  69,120    4%
    Number used as logic:                    2,824 out of  69,120    4%
      Number using O6 output only:           2,579
      Number using O5 output only:              29
      Number using O5 and O6:                  216
    Number used as exclusive route-thru:         1
  Number of route-thrus:                        30
    Number using O6 output only:                30

Slice Logic Distribution:
  Number of occupied Slices:                 1,106 out of  17,280    6%
  Number of LUT Flip Flop pairs used:        3,636
    Number with an unused Flip Flop:         1,821 out of   3,636   50%
    Number with an unused LUT:                 811 out of   3,636   22%
    Number of fully used LUT-FF pairs:       1,004 out of   3,636   27%
    Number of unique control sets:              43
    Number of slice register sites lost
      to control set restrictions:              19 out of  69,120    1%

  A LUT Flip Flop pair for this architecture represents one LUT paired with
  one Flip Flop within a slice.  A control set is a unique combination of
  clock, reset, set, and enable signals for a registered element.
  The Slice Logic Distribution report is not meaningful if the design is
  over-mapped for a non-slice resource or if Placement fails.
  OVERMAPPING of BRAM resources should be ignored if the design is
  over-mapped for a non-BRAM resource or if placement fails.

IO Utilization:
  Number of bonded IOBs:                       171 out of     640   26%

Specific Feature Utilization:
  Number of BUFG/BUFGCTRLs:                      1 out of      32    3%
    Number used as BUFGs:                        1

Average Fanout of Non-Clock Nets:                4.74

Peak Memory Usage:  440 MB
Total REAL time to MAP completion:  6 mins 49 secs 
Total CPU time to MAP completion:   3 mins 7 secs 

Table of Contents
-----------------
Section 1 - Errors
Section 2 - Warnings
Section 3 - Informational
Section 4 - Removed Logic Summary
Section 5 - Removed Logic
Section 6 - IOB Properties
Section 7 - RPMs
Section 8 - Guide Report
Section 9 - Area Group and Partition Summary
Section 10 - Timing Report
Section 11 - Configuration String Information
Section 12 - Control Set Information
Section 13 - Utilization by Hierarchy

Section 1 - Errors
------------------

Section 2 - Warnings
--------------------
WARNING:Security:43 - No license file was found in the standard Xilinx license
directory.
WARNING:Security:44 - No license file was found.
WARNING:Security:42 - Your software subscription period has lapsed. Your current
version of Xilinx tools will continue to function, but you no longer qualify for
Xilinx software updates or new releases.

Section 3 - Informational
-------------------------
INFO:Security:50 - The XILINXD_LICENSE_FILE environment variable is set to
'2100@i80pdc.irf.uni-karlsruhe.de'.
INFO:Security:52 - The LM_LICENSE_FILE environment variable is set to
'1717@scclic2.scc.kit.edu:2100@i80pdc.irf.uni-karlsruhe.de:1717@scclic2.scc.kit.
edu:1717@scclic2.scc.kit.edu:1717@scclic2.scc.kit.edu:'.
INFO:Security:56 - Part 'xc5vlx110t' is not a WebPack part.
INFO:LIT:243 - Logical network IMEM_ADDRERR_IN has no load.
INFO:LIT:395 - The above info message is repeated 1 more times for the following
   (max. 5 shown):
   DMEM_ADDRERR_IN
   To see the details of these info messages, please use the -detail switch.
INFO:MapLib:562 - No environment variables are currently set.
INFO:LIT:244 - All of the single ended outputs in this design are using slew
   rate limited output drivers. The delay on speed critical single ended outputs
   can be dramatically reduced by designating them as fast outputs.
INFO:Pack:1716 - Initializing temperature to 85.000 Celsius. (default - Range:
   0.000 to 85.000 Celsius)
INFO:Pack:1720 - Initializing voltage to 0.950 Volts. (default - Range: 0.950 to
   1.050 Volts)
INFO:Map:215 - The Interim Design Summary has been generated in the MAP Report
   (.mrp).
INFO:Pack:1650 - Map created a placed design.

Section 4 - Removed Logic Summary
---------------------------------
   2 block(s) optimized away

Section 5 - Removed Logic
-------------------------

Optimized Block(s):
TYPE 		BLOCK
GND 		XST_GND
VCC 		XST_VCC

To enable printing of redundant blocks removed and signals merged, set the
detailed map report option and rerun map.

Section 6 - IOB Properties
--------------------------

+---------------------------------------------------------------------------------------------------------------------------------------------------------+
| IOB Name                           | Type             | Direction | IO Standard          | Diff  | Drive    | Slew | Reg (s)      | Resistor | IOB      |
|                                    |                  |           |                      | Term  | Strength | Rate |              |          | Delay    |
+---------------------------------------------------------------------------------------------------------------------------------------------------------+
| CLK                                | IOB              | INPUT     | LVCMOS25             |       |          |      |              |          |          |
| DMEM_ACK_IN                        | IOB              | INPUT     | LVCMOS25             |       |          |      |              |          |          |
| DMEM_ADDR_OUT<0>                   | IOB              | OUTPUT    | LVCMOS25             |       | 12       | SLOW |              |          |          |
| DMEM_ADDR_OUT<1>                   | IOB              | OUTPUT    | LVCMOS25             |       | 12       | SLOW |              |          |          |
| DMEM_ADDR_OUT<2>                   | IOB              | OUTPUT    | LVCMOS25             |       | 12       | SLOW |              |          |          |
| DMEM_ADDR_OUT<3>                   | IOB              | OUTPUT    | LVCMOS25             |       | 12       | SLOW |              |          |          |
| DMEM_ADDR_OUT<4>                   | IOB              | OUTPUT    | LVCMOS25             |       | 12       | SLOW |              |          |          |
| DMEM_ADDR_OUT<5>                   | IOB              | OUTPUT    | LVCMOS25             |       | 12       | SLOW |              |          |          |
| DMEM_ADDR_OUT<6>                   | IOB              | OUTPUT    | LVCMOS25             |       | 12       | SLOW |              |          |          |
| DMEM_ADDR_OUT<7>                   | IOB              | OUTPUT    | LVCMOS25             |       | 12       | SLOW |              |          |          |
| DMEM_ADDR_OUT<8>                   | IOB              | OUTPUT    | LVCMOS25             |       | 12       | SLOW |              |          |          |
| DMEM_ADDR_OUT<9>                   | IOB              | OUTPUT    | LVCMOS25             |       | 12       | SLOW |              |          |          |
| DMEM_ADDR_OUT<10>                  | IOB              | OUTPUT    | LVCMOS25             |       | 12       | SLOW |              |          |          |
| DMEM_ADDR_OUT<11>                  | IOB              | OUTPUT    | LVCMOS25             |       | 12       | SLOW |              |          |          |
| DMEM_ADDR_OUT<12>                  | IOB              | OUTPUT    | LVCMOS25             |       | 12       | SLOW |              |          |          |
| DMEM_ADDR_OUT<13>                  | IOB              | OUTPUT    | LVCMOS25             |       | 12       | SLOW |              |          |          |
| DMEM_ADDR_OUT<14>                  | IOB              | OUTPUT    | LVCMOS25             |       | 12       | SLOW |              |          |          |
| DMEM_ADDR_OUT<15>                  | IOB              | OUTPUT    | LVCMOS25             |       | 12       | SLOW |              |          |          |
| DMEM_ADDR_OUT<16>                  | IOB              | OUTPUT    | LVCMOS25             |       | 12       | SLOW |              |          |          |
| DMEM_ADDR_OUT<17>                  | IOB              | OUTPUT    | LVCMOS25             |       | 12       | SLOW |              |          |          |
| DMEM_ADDR_OUT<18>                  | IOB              | OUTPUT    | LVCMOS25             |       | 12       | SLOW |              |          |          |
| DMEM_ADDR_OUT<19>                  | IOB              | OUTPUT    | LVCMOS25             |       | 12       | SLOW |              |          |          |
| DMEM_ADDR_OUT<20>                  | IOB              | OUTPUT    | LVCMOS25             |       | 12       | SLOW |              |          |          |
| DMEM_ADDR_OUT<21>                  | IOB              | OUTPUT    | LVCMOS25             |       | 12       | SLOW |              |          |          |
| DMEM_ADDR_OUT<22>                  | IOB              | OUTPUT    | LVCMOS25             |       | 12       | SLOW |              |          |          |
| DMEM_ADDR_OUT<23>                  | IOB              | OUTPUT    | LVCMOS25             |       | 12       | SLOW |              |          |          |
| DMEM_ADDR_OUT<24>                  | IOB              | OUTPUT    | LVCMOS25             |       | 12       | SLOW |              |          |          |
| DMEM_ADDR_OUT<25>                  | IOB              | OUTPUT    | LVCMOS25             |       | 12       | SLOW |              |          |          |
| DMEM_ADDR_OUT<26>                  | IOB              | OUTPUT    | LVCMOS25             |       | 12       | SLOW |              |          |          |
| DMEM_ADDR_OUT<27>                  | IOB              | OUTPUT    | LVCMOS25             |       | 12       | SLOW |              |          |          |
| DMEM_ADDR_OUT<28>                  | IOB              | OUTPUT    | LVCMOS25             |       | 12       | SLOW |              |          |          |
| DMEM_ADDR_OUT<29>                  | IOB              | OUTPUT    | LVCMOS25             |       | 12       | SLOW |              |          |          |
| DMEM_ADDR_OUT<30>                  | IOB              | OUTPUT    | LVCMOS25             |       | 12       | SLOW |              |          |          |
| DMEM_ADDR_OUT<31>                  | IOB              | OUTPUT    | LVCMOS25             |       | 12       | SLOW |              |          |          |
| DMEM_CANCEL_OUT                    | IOB              | OUTPUT    | LVCMOS25             |       | 12       | SLOW |              |          |          |
| DMEM_DATA_IN<0>                    | IOB              | INPUT     | LVCMOS25             |       |          |      |              |          |          |
| DMEM_DATA_IN<1>                    | IOB              | INPUT     | LVCMOS25             |       |          |      |              |          |          |
| DMEM_DATA_IN<2>                    | IOB              | INPUT     | LVCMOS25             |       |          |      |              |          |          |
| DMEM_DATA_IN<3>                    | IOB              | INPUT     | LVCMOS25             |       |          |      |              |          |          |
| DMEM_DATA_IN<4>                    | IOB              | INPUT     | LVCMOS25             |       |          |      |              |          |          |
| DMEM_DATA_IN<5>                    | IOB              | INPUT     | LVCMOS25             |       |          |      |              |          |          |
| DMEM_DATA_IN<6>                    | IOB              | INPUT     | LVCMOS25             |       |          |      |              |          |          |
| DMEM_DATA_IN<7>                    | IOB              | INPUT     | LVCMOS25             |       |          |      |              |          |          |
| DMEM_DATA_IN<8>                    | IOB              | INPUT     | LVCMOS25             |       |          |      |              |          |          |
| DMEM_DATA_IN<9>                    | IOB              | INPUT     | LVCMOS25             |       |          |      |              |          |          |
| DMEM_DATA_IN<10>                   | IOB              | INPUT     | LVCMOS25             |       |          |      |              |          |          |
| DMEM_DATA_IN<11>                   | IOB              | INPUT     | LVCMOS25             |       |          |      |              |          |          |
| DMEM_DATA_IN<12>                   | IOB              | INPUT     | LVCMOS25             |       |          |      |              |          |          |
| DMEM_DATA_IN<13>                   | IOB              | INPUT     | LVCMOS25             |       |          |      |              |          |          |
| DMEM_DATA_IN<14>                   | IOB              | INPUT     | LVCMOS25             |       |          |      |              |          |          |
| DMEM_DATA_IN<15>                   | IOB              | INPUT     | LVCMOS25             |       |          |      |              |          |          |
| DMEM_DATA_IN<16>                   | IOB              | INPUT     | LVCMOS25             |       |          |      |              |          |          |
| DMEM_DATA_IN<17>                   | IOB              | INPUT     | LVCMOS25             |       |          |      |              |          |          |
| DMEM_DATA_IN<18>                   | IOB              | INPUT     | LVCMOS25             |       |          |      |              |          |          |
| DMEM_DATA_IN<19>                   | IOB              | INPUT     | LVCMOS25             |       |          |      |              |          |          |
| DMEM_DATA_IN<20>                   | IOB              | INPUT     | LVCMOS25             |       |          |      |              |          |          |
| DMEM_DATA_IN<21>                   | IOB              | INPUT     | LVCMOS25             |       |          |      |              |          |          |
| DMEM_DATA_IN<22>                   | IOB              | INPUT     | LVCMOS25             |       |          |      |              |          |          |
| DMEM_DATA_IN<23>                   | IOB              | INPUT     | LVCMOS25             |       |          |      |              |          |          |
| DMEM_DATA_IN<24>                   | IOB              | INPUT     | LVCMOS25             |       |          |      |              |          |          |
| DMEM_DATA_IN<25>                   | IOB              | INPUT     | LVCMOS25             |       |          |      |              |          |          |
| DMEM_DATA_IN<26>                   | IOB              | INPUT     | LVCMOS25             |       |          |      |              |          |          |
| DMEM_DATA_IN<27>                   | IOB              | INPUT     | LVCMOS25             |       |          |      |              |          |          |
| DMEM_DATA_IN<28>                   | IOB              | INPUT     | LVCMOS25             |       |          |      |              |          |          |
| DMEM_DATA_IN<29>                   | IOB              | INPUT     | LVCMOS25             |       |          |      |              |          |          |
| DMEM_DATA_IN<30>                   | IOB              | INPUT     | LVCMOS25             |       |          |      |              |          |          |
| DMEM_DATA_IN<31>                   | IOB              | INPUT     | LVCMOS25             |       |          |      |              |          |          |
| DMEM_DATA_OUT<0>                   | IOB              | OUTPUT    | LVCMOS25             |       | 12       | SLOW |              |          |          |
| DMEM_DATA_OUT<1>                   | IOB              | OUTPUT    | LVCMOS25             |       | 12       | SLOW |              |          |          |
| DMEM_DATA_OUT<2>                   | IOB              | OUTPUT    | LVCMOS25             |       | 12       | SLOW |              |          |          |
| DMEM_DATA_OUT<3>                   | IOB              | OUTPUT    | LVCMOS25             |       | 12       | SLOW |              |          |          |
| DMEM_DATA_OUT<4>                   | IOB              | OUTPUT    | LVCMOS25             |       | 12       | SLOW |              |          |          |
| DMEM_DATA_OUT<5>                   | IOB              | OUTPUT    | LVCMOS25             |       | 12       | SLOW |              |          |          |
| DMEM_DATA_OUT<6>                   | IOB              | OUTPUT    | LVCMOS25             |       | 12       | SLOW |              |          |          |
| DMEM_DATA_OUT<7>                   | IOB              | OUTPUT    | LVCMOS25             |       | 12       | SLOW |              |          |          |
| DMEM_DATA_OUT<8>                   | IOB              | OUTPUT    | LVCMOS25             |       | 12       | SLOW |              |          |          |
| DMEM_DATA_OUT<9>                   | IOB              | OUTPUT    | LVCMOS25             |       | 12       | SLOW |              |          |          |
| DMEM_DATA_OUT<10>                  | IOB              | OUTPUT    | LVCMOS25             |       | 12       | SLOW |              |          |          |
| DMEM_DATA_OUT<11>                  | IOB              | OUTPUT    | LVCMOS25             |       | 12       | SLOW |              |          |          |
| DMEM_DATA_OUT<12>                  | IOB              | OUTPUT    | LVCMOS25             |       | 12       | SLOW |              |          |          |
| DMEM_DATA_OUT<13>                  | IOB              | OUTPUT    | LVCMOS25             |       | 12       | SLOW |              |          |          |
| DMEM_DATA_OUT<14>                  | IOB              | OUTPUT    | LVCMOS25             |       | 12       | SLOW |              |          |          |
| DMEM_DATA_OUT<15>                  | IOB              | OUTPUT    | LVCMOS25             |       | 12       | SLOW |              |          |          |
| DMEM_DATA_OUT<16>                  | IOB              | OUTPUT    | LVCMOS25             |       | 12       | SLOW |              |          |          |
| DMEM_DATA_OUT<17>                  | IOB              | OUTPUT    | LVCMOS25             |       | 12       | SLOW |              |          |          |
| DMEM_DATA_OUT<18>                  | IOB              | OUTPUT    | LVCMOS25             |       | 12       | SLOW |              |          |          |
| DMEM_DATA_OUT<19>                  | IOB              | OUTPUT    | LVCMOS25             |       | 12       | SLOW |              |          |          |
| DMEM_DATA_OUT<20>                  | IOB              | OUTPUT    | LVCMOS25             |       | 12       | SLOW |              |          |          |
| DMEM_DATA_OUT<21>                  | IOB              | OUTPUT    | LVCMOS25             |       | 12       | SLOW |              |          |          |
| DMEM_DATA_OUT<22>                  | IOB              | OUTPUT    | LVCMOS25             |       | 12       | SLOW |              |          |          |
| DMEM_DATA_OUT<23>                  | IOB              | OUTPUT    | LVCMOS25             |       | 12       | SLOW |              |          |          |
| DMEM_DATA_OUT<24>                  | IOB              | OUTPUT    | LVCMOS25             |       | 12       | SLOW |              |          |          |
| DMEM_DATA_OUT<25>                  | IOB              | OUTPUT    | LVCMOS25             |       | 12       | SLOW |              |          |          |
| DMEM_DATA_OUT<26>                  | IOB              | OUTPUT    | LVCMOS25             |       | 12       | SLOW |              |          |          |
| DMEM_DATA_OUT<27>                  | IOB              | OUTPUT    | LVCMOS25             |       | 12       | SLOW |              |          |          |
| DMEM_DATA_OUT<28>                  | IOB              | OUTPUT    | LVCMOS25             |       | 12       | SLOW |              |          |          |
| DMEM_DATA_OUT<29>                  | IOB              | OUTPUT    | LVCMOS25             |       | 12       | SLOW |              |          |          |
| DMEM_DATA_OUT<30>                  | IOB              | OUTPUT    | LVCMOS25             |       | 12       | SLOW |              |          |          |
| DMEM_DATA_OUT<31>                  | IOB              | OUTPUT    | LVCMOS25             |       | 12       | SLOW |              |          |          |
| DMEM_EMODE_OUT                     | IOB              | OUTPUT    | LVCMOS25             |       | 12       | SLOW |              |          |          |
| DMEM_REQ_OUT                       | IOB              | OUTPUT    | LVCMOS25             |       | 12       | SLOW |              |          |          |
| DMEM_RW_OUT                        | IOB              | OUTPUT    | LVCMOS25             |       | 12       | SLOW |              |          |          |
| DMEM_WMODE_OUT<0>                  | IOB              | OUTPUT    | LVCMOS25             |       | 12       | SLOW |              |          |          |
| DMEM_WMODE_OUT<1>                  | IOB              | OUTPUT    | LVCMOS25             |       | 12       | SLOW |              |          |          |
| EXTCATCH_OUT                       | IOB              | OUTPUT    | LVCMOS25             |       | 12       | SLOW |              |          |          |
| EXTINT_IN                          | IOB              | INPUT     | LVCMOS25             |       |          |      |              |          |          |
| IMEM_ADDR_OUT<0>                   | IOB              | OUTPUT    | LVCMOS25             |       | 12       | SLOW |              |          |          |
| IMEM_ADDR_OUT<1>                   | IOB              | OUTPUT    | LVCMOS25             |       | 12       | SLOW |              |          |          |
| IMEM_ADDR_OUT<2>                   | IOB              | OUTPUT    | LVCMOS25             |       | 12       | SLOW |              |          |          |
| IMEM_ADDR_OUT<3>                   | IOB              | OUTPUT    | LVCMOS25             |       | 12       | SLOW |              |          |          |
| IMEM_ADDR_OUT<4>                   | IOB              | OUTPUT    | LVCMOS25             |       | 12       | SLOW |              |          |          |
| IMEM_ADDR_OUT<5>                   | IOB              | OUTPUT    | LVCMOS25             |       | 12       | SLOW |              |          |          |
| IMEM_ADDR_OUT<6>                   | IOB              | OUTPUT    | LVCMOS25             |       | 12       | SLOW |              |          |          |
| IMEM_ADDR_OUT<7>                   | IOB              | OUTPUT    | LVCMOS25             |       | 12       | SLOW |              |          |          |
| IMEM_ADDR_OUT<8>                   | IOB              | OUTPUT    | LVCMOS25             |       | 12       | SLOW |              |          |          |
| IMEM_ADDR_OUT<9>                   | IOB              | OUTPUT    | LVCMOS25             |       | 12       | SLOW |              |          |          |
| IMEM_ADDR_OUT<10>                  | IOB              | OUTPUT    | LVCMOS25             |       | 12       | SLOW |              |          |          |
| IMEM_ADDR_OUT<11>                  | IOB              | OUTPUT    | LVCMOS25             |       | 12       | SLOW |              |          |          |
| IMEM_ADDR_OUT<12>                  | IOB              | OUTPUT    | LVCMOS25             |       | 12       | SLOW |              |          |          |
| IMEM_ADDR_OUT<13>                  | IOB              | OUTPUT    | LVCMOS25             |       | 12       | SLOW |              |          |          |
| IMEM_ADDR_OUT<14>                  | IOB              | OUTPUT    | LVCMOS25             |       | 12       | SLOW |              |          |          |
| IMEM_ADDR_OUT<15>                  | IOB              | OUTPUT    | LVCMOS25             |       | 12       | SLOW |              |          |          |
| IMEM_ADDR_OUT<16>                  | IOB              | OUTPUT    | LVCMOS25             |       | 12       | SLOW |              |          |          |
| IMEM_ADDR_OUT<17>                  | IOB              | OUTPUT    | LVCMOS25             |       | 12       | SLOW |              |          |          |
| IMEM_ADDR_OUT<18>                  | IOB              | OUTPUT    | LVCMOS25             |       | 12       | SLOW |              |          |          |
| IMEM_ADDR_OUT<19>                  | IOB              | OUTPUT    | LVCMOS25             |       | 12       | SLOW |              |          |          |
| IMEM_ADDR_OUT<20>                  | IOB              | OUTPUT    | LVCMOS25             |       | 12       | SLOW |              |          |          |
| IMEM_ADDR_OUT<21>                  | IOB              | OUTPUT    | LVCMOS25             |       | 12       | SLOW |              |          |          |
| IMEM_ADDR_OUT<22>                  | IOB              | OUTPUT    | LVCMOS25             |       | 12       | SLOW |              |          |          |
| IMEM_ADDR_OUT<23>                  | IOB              | OUTPUT    | LVCMOS25             |       | 12       | SLOW |              |          |          |
| IMEM_ADDR_OUT<24>                  | IOB              | OUTPUT    | LVCMOS25             |       | 12       | SLOW |              |          |          |
| IMEM_ADDR_OUT<25>                  | IOB              | OUTPUT    | LVCMOS25             |       | 12       | SLOW |              |          |          |
| IMEM_ADDR_OUT<26>                  | IOB              | OUTPUT    | LVCMOS25             |       | 12       | SLOW |              |          |          |
| IMEM_ADDR_OUT<27>                  | IOB              | OUTPUT    | LVCMOS25             |       | 12       | SLOW |              |          |          |
| IMEM_ADDR_OUT<28>                  | IOB              | OUTPUT    | LVCMOS25             |       | 12       | SLOW |              |          |          |
| IMEM_ADDR_OUT<29>                  | IOB              | OUTPUT    | LVCMOS25             |       | 12       | SLOW |              |          |          |
| IMEM_ADDR_OUT<30>                  | IOB              | OUTPUT    | LVCMOS25             |       | 12       | SLOW |              |          |          |
| IMEM_ADDR_OUT<31>                  | IOB              | OUTPUT    | LVCMOS25             |       | 12       | SLOW |              |          |          |
| IMEM_DATA_IN<0>                    | IOB              | INPUT     | LVCMOS25             |       |          |      |              |          |          |
| IMEM_DATA_IN<1>                    | IOB              | INPUT     | LVCMOS25             |       |          |      |              |          |          |
| IMEM_DATA_IN<2>                    | IOB              | INPUT     | LVCMOS25             |       |          |      |              |          |          |
| IMEM_DATA_IN<3>                    | IOB              | INPUT     | LVCMOS25             |       |          |      |              |          |          |
| IMEM_DATA_IN<4>                    | IOB              | INPUT     | LVCMOS25             |       |          |      |              |          |          |
| IMEM_DATA_IN<5>                    | IOB              | INPUT     | LVCMOS25             |       |          |      |              |          |          |
| IMEM_DATA_IN<6>                    | IOB              | INPUT     | LVCMOS25             |       |          |      |              |          |          |
| IMEM_DATA_IN<7>                    | IOB              | INPUT     | LVCMOS25             |       |          |      |              |          |          |
| IMEM_DATA_IN<8>                    | IOB              | INPUT     | LVCMOS25             |       |          |      |              |          |          |
| IMEM_DATA_IN<9>                    | IOB              | INPUT     | LVCMOS25             |       |          |      |              |          |          |
| IMEM_DATA_IN<10>                   | IOB              | INPUT     | LVCMOS25             |       |          |      |              |          |          |
| IMEM_DATA_IN<11>                   | IOB              | INPUT     | LVCMOS25             |       |          |      |              |          |          |
| IMEM_DATA_IN<12>                   | IOB              | INPUT     | LVCMOS25             |       |          |      |              |          |          |
| IMEM_DATA_IN<13>                   | IOB              | INPUT     | LVCMOS25             |       |          |      |              |          |          |
| IMEM_DATA_IN<14>                   | IOB              | INPUT     | LVCMOS25             |       |          |      |              |          |          |
| IMEM_DATA_IN<15>                   | IOB              | INPUT     | LVCMOS25             |       |          |      |              |          |          |
| IMEM_DATA_IN<16>                   | IOB              | INPUT     | LVCMOS25             |       |          |      |              |          |          |
| IMEM_DATA_IN<17>                   | IOB              | INPUT     | LVCMOS25             |       |          |      |              |          |          |
| IMEM_DATA_IN<18>                   | IOB              | INPUT     | LVCMOS25             |       |          |      |              |          |          |
| IMEM_DATA_IN<19>                   | IOB              | INPUT     | LVCMOS25             |       |          |      |              |          |          |
| IMEM_DATA_IN<20>                   | IOB              | INPUT     | LVCMOS25             |       |          |      |              |          |          |
| IMEM_DATA_IN<21>                   | IOB              | INPUT     | LVCMOS25             |       |          |      |              |          |          |
| IMEM_DATA_IN<22>                   | IOB              | INPUT     | LVCMOS25             |       |          |      |              |          |          |
| IMEM_DATA_IN<23>                   | IOB              | INPUT     | LVCMOS25             |       |          |      |              |          |          |
| IMEM_DATA_IN<24>                   | IOB              | INPUT     | LVCMOS25             |       |          |      |              |          |          |
| IMEM_DATA_IN<25>                   | IOB              | INPUT     | LVCMOS25             |       |          |      |              |          |          |
| IMEM_DATA_IN<26>                   | IOB              | INPUT     | LVCMOS25             |       |          |      |              |          |          |
| IMEM_DATA_IN<27>                   | IOB              | INPUT     | LVCMOS25             |       |          |      |              |          |          |
| IMEM_DATA_IN<28>                   | IOB              | INPUT     | LVCMOS25             |       |          |      |              |          |          |
| IMEM_DATA_IN<29>                   | IOB              | INPUT     | LVCMOS25             |       |          |      |              |          |          |
| IMEM_DATA_IN<30>                   | IOB              | INPUT     | LVCMOS25             |       |          |      |              |          |          |
| IMEM_DATA_IN<31>                   | IOB              | INPUT     | LVCMOS25             |       |          |      |              |          |          |
| RESET                              | IOB              | INPUT     | LVCMOS25             |       |          |      |              |          |          |
+---------------------------------------------------------------------------------------------------------------------------------------------------------+

Section 7 - RPMs
----------------

Section 8 - Guide Report
------------------------
Guide not run on this design.

Section 9 - Area Group and Partition Summary
--------------------------------------------

Partition Implementation Status
-------------------------------

  No Partitions were found in this design.

-------------------------------

Area Group Information
----------------------

  No area groups were found in this design.

----------------------

Section 10 - Timing Report
--------------------------
A logic-level (pre-route) timing report can be generated by using Xilinx static
timing analysis tools, Timing Analyzer (GUI) or TRCE (command line), with the
mapped NCD and PCF files. Please note that this timing report will be generated
using estimated delay information. For accurate numbers, please generate a
timing report with the post Place and Route NCD file.

For more information about the Timing Analyzer, consult the Xilinx Timing
Analyzer Reference Manual; for more information about TRCE, consult the Xilinx
Command Line Tools User Guide "TRACE" chapter.

Section 11 - Configuration String Details
-----------------------------------------
Use the "-detail" map option to print out Configuration Strings

Section 12 - Control Set Information
------------------------------------
Use the "-detail" map option to print out Control Set Information.

Section 13 - Utilization by Hierarchy
-------------------------------------
Use the "-detail" map option to print out the Utilization by Hierarchy section.
