asip04@i80labpc01:~/LabASIP/Session9/ASIPMeisterProjects/dlx_basis:$makeCoSy
/home/asip04/LabASIP/Session9/ASIPMeisterProjects/dlx_basis
CoSyDataATi80pc06.tgz                                                                                                                                                      100%   28KB  27.8KB/s   00:00    
cosyATi80pc06_Environment.sh                                                                                                                                               100%  969     1.0KB/s   00:00    
cosyATi80pc06_PreMKC.sh                                                                                                                                                    100% 1536     1.5KB/s   00:00    
SINAS Support enabled
Environment von i80pc06
DEVREP ist /home/asip04/devrep
MEISTERCG_DIR ist /home/asip04/COSY_dlx_basis/dlx_basis.sw
NEW IN DEVREP:
CG: /home/asip04/devrep/engines/basiscg
CC: /home/asip04/devrep/compilers/basiscc
COMPILERNAME: basiscc

BUILDTREE: /home/asip04/buildtrees/basiscc

COSY_SCRIPTS_DIR: /home/asip04/COSY_dlx_basis/i80pc06_scripts
EDL_FILES: /home/asip04/COSY_dlx_basis/i80pc06_scripts/edl
DEVREP directory is updated...
uncompressing testcc.tar.gz...
uncompressing testcg.tar.gz...
/home/asip04/devrep/engines/basiscg already exists. Now removed.
/home/asip04/devrep/compilers/basiscc already exists. Now removed.
extractcc-DEVREP ist /home/asip04/devrep
updatetree (warning): logfile: /home/asip04/devrep/engines/basiscg/cadese.LOG does not exist
updatetree (warning): /home/asip04/devrep/engines/basiscg is not an existing product
getmarked: (warning) latest delta not used in 'SCCS/s.RESTRICTIONS'
updatetree (warning): logfile: /home/asip04/devrep/compilers/basiscc/cadese.LOG does not exist
updatetree (warning): /home/asip04/devrep/compilers/basiscc is not an existing product
editing /home/asip04/devrep/engines/basiscg/asmparse/micromenu
editing /home/asip04/devrep/engines/basiscg/asmdump/micromenu
editing /home/asip04/devrep/engines/basiscg/cgd/Makefile
editing /home/asip04/devrep/engines/basiscg/emit/micromenu
editing /home/asip04/devrep/engines/basiscg/paroffset/micromenu
editing /home/asip04/devrep/engines/basiscg/misc/basiscg.tdf
ccmark: Markfile no delta added, files have same SID's (warning)
editing /home/asip04/devrep/engines/basiscg/ccreg/micromenu
editing /home/asip04/devrep/engines/basiscg/edl/basiscg.edl
ccmark: Markfile no delta added, files have same SID's (warning)
editing /home/asip04/devrep/engines/basiscg/sdl/basiscg.sdl
ccmark: Markfile no delta added, files have same SID's (warning)
editing /home/asip04/devrep/engines/basiscg/match/micromenu
editing /home/asip04/devrep/engines/basiscg/mkxir/micromenu
editing /home/asip04/devrep/engines/basiscg/setpsr/micromenu
editing /home/asip04/devrep/compilers/basiscc/micromenu
importing /home/asip04/devrep/compilers/basiscc/edl/basiscc.edl
importing /home/asip04/devrep/compilers/basiscc/edl/basiscc.ccl
remark .edl .ccl
mark basiscc.edl basiscc.ccl
unmark testcc.edl testcc.ccl
mark Markfile
EXTRACTCC - SINAS support enabled...
ccmark: Markfile no delta added, files have same SID's (warning)
BUILDTREE removed...
... compilers/basiscc
... engines/basiscg
... compilers/common
product: [warning] 128 components without specified version, using latest
... engines/beg
... engines/begsparccg
... engines/sparcswp
... engines/checkmir
... engines/dagex
... engines/echo
... engines/i586cg
... engines/ir2gdl
... engines/hwloopcheck
... engines/loopbcount
... engines/loopdump
... engines/looppragma
... engines/looprev
... engines/ndump
... engines/test
... engines/xref
... engines/alias
... engines/allocpr
... engines/alloctp
... engines/anc0
... engines/blockmerge
... engines/blockorder
... engines/cfgedges
... engines/chainflow
... engines/checkcfg
... engines/conevun
... engines/constprop
... engines/copyprop
... engines/cse
... engines/deadblock
... engines/deadcode
... engines/deadobj
... engines/deadtype
... engines/debug
... engines/defuse
... engines/defusereport
... engines/dismemun
... engines/domorder
... engines/domtree
... engines/dwarf1
... engines/dwarf2
... engines/exprprop
... engines/float2fpe
... engines/globreg
... engines/hwloopannotate
... engines/hwloopcreate
... engines/inliner
... engines/loopanalysis
... engines/loopcanon
... engines/loopfuse
... engines/loopguard
... engines/loopinvariant
... engines/loopive
... engines/loopremove
... engines/loopstrength
... engines/loopunroll
... engines/lowerbitfield
... engines/lowerboolval
... engines/lowercirc
... engines/lowercom
... engines/lowerfix
... engines/lowerhwloop
... engines/lowermaa
... engines/lowerpfc
... engines/lowerstret
... engines/lowervarargs
... engines/lrrename
... engines/misc
... engines/mkcontainers
... engines/mvpostop
... engines/noregun
... engines/pdomtree
... engines/pirtoc
... engines/pragmainline
... engines/pragmaswitch
... engines/prefix
... engines/proc2block
... engines/rcontab
... engines/resize
... engines/rodata
... engines/ropars
... engines/scalarreplace
... engines/setrefobj
... engines/setrestrict
... engines/sinasdump
... engines/sinasmultres
... engines/sinasnames
... engines/swpannotate
... engines/swploopinfo
... engines/swppragma
... engines/swpprepare
... engines/sharestring
... engines/strength
... engines/swsort
... engines/tailmerge
... engines/tailrec
... engines/tardesmix
... engines/uniqlabel
... engines/unit2proc
... engines/unnest
... engines/uswitch
... engines/utinit
... ir
... .
	.profile is new
	.proj_import is new
	Install is new
	etc/binify.sh is new
	etc/config/HPUX is new
	etc/config/Linux is new
	etc/config/Solaris is new
	etc/config/cadese is new
	etc/config/latex is new
	etc/cosycfg.sh is new
	etc/native.sh is new
	etc/profile is new
	etc/toolinstall.sh is new
	Markfile is new
... etc/config
	etc/config/SCCS is new
... buildcompiler
... src/beg
... src/begmigrate
... src/cosycc
... src/ecp
... src/ect
... src/edc
... src/ffsdc
... src/framework
... src/host
... src/product
... src/libf80
... src/libfix
... src/libx64
... src/flex
... src/libCRT
... src/libOS
... src/libc
... src/libcirc
... src/libdsp
... src/liberr
... src/libfpe
... src/libint
... src/pserver
... extern/flex-2.5.4a.tar
... postextract

MEISTERCG Files ready...
## start
## over
sed skript worked on generated meistercg files
CCMIR1...done
CCMIR2...done
operation1...done
operation2...done
addInsnInfo...done
amgen1...done
asmgen2...done
scheduler.cgd...done
cpcgd DEVREP ist /home/asip04/devrep
... etc/config/cadese
... etc/config/latex
... etc/config/Linux
Installing framework in /home/asip04/buildtrees/basiscc/build

... install src/framework
rm -f objects objects.Z
teardeconv objects.tc objects
rm -f man/man1/beng.1 man/man1/chkIRv.1 man/man1/credit.1 man/man1/creng.1 man/man1/ignorelibs.1 man/man1/installman.1 man/man1/lock.1 man/man1/maskext.1 man/man1/mkc.1 man/man1/mke.1 man/man1/mkeng.1 man/man1/mmedit.1 man/man1/nameequmap.1 man/man3/configfile_open.3 man/man3/global_configfile_open.3 man/man3/configfile_text.3 man/man3/global_configfile_text.3 man/man5/compiler.5 man/man5/engine.5 man/man5/extnames.5 include/configfiles.h include/framework.h bin/chkIRv bin/cosycfg bin/credit bin/cross bin/featuretest bin/installman bin/lock bin/mkc bin/mke bin/updifmod bin/version bin/whatstrings bin/beng bin/creng bin/printmans lib/configfiles lib/defcomm lib/defsyms lib/englink lib/ignorelibs lib/maskext lib/mkeng lib/mmedit lib/nameequmap lib/sdledit lib/syssyms lib/configtmpl.c lib/extnames lib/Solaris-sparc/harmless-warnings lib/libframework.a lib/templates/sourceinfo/C lib/templates/sourceinfo/cc lib/templates/sourceinfo/c lib/templates/sourceinfo/dot lib/templates/sourceinfo/l lib/templates/sourceinfo/m lib/templates/sourceinfo/otc lib/templates/sourceinfo/y
mkdir -p bin include lib lib/Solaris-sparc lib/templates/sourceinfo man/man1 man/man3 man/man5
tar xmf objects
rm objects
cp /dev/null objects
mkdir -p /home/asip04/buildtrees/basiscc/build/bin
cp bin/chkIRv /home/asip04/buildtrees/basiscc/build/bin/chkIRv
cp bin/credit /home/asip04/buildtrees/basiscc/build/bin/credit
cp bin/cross /home/asip04/buildtrees/basiscc/build/bin/cross
cp bin/featuretest /home/asip04/buildtrees/basiscc/build/bin/featuretest
cp bin/installman /home/asip04/buildtrees/basiscc/build/bin/installman
cp bin/lock /home/asip04/buildtrees/basiscc/build/bin/lock
cp bin/mkc /home/asip04/buildtrees/basiscc/build/bin/mkc
cp bin/mke /home/asip04/buildtrees/basiscc/build/bin/mke
cp bin/updifmod /home/asip04/buildtrees/basiscc/build/bin/updifmod
cp bin/version /home/asip04/buildtrees/basiscc/build/bin/version
cp bin/whatstrings /home/asip04/buildtrees/basiscc/build/bin/whatstrings
cp bin/beng /home/asip04/buildtrees/basiscc/build/bin/beng
cp bin/creng /home/asip04/buildtrees/basiscc/build/bin/creng
cp bin/printmans /home/asip04/buildtrees/basiscc/build/bin/printmans
mkdir -p /home/asip04/buildtrees/basiscc/build/lib
cp lib/configfiles /home/asip04/buildtrees/basiscc/build/lib/configfiles
cp lib/defcomm /home/asip04/buildtrees/basiscc/build/lib/defcomm
cp lib/defsyms /home/asip04/buildtrees/basiscc/build/lib/defsyms
cp lib/englink /home/asip04/buildtrees/basiscc/build/lib/englink
cp lib/ignorelibs /home/asip04/buildtrees/basiscc/build/lib/ignorelibs
cp lib/maskext /home/asip04/buildtrees/basiscc/build/lib/maskext
cp lib/mkeng /home/asip04/buildtrees/basiscc/build/lib/mkeng
cp lib/mmedit /home/asip04/buildtrees/basiscc/build/lib/mmedit
cp lib/nameequmap /home/asip04/buildtrees/basiscc/build/lib/nameequmap
cp lib/sdledit /home/asip04/buildtrees/basiscc/build/lib/sdledit
cp lib/syssyms /home/asip04/buildtrees/basiscc/build/lib/syssyms
cp lib/configtmpl.c /home/asip04/buildtrees/basiscc/build/lib/configtmpl.c
cp lib/extnames /home/asip04/buildtrees/basiscc/build/lib/extnames
mkdir -p /home/asip04/buildtrees/basiscc/build/lib/Solaris-sparc
cp lib/Solaris-sparc/harmless-warnings /home/asip04/buildtrees/basiscc/build/lib/Solaris-sparc/harmless-warnings
cp lib/libframework.a /home/asip04/buildtrees/basiscc/build/lib/libframework.a
[ -z "" ] ||  /home/asip04/buildtrees/basiscc/build/lib/libframework.a
mkdir -p /home/asip04/buildtrees/basiscc/build/lib/templates/sourceinfo
cp lib/templates/sourceinfo/C /home/asip04/buildtrees/basiscc/build/lib/templates/sourceinfo/C
cp lib/templates/sourceinfo/cc /home/asip04/buildtrees/basiscc/build/lib/templates/sourceinfo/cc
cp lib/templates/sourceinfo/c /home/asip04/buildtrees/basiscc/build/lib/templates/sourceinfo/c
cp lib/templates/sourceinfo/dot /home/asip04/buildtrees/basiscc/build/lib/templates/sourceinfo/dot
cp lib/templates/sourceinfo/l /home/asip04/buildtrees/basiscc/build/lib/templates/sourceinfo/l
cp lib/templates/sourceinfo/m /home/asip04/buildtrees/basiscc/build/lib/templates/sourceinfo/m
cp lib/templates/sourceinfo/otc /home/asip04/buildtrees/basiscc/build/lib/templates/sourceinfo/otc
cp lib/templates/sourceinfo/y /home/asip04/buildtrees/basiscc/build/lib/templates/sourceinfo/y
mkdir -p /home/asip04/buildtrees/basiscc/build/include
cp include/configfiles.h /home/asip04/buildtrees/basiscc/build/include/configfiles.h
cp include/framework.h /home/asip04/buildtrees/basiscc/build/include/framework.h
mkdir -p /home/asip04/buildtrees/basiscc/build/man/man1
cp man/man1/beng.1 /home/asip04/buildtrees/basiscc/build/man/man1/beng.1
cp man/man1/chkIRv.1 /home/asip04/buildtrees/basiscc/build/man/man1/chkIRv.1
cp man/man1/credit.1 /home/asip04/buildtrees/basiscc/build/man/man1/credit.1
cp man/man1/creng.1 /home/asip04/buildtrees/basiscc/build/man/man1/creng.1
cp man/man1/ignorelibs.1 /home/asip04/buildtrees/basiscc/build/man/man1/ignorelibs.1
cp man/man1/installman.1 /home/asip04/buildtrees/basiscc/build/man/man1/installman.1
cp man/man1/lock.1 /home/asip04/buildtrees/basiscc/build/man/man1/lock.1
cp man/man1/maskext.1 /home/asip04/buildtrees/basiscc/build/man/man1/maskext.1
cp man/man1/mkc.1 /home/asip04/buildtrees/basiscc/build/man/man1/mkc.1
cp man/man1/mke.1 /home/asip04/buildtrees/basiscc/build/man/man1/mke.1
cp man/man1/mkeng.1 /home/asip04/buildtrees/basiscc/build/man/man1/mkeng.1
cp man/man1/mmedit.1 /home/asip04/buildtrees/basiscc/build/man/man1/mmedit.1
cp man/man1/nameequmap.1 /home/asip04/buildtrees/basiscc/build/man/man1/nameequmap.1
mkdir -p /home/asip04/buildtrees/basiscc/build/man/man3
cp man/man3/configfile_open.3 /home/asip04/buildtrees/basiscc/build/man/man3/configfile_open.3
cp man/man3/global_configfile_open.3 /home/asip04/buildtrees/basiscc/build/man/man3/global_configfile_open.3
cp man/man3/configfile_text.3 /home/asip04/buildtrees/basiscc/build/man/man3/configfile_text.3
cp man/man3/global_configfile_text.3 /home/asip04/buildtrees/basiscc/build/man/man3/global_configfile_text.3
mkdir -p /home/asip04/buildtrees/basiscc/build/man/man5
cp man/man5/compiler.5 /home/asip04/buildtrees/basiscc/build/man/man5/compiler.5
cp man/man5/engine.5 /home/asip04/buildtrees/basiscc/build/man/man5/engine.5
cp man/man5/extnames.5 /home/asip04/buildtrees/basiscc/build/man/man5/extnames.5


... install src/flex
cp -f lex.1.template /home/asip04/buildtrees/basiscc/build/man/man1/lex.1
tar -xf /home/asip04/buildtrees/basiscc/build/extern/flex-2.5.4a.tar
# Now we have flex-2.5.4
touch unpackdone
cp -f flex-2.5.4/flex.1 /home/asip04/buildtrees/basiscc/build/man/man1/flex.1
cp -f lex.template /home/asip04/buildtrees/basiscc/build/bin/lex
chmod +x /home/asip04/buildtrees/basiscc/build/bin/lex
( cd flex-2.5.4 ; \
  MAKE=make sh ./configure ; \
  echo RANLIB is ${RANLIB:=ls} ; \
  export $RANLIB ; \
  make CC=cc AR=ar CFLAGS="-O" RANLIB=$RANLIB flex )
creating cache ./config.cache
checking whether ln -s works... yes
checking for bison... no
checking for byacc... no
checking for gcc... cc
checking whether we are using GNU C... yes
checking whether cc accepts -g... yes
checking for ranlib... ranlib
checking for a BSD compatible install... /usr/bin/install -c
checking whether make sets $MAKE... yes
checking for working const... yes
checking how to run the C preprocessor... cc -E
checking whether cross-compiling... no
checking for ANSI C header files... yes
checking for size_t... yes
checking for ANSI C header files... (cached) yes
checking for string.h... yes
checking for malloc.h... yes
checking for sys/types.h... yes
updating cache ./config.cache
creating ./config.status
creating Makefile
creating config.h
RANLIB is ls
make[1]: Entering directory `/home/asip04/buildtrees/basiscc/build/src/flex/flex-2.5.4'
cp ./initscan.c scan.c
touch .bootstrap
cc -c -I. -I. -O ccl.c
cc -c -I. -I. -O dfa.c
cc -c -I. -I. -O ecs.c
cc -c -I. -I. -O gen.c
cc -c -I. -I. -O main.c
cc -c -I. -I. -O misc.c
cc -c -I. -I. -O nfa.c
yacc -d ./parse.y
cc -c -I. -I. -O parse.c
cc -c -I. -I. -O scan.c
cc -c -I. -I. -O skel.c
cc -c -I. -I. -O sym.c
cc -c -I. -I. -O tblcmp.c
cc -c -I. -I. -O yylex.c
cc -c -I. -I. -O libmain.c
cc -c -I. -I. -O libyywrap.c
ar cru libfl.a libmain.o libyywrap.o
ls libfl.a
libfl.a
cc -O -o flex  ccl.o dfa.o ecs.o gen.o main.o misc.o nfa.o parse.o scan.o skel.o sym.o tblcmp.o yylex.o  libfl.a 
make[1]: Leaving directory `/home/asip04/buildtrees/basiscc/build/src/flex/flex-2.5.4'
touch compiledone
cp -f flex-2.5.4/flex /home/asip04/buildtrees/basiscc/build/bin/flex


... install src/cosycc
rm -f objects objects.Z
teardeconv objects.tc objects
rm -f man/man1/cosycc.1 bin/cosycc lib/cosycpp lib/cosycppchk
mkdir -p bin lib man/man1
tar xmf objects
rm objects
cp /dev/null objects
cp bin/cosycc /home/asip04/buildtrees/basiscc/build/bin/cosycc
cp lib/cosycpp /home/asip04/buildtrees/basiscc/build/lib/cosycpp
cp lib/cosycppchk /home/asip04/buildtrees/basiscc/build/lib/cosycppchk
cp man/man1/cosycc.1 /home/asip04/buildtrees/basiscc/build/man/man1/cosycc.1


... install src/product
rm -f objects objects.Z
teardeconv objects.tc objects
rm -f man/man1/product.1 man/man1/mkproduct.1 man/man5/components.5 bin/product bin/mkproduct lib/product-vci/cvs lib/product-vci/template
mkdir -p bin lib/product-vci man/man1 man/man5
tar xmf objects
rm objects
cp /dev/null objects
cp bin/product /home/asip04/buildtrees/basiscc/build/bin/product
cp bin/mkproduct /home/asip04/buildtrees/basiscc/build/bin/mkproduct
mkdir -p /home/asip04/buildtrees/basiscc/build/lib/product-vci
cp lib/product-vci/cvs /home/asip04/buildtrees/basiscc/build/lib/product-vci/cvs
cp lib/product-vci/template /home/asip04/buildtrees/basiscc/build/lib/product-vci/template
cp man/man1/product.1 /home/asip04/buildtrees/basiscc/build/man/man1/product.1
cp man/man1/mkproduct.1 /home/asip04/buildtrees/basiscc/build/man/man1/mkproduct.1
cp man/man5/components.5 /home/asip04/buildtrees/basiscc/build/man/man5/components.5


... install src/ffsdc
rm -f objects objects.Z
teardeconv objects.tc objects
rm -f man/man1/fsdc.1 include/DMCPabort.h bin/fsdc
mkdir -p bin include man/man1
tar xmf objects
rm objects
cp /dev/null objects
cp bin/fsdc /home/asip04/buildtrees/basiscc/build/bin/fsdc
cp include/DMCPabort.h /home/asip04/buildtrees/basiscc/build/include/DMCPabort.h
cp man/man1/fsdc.1 /home/asip04/buildtrees/basiscc/build/man/man1/fsdc.1


... install src/edc
rm -f objects objects.Z
teardeconv objects.tc objects
rm -f man/man1/mkoptions.1 man/man1/edc.1 bin/mkoptions bin/edc
mkdir -p bin man/man1
tar xmf objects
rm objects
cp /dev/null objects
cp bin/mkoptions /home/asip04/buildtrees/basiscc/build/bin/mkoptions
cp bin/edc /home/asip04/buildtrees/basiscc/build/bin/edc
cp man/man1/mkoptions.1 /home/asip04/buildtrees/basiscc/build/man/man1/mkoptions.1
cp man/man1/edc.1 /home/asip04/buildtrees/basiscc/build/man/man1/edc.1


... install src/ect
rm -f objects objects.Z
teardeconv objects.tc objects
rm -f lib/ect/super.ect lib/ect/debug_c.ect lib/ect/debug_h.ect lib/ect/out.ect lib/ect/make.ect lib/ect/head.ect lib/ect/top.ect lib/ect/envelope.ect lib/ect/upcall.ect lib/ect/dpar.ect lib/ect/fork.ect lib/ect/pipe.ect lib/ect/simp.ect lib/ect/opti.ect lib/ect/serv_env.ect lib/ect/entry.ect lib/ect/eselect.ect lib/ect/specwalk.ect lib/ect/refstrip.ect
mkdir -p lib/ect
tar xmf objects
rm objects
cp /dev/null objects
mkdir -p /home/asip04/buildtrees/basiscc/build/lib/ect
cp lib/ect/super.ect /home/asip04/buildtrees/basiscc/build/lib/ect/super.ect
cp lib/ect/debug_c.ect /home/asip04/buildtrees/basiscc/build/lib/ect/debug_c.ect
cp lib/ect/debug_h.ect /home/asip04/buildtrees/basiscc/build/lib/ect/debug_h.ect
cp lib/ect/out.ect /home/asip04/buildtrees/basiscc/build/lib/ect/out.ect
cp lib/ect/make.ect /home/asip04/buildtrees/basiscc/build/lib/ect/make.ect
cp lib/ect/head.ect /home/asip04/buildtrees/basiscc/build/lib/ect/head.ect
cp lib/ect/top.ect /home/asip04/buildtrees/basiscc/build/lib/ect/top.ect
cp lib/ect/envelope.ect /home/asip04/buildtrees/basiscc/build/lib/ect/envelope.ect
cp lib/ect/upcall.ect /home/asip04/buildtrees/basiscc/build/lib/ect/upcall.ect
cp lib/ect/dpar.ect /home/asip04/buildtrees/basiscc/build/lib/ect/dpar.ect
cp lib/ect/fork.ect /home/asip04/buildtrees/basiscc/build/lib/ect/fork.ect
cp lib/ect/pipe.ect /home/asip04/buildtrees/basiscc/build/lib/ect/pipe.ect
cp lib/ect/simp.ect /home/asip04/buildtrees/basiscc/build/lib/ect/simp.ect
cp lib/ect/opti.ect /home/asip04/buildtrees/basiscc/build/lib/ect/opti.ect
cp lib/ect/serv_env.ect /home/asip04/buildtrees/basiscc/build/lib/ect/serv_env.ect
cp lib/ect/entry.ect /home/asip04/buildtrees/basiscc/build/lib/ect/entry.ect
cp lib/ect/eselect.ect /home/asip04/buildtrees/basiscc/build/lib/ect/eselect.ect
cp lib/ect/specwalk.ect /home/asip04/buildtrees/basiscc/build/lib/ect/specwalk.ect
cp lib/ect/refstrip.ect /home/asip04/buildtrees/basiscc/build/lib/ect/refstrip.ect


... install src/begmigrate
rm -f objects objects.Z
teardeconv objects.tc objects
rm -f bin/begmigrate
mkdir -p bin
tar xmf objects
rm objects
cp /dev/null objects
cp bin/begmigrate /home/asip04/buildtrees/basiscc/build/bin/begmigrate


... install src/beg
rm -f objects objects.Z
teardeconv objects.tc objects
rm -f man/man1/beg.1 bin/beg lib/Beg lib/gcg/gra/alloc.c lib/gcg/gra/calc.c lib/gcg/gra/cfglive.c lib/gcg/gra/coalesce.c lib/gcg/gra/color.c lib/gcg/gra/copy.c lib/gcg/gra/graph.c lib/gcg/gra/interfere.c lib/gcg/gra/locgra.h lib/gcg/gra/misc.c lib/gcg/gra/number.c lib/gcg/gra/printinstr.c lib/gcg/gra/regclass.c lib/gcg/gra/restrict.c lib/gcg/gra/simplify.c lib/gcg/gra/spill.c lib/gcg/gra/tables.c lib/gcg/sched/Bonus.c lib/gcg/sched/Bonus.h lib/gcg/sched/SMS.c lib/gcg/sched/SMS.h lib/gcg/sched/Scheduler.c lib/gcg/sched/Scheduler.h lib/gcg/ddg/Constrain.c lib/gcg/ddg/Constrain.h lib/gcg/ddg/DDG.c lib/gcg/ddg/DDG.h lib/gcg/sdl/gcg.sdl lib/gcg/sdl/gcgopq.sdl lib/gcg/sdl/lirdg.sdl lib/gcg/sdl/lir.sdl lib/gcg/sdl/printddg.sdl lib/gcg/sdl/psrlife.sdl lib/gcg/sdl/sms.sdl lib/gcg/sdl/sps.sdl lib/dottool
mkdir -p bin lib lib/gcg/ddg lib/gcg/gra lib/gcg/sched lib/gcg/sdl man/man1
tar xmf objects
rm objects
cp /dev/null objects
cp bin/beg /home/asip04/buildtrees/basiscc/build/bin/beg
cp lib/Beg /home/asip04/buildtrees/basiscc/build/lib/Beg
mkdir -p /home/asip04/buildtrees/basiscc/build/lib/gcg/gra
cp lib/gcg/gra/alloc.c /home/asip04/buildtrees/basiscc/build/lib/gcg/gra/alloc.c
cp lib/gcg/gra/calc.c /home/asip04/buildtrees/basiscc/build/lib/gcg/gra/calc.c
cp lib/gcg/gra/cfglive.c /home/asip04/buildtrees/basiscc/build/lib/gcg/gra/cfglive.c
cp lib/gcg/gra/coalesce.c /home/asip04/buildtrees/basiscc/build/lib/gcg/gra/coalesce.c
cp lib/gcg/gra/color.c /home/asip04/buildtrees/basiscc/build/lib/gcg/gra/color.c
cp lib/gcg/gra/copy.c /home/asip04/buildtrees/basiscc/build/lib/gcg/gra/copy.c
cp lib/gcg/gra/graph.c /home/asip04/buildtrees/basiscc/build/lib/gcg/gra/graph.c
cp lib/gcg/gra/interfere.c /home/asip04/buildtrees/basiscc/build/lib/gcg/gra/interfere.c
cp lib/gcg/gra/locgra.h /home/asip04/buildtrees/basiscc/build/lib/gcg/gra/locgra.h
cp lib/gcg/gra/misc.c /home/asip04/buildtrees/basiscc/build/lib/gcg/gra/misc.c
cp lib/gcg/gra/number.c /home/asip04/buildtrees/basiscc/build/lib/gcg/gra/number.c
cp lib/gcg/gra/printinstr.c /home/asip04/buildtrees/basiscc/build/lib/gcg/gra/printinstr.c
cp lib/gcg/gra/regclass.c /home/asip04/buildtrees/basiscc/build/lib/gcg/gra/regclass.c
cp lib/gcg/gra/restrict.c /home/asip04/buildtrees/basiscc/build/lib/gcg/gra/restrict.c
cp lib/gcg/gra/simplify.c /home/asip04/buildtrees/basiscc/build/lib/gcg/gra/simplify.c
cp lib/gcg/gra/spill.c /home/asip04/buildtrees/basiscc/build/lib/gcg/gra/spill.c
cp lib/gcg/gra/tables.c /home/asip04/buildtrees/basiscc/build/lib/gcg/gra/tables.c
mkdir -p /home/asip04/buildtrees/basiscc/build/lib/gcg/sched
cp lib/gcg/sched/Bonus.c /home/asip04/buildtrees/basiscc/build/lib/gcg/sched/Bonus.c
cp lib/gcg/sched/Bonus.h /home/asip04/buildtrees/basiscc/build/lib/gcg/sched/Bonus.h
cp lib/gcg/sched/SMS.c /home/asip04/buildtrees/basiscc/build/lib/gcg/sched/SMS.c
cp lib/gcg/sched/SMS.h /home/asip04/buildtrees/basiscc/build/lib/gcg/sched/SMS.h
cp lib/gcg/sched/Scheduler.c /home/asip04/buildtrees/basiscc/build/lib/gcg/sched/Scheduler.c
cp lib/gcg/sched/Scheduler.h /home/asip04/buildtrees/basiscc/build/lib/gcg/sched/Scheduler.h
mkdir -p /home/asip04/buildtrees/basiscc/build/lib/gcg/ddg
cp lib/gcg/ddg/Constrain.c /home/asip04/buildtrees/basiscc/build/lib/gcg/ddg/Constrain.c
cp lib/gcg/ddg/Constrain.h /home/asip04/buildtrees/basiscc/build/lib/gcg/ddg/Constrain.h
cp lib/gcg/ddg/DDG.c /home/asip04/buildtrees/basiscc/build/lib/gcg/ddg/DDG.c
cp lib/gcg/ddg/DDG.h /home/asip04/buildtrees/basiscc/build/lib/gcg/ddg/DDG.h
mkdir -p /home/asip04/buildtrees/basiscc/build/lib/gcg/sdl
cp lib/gcg/sdl/gcg.sdl /home/asip04/buildtrees/basiscc/build/lib/gcg/sdl/gcg.sdl
cp lib/gcg/sdl/gcgopq.sdl /home/asip04/buildtrees/basiscc/build/lib/gcg/sdl/gcgopq.sdl
cp lib/gcg/sdl/lirdg.sdl /home/asip04/buildtrees/basiscc/build/lib/gcg/sdl/lirdg.sdl
cp lib/gcg/sdl/lir.sdl /home/asip04/buildtrees/basiscc/build/lib/gcg/sdl/lir.sdl
cp lib/gcg/sdl/printddg.sdl /home/asip04/buildtrees/basiscc/build/lib/gcg/sdl/printddg.sdl
cp lib/gcg/sdl/psrlife.sdl /home/asip04/buildtrees/basiscc/build/lib/gcg/sdl/psrlife.sdl
cp lib/gcg/sdl/sms.sdl /home/asip04/buildtrees/basiscc/build/lib/gcg/sdl/sms.sdl
cp lib/gcg/sdl/sps.sdl /home/asip04/buildtrees/basiscc/build/lib/gcg/sdl/sps.sdl
cp lib/dottool /home/asip04/buildtrees/basiscc/build/lib/dottool
cp man/man1/beg.1 /home/asip04/buildtrees/basiscc/build/man/man1/beg.1


... install src/liberr
make liberr.a
... creating menu file
... creating Makefile
warning: include file stdarg.h (included from ../src/handler.c) not found
warning: 'include' search path not used
make[1]: Entering directory `/home/asip04/buildtrees/basiscc/build/src/liberr/ARCH'
make[1]: Nothing to be done for `../Markfile'.
mkdir -p obj
touch obj/.dir
cc -c -O -Iinclude -I../include    ../src/handler.c
mv handler.o obj/handler.o
cc -c -O -Iinclude -I../include    ../src/info.c
mv info.o obj/info.o
version -f ../Markfile liberr.a > obj/LIBVersion.c
version -i \
 -f ../Markfile  liberr.a > obj/Version.c
cc -c  -Iinclude -I../include  -O  obj/Version.c
cc -c  -Iinclude -I../include  -O  obj/LIBVersion.c
ar r liberr.a Version.o LIBVersion.o obj/handler.o obj/info.o 
rm -f obj/Version.c obj/LIBVersion.c Version.o LIBVersion.o
make[1]: Leaving directory `/home/asip04/buildtrees/basiscc/build/src/liberr/ARCH'
cp ARCH/liberr.a /home/asip04/buildtrees/basiscc/build/lib/Linux-ix86/liberr.a
cp include/liberr.h /home/asip04/buildtrees/basiscc/build/include/Linux-ix86/liberr.h


... install src/libx64
rm -f objects objects.Z
teardeconv objects.tc objects
rm -f include/Linux-ix86/x64.h lib/Linux-ix86/libx64.a
mkdir -p include/Linux-ix86 lib/Linux-ix86
tar xmf objects
rm objects
cp /dev/null objects
mkdir -p /home/asip04/buildtrees/basiscc/build/lib/Linux-ix86
cp lib/Linux-ix86/libx64.a /home/asip04/buildtrees/basiscc/build/lib/Linux-ix86/libx64.a
[ -z "" ] ||  /home/asip04/buildtrees/basiscc/build/lib/Linux-ix86/libx64.a
mkdir -p /home/asip04/buildtrees/basiscc/build/include/Linux-ix86
cp include/Linux-ix86/x64.h /home/asip04/buildtrees/basiscc/build/include/Linux-ix86/x64.h


... install src/libf80
rm -f objects objects.Z
teardeconv objects.tc objects
rm -f include/Linux-ix86/f80.h include/Linux-ix86/f80e.h lib/Linux-ix86/libf80.a
mkdir -p include/Linux-ix86 lib/Linux-ix86
tar xmf objects
rm objects
cp /dev/null objects
cp lib/Linux-ix86/libf80.a /home/asip04/buildtrees/basiscc/build/lib/Linux-ix86/libf80.a
[ -z "" ] ||  /home/asip04/buildtrees/basiscc/build/lib/Linux-ix86/libf80.a
cp include/Linux-ix86/f80.h /home/asip04/buildtrees/basiscc/build/include/Linux-ix86/f80.h
cp include/Linux-ix86/f80e.h /home/asip04/buildtrees/basiscc/build/include/Linux-ix86/f80e.h


... install src/libfix
rm -f objects objects.Z
teardeconv objects.tc objects
rm -f include/Linux-ix86/fix.h include/Linux-ix86/ufix.h include/Linux-ix86/libfix.h lib/Linux-ix86/libfix.a
mkdir -p include/Linux-ix86 lib/Linux-ix86
tar xmf objects
rm objects
cp /dev/null objects
cp lib/Linux-ix86/libfix.a /home/asip04/buildtrees/basiscc/build/lib/Linux-ix86/libfix.a
[ -z "" ] ||  /home/asip04/buildtrees/basiscc/build/lib/Linux-ix86/libfix.a
cp include/Linux-ix86/fix.h /home/asip04/buildtrees/basiscc/build/include/Linux-ix86/fix.h
cp include/Linux-ix86/ufix.h /home/asip04/buildtrees/basiscc/build/include/Linux-ix86/ufix.h
cp include/Linux-ix86/libfix.h /home/asip04/buildtrees/basiscc/build/include/Linux-ix86/libfix.h


... install src/host
rm -f objects objects.Z
teardeconv objects.tc objects
rm -f man/man3/host.3 include/Linux-ix86/host.h lib/Linux-ix86/libhost.a
mkdir -p include/Linux-ix86 lib/Linux-ix86 man/man3
tar xmf objects
rm objects
cp /dev/null objects
cp lib/Linux-ix86/libhost.a /home/asip04/buildtrees/basiscc/build/lib/Linux-ix86/libhost.a
[ -z "" ] ||  /home/asip04/buildtrees/basiscc/build/lib/Linux-ix86/libhost.a
cp include/Linux-ix86/host.h /home/asip04/buildtrees/basiscc/build/include/Linux-ix86/host.h
cp man/man3/host.3 /home/asip04/buildtrees/basiscc/build/man/man3/host.3


... install src/ecp
rm -f objects objects.Z
teardeconv objects.tc objects
rm -f man/man3/cdpAlloc.3 man/man3/cdpFree.3 man/man3/cdpRealloc.3 man/man3/ecp.3 man/man3/eetci.3 man/man3/engineGetErrorCount.3 man/man3/engineSetMaxerr.3 man/man3/err.3 man/man3/errQuitOnPending.3 man/man3/option.3 man/man3/optionDefine.3 man/man3/optionGet.3 man/man3/optionGetLast.3 man/man3/optionGetLastInt.3 man/man3/optionGetLastBool.3 man/man3/optionGetMax.3 man/man3/optionIsSet.3 man/man3/optionType.3 include/Linux-ix86/assert.h include/Linux-ix86/ecp.h include/Linux-ix86/engine.h include/Linux-ix86/ecp_print.h include/Linux-ix86/ecp_err.h include/Linux-ix86/err.h include/Linux-ix86/extensions.h include/Linux-ix86/lock.h include/Linux-ix86/misc.h include/Linux-ix86/option.h include/Linux-ix86/pools.h include/Linux-ix86/eetci.h include/Linux-ix86/sem.h include/Linux-ix86/queue.h include/Linux-ix86/aggrseries.h include/Linux-ix86/aggrblock.h bin/Linux-ix86/ipcrmall lib/Linux-ix86/libecp.a lib/Linux-ix86/libecp-debug.a
mkdir -p bin/Linux-ix86 include/Linux-ix86 lib/Linux-ix86 man/man3
tar xmf objects
rm objects
cp /dev/null objects
mkdir -p /home/asip04/buildtrees/basiscc/build/bin/Linux-ix86
cp bin/Linux-ix86/ipcrmall /home/asip04/buildtrees/basiscc/build/bin/Linux-ix86/ipcrmall
cp lib/Linux-ix86/libecp.a /home/asip04/buildtrees/basiscc/build/lib/Linux-ix86/libecp.a
[ -z "" ] ||  /home/asip04/buildtrees/basiscc/build/lib/Linux-ix86/libecp.a
cp lib/Linux-ix86/libecp-debug.a /home/asip04/buildtrees/basiscc/build/lib/Linux-ix86/libecp-debug.a
[ -z "" ] ||  /home/asip04/buildtrees/basiscc/build/lib/Linux-ix86/libecp-debug.a
cp include/Linux-ix86/assert.h /home/asip04/buildtrees/basiscc/build/include/Linux-ix86/assert.h
cp include/Linux-ix86/ecp.h /home/asip04/buildtrees/basiscc/build/include/Linux-ix86/ecp.h
cp include/Linux-ix86/engine.h /home/asip04/buildtrees/basiscc/build/include/Linux-ix86/engine.h
cp include/Linux-ix86/ecp_print.h /home/asip04/buildtrees/basiscc/build/include/Linux-ix86/ecp_print.h
cp include/Linux-ix86/ecp_err.h /home/asip04/buildtrees/basiscc/build/include/Linux-ix86/ecp_err.h
cp include/Linux-ix86/err.h /home/asip04/buildtrees/basiscc/build/include/Linux-ix86/err.h
cp include/Linux-ix86/extensions.h /home/asip04/buildtrees/basiscc/build/include/Linux-ix86/extensions.h
cp include/Linux-ix86/lock.h /home/asip04/buildtrees/basiscc/build/include/Linux-ix86/lock.h
cp include/Linux-ix86/misc.h /home/asip04/buildtrees/basiscc/build/include/Linux-ix86/misc.h
cp include/Linux-ix86/option.h /home/asip04/buildtrees/basiscc/build/include/Linux-ix86/option.h
cp include/Linux-ix86/pools.h /home/asip04/buildtrees/basiscc/build/include/Linux-ix86/pools.h
cp include/Linux-ix86/eetci.h /home/asip04/buildtrees/basiscc/build/include/Linux-ix86/eetci.h
cp include/Linux-ix86/sem.h /home/asip04/buildtrees/basiscc/build/include/Linux-ix86/sem.h
cp include/Linux-ix86/queue.h /home/asip04/buildtrees/basiscc/build/include/Linux-ix86/queue.h
cp include/Linux-ix86/aggrseries.h /home/asip04/buildtrees/basiscc/build/include/Linux-ix86/aggrseries.h
cp include/Linux-ix86/aggrblock.h /home/asip04/buildtrees/basiscc/build/include/Linux-ix86/aggrblock.h
cp man/man3/cdpAlloc.3 /home/asip04/buildtrees/basiscc/build/man/man3/cdpAlloc.3
cp man/man3/cdpFree.3 /home/asip04/buildtrees/basiscc/build/man/man3/cdpFree.3
cp man/man3/cdpRealloc.3 /home/asip04/buildtrees/basiscc/build/man/man3/cdpRealloc.3
cp man/man3/ecp.3 /home/asip04/buildtrees/basiscc/build/man/man3/ecp.3
cp man/man3/eetci.3 /home/asip04/buildtrees/basiscc/build/man/man3/eetci.3
cp man/man3/engineGetErrorCount.3 /home/asip04/buildtrees/basiscc/build/man/man3/engineGetErrorCount.3
cp man/man3/engineSetMaxerr.3 /home/asip04/buildtrees/basiscc/build/man/man3/engineSetMaxerr.3
cp man/man3/err.3 /home/asip04/buildtrees/basiscc/build/man/man3/err.3
cp man/man3/errQuitOnPending.3 /home/asip04/buildtrees/basiscc/build/man/man3/errQuitOnPending.3
cp man/man3/option.3 /home/asip04/buildtrees/basiscc/build/man/man3/option.3
cp man/man3/optionDefine.3 /home/asip04/buildtrees/basiscc/build/man/man3/optionDefine.3
cp man/man3/optionGet.3 /home/asip04/buildtrees/basiscc/build/man/man3/optionGet.3
cp man/man3/optionGetLast.3 /home/asip04/buildtrees/basiscc/build/man/man3/optionGetLast.3
cp man/man3/optionGetLastInt.3 /home/asip04/buildtrees/basiscc/build/man/man3/optionGetLastInt.3
cp man/man3/optionGetLastBool.3 /home/asip04/buildtrees/basiscc/build/man/man3/optionGetLastBool.3
cp man/man3/optionGetMax.3 /home/asip04/buildtrees/basiscc/build/man/man3/optionGetMax.3
cp man/man3/optionIsSet.3 /home/asip04/buildtrees/basiscc/build/man/man3/optionIsSet.3
cp man/man3/optionType.3 /home/asip04/buildtrees/basiscc/build/man/man3/optionType.3

... created elist.sdl
... created list.sdl
... created dmap.sdl
... created smap.sdl
-------------------------------------------------------------------------------
Installing manpages for compiler common sources
  options.5
-------------------------------------------------------------------------------
-------------------------------------------------------------------------------
Installing engine manpages
  asmparse.3         asmdump.3          datagen.3          emit.3
  match.3            ccreg.3            paroffset.3        setpsr.3
  mkxir.3            checklir.3         cleanlir.3         combine.3
  ddg.3              dumplir.3          gra.3              initlir.3
  proc2region.3      psrlife.3          reload2move.3      rulestat.3
  sched.3            sinkregion.3       spillcolor.3       blow.3
  blowun.3           lowparm.3          sparccontrol.3     sparcemit.3
  sparcgra.3         sparcmatch.3       sparcsched.3       tempos.3
  checkmir.3         dagex.3            echo.3             i586cg.3
  ir2gdl.3           hwloopcheck.3      loopbcount.3       loopdump.3
  looppragma.3       looprev.3          ndump.3            test.3
  xref.3             alias.3            allocpr.3          alloctp.3
  anc0.3             blockmerge.3       blockorder.3       cfgedges.3
  chainflow.3        checkcfg.3         conevun.3          constprop.3
  copyprop.3         cse.3              deadblock.3        deadcode.3
  deadobj.3          deadtype.3         debug.3            defuse.3
  defusereport.3     dismemun.3         domorder.3         domtree.3
  dwarf1.3           dwarf2.3           exprprop.3         float2fpe.3
  globreg.3          hwloopannotate.3   hwloopcreate.3     inliner.3
  loopanalysis.3     loopcanon.3        loopfuse.3         loopguard.3
  loopinvariant.3    loopive.3          loopremove.3       loopstrength.3
  loopunroll.3       lowerbitfield.3    lowerboolval.3     lowercirc.3
  lowercom.3         lowerfix.3         lowerhwloop.3      lowermaa.3
  lowerpfc.3         lowerstret.3       lowervarargs.3     lrrename.3
  misc.3             mkcontainers.3     mvpostop.3         noregun.3
  pdomtree.3         pirtoc.3           pragmainline.3     pragmaswitch.3
  prefix.3           proc2block.3       rcontab.3          resize.3
  rodata.3           ropars.3           scalarreplace.3    setrefobj.3
  setrestrict.3      sinasdump.3        sinasmultres.3     sinasnames.3
  swpannotate.3      swploopinfo.3      swppragma.3        swpprepare.3
  sharestring.3      strength.3         swsort.3           tailmerge.3
  tailrec.3          tardesmix.3        uniqlabel.3        unit2proc.3
  unnest.3           uswitch.3          utinit.3
-------------------------------------------------------------------------------
Creating symbol tables for Linux-ix86 libraries
	... system
nm: old_atexit.o: no symbols
nm: udiv_qrnnd.o: no symbols
nm: mp_clz_tab.o: no symbols
nm: getopt_init.o: no symbols
nm: init-posix.o: no symbols
nm: lseek64.o: no symbols
nm: oldgetrlimit64.o: no symbols
nm: getutmpx.o: no symbols
nm: dl-tls.o: no symbols
nm: t_exp.o: no symbols
nm: e_rem_pio2.o: no symbols
nm: k_cos.o: no symbols
nm: k_rem_pio2.o: no symbols
nm: k_sin.o: no symbols
nm: s_scalbln.o: no symbols
nm: e_rem_pio2f.o: no symbols
nm: k_rem_pio2f.o: no symbols
nm: s_scalblnf.o: no symbols
nm: e_rem_pio2l.o: no symbols
nm: k_rem_pio2l.o: no symbols
nm: s_nexttowardl.o: no symbols
nm: s_scalblnl.o: no symbols
nm: t_sincosl.o: no symbols
nm: k_sincosl.o: no symbols
nm: branred.o: no symbols
nm: doasin.o: no symbols
nm: dosincos.o: no symbols
nm: halfulp.o: no symbols
nm: mpa.o: no symbols
nm: mpatan2.o: no symbols
nm: mpatan.o: no symbols
nm: mpexp.o: no symbols
nm: mplog.o: no symbols
nm: mpsqrt.o: no symbols
nm: mptan.o: no symbols
nm: sincos32.o: no symbols
nm: slowexp.o: no symbols
nm: slowpow.o: no symbols
	... libecp
	... libecp-debug
	... liberr
	... libf80
	... libfix
	... libhost
	... libx64

----------------------------------------------------------------------------------------------------------------
The compiler is going to be compiled now (i.e. mkc=MakeCompiler is executed now). This might take some time.....
----------------------------------------------------------------------------------------------------------------
CoSy installed successfully in /home/asip04/buildtrees/basiscc/build

Compiler has been build. Press Control-C to continue.

basiscc                                                                                                                                                                    100% 5975KB   5.8MB/s   00:00    

Compiler Generation finished!

asip04@i80labpc01:~/LabASIP/Session9/ASIPMeisterProjects/dlx_basis:$
