ISim log file
Running: /home/asip04/WS17/Session8b/ASIPMeisterProjects/brownie/ISEUART5f2/TB_isim_beh.exe -intstyle ise -gui -tclbatch /home/asip04/WS17/Session8b/ASIPMeisterProjects/brownie/ISEUART5f2/isim_sajjad.cmd -wdb /home/asip04/WS17/Session8b/ASIPMeisterProjects/brownie/ISEUART5f2/TB_isim_beh.wdb 
ISim O.61xd (signature 0x84a0141b)
----------------------------------------------------------------------
INFO:Security:67 - XILINXD_LICENSE_FILE is set to '2100@i80pdc.irf.uni-karlsruhe.de' in /home/asip04/.flexlmrc.
INFO:Security:50 - The XILINXD_LICENSE_FILE environment variable is set to '2100@i80pdc.irf.uni-karlsruhe.de'.
INFO:Security:52 - The LM_LICENSE_FILE environment variable is set to '1717@scclic2.scc.kit.edu:'.
WARNING:Security:43 - No license file was found in the standard Xilinx license directory.
WARNING:Security:44 - No license file was found.
       Please run the Xilinx License Configuration Manager
       (xlcm or "Manage Xilinx Licenses")
       to assist in obtaining a license.
WARNING:Security:42 - Your software subscription period has lapsed. Your current version of Xilinx tools will continue to function, but you no longer qualify for Xilinx software updates or new releases.


----------------------------------------------------------------------
This is a Full version of ISim.
Time resolution is 1 ps
# onerror resume
# wave add -name CLK_IN -radix hex /TB/clk_in
# wave add -name CLK_100 -radix hex /TB/uut/clk_100
# wave add -name RST -radix hex /TB/uut/reset
# wave add -name RST_CPU -radix hex /TB/uut/reset_cpu
# divider add PC
# wave add -name PC -radix hex /TB/uut/CPU0/uf_pc/data_out
# wave add -name IR -radix hex /TB/uut/CPU0/uf_ir/data_out
# wave add -name PC -radix hex /TB/uut/CPU0/uf_pc/data_out
# wave add -name IR -radix hex /TB/uut/CPU0/uf_ir/data_out
# divider add IM
# wave add -name IM_addr_out -radix hex /TB/uut/CPU0/uf_imau/addr2mem
# wave add -name IM_data_in -radix hex /TB/uut/CPU0/uf_imau/data2cpu
# divider add DM
# wave add -color #00FFFF -name DM_addr_out -radix hex /TB/uut/CPU0/uf_dmau/addr_out
# wave add -color #00FFFF -name DM_data_out -radix hex /TB/uut/CPU0/uf_dmau/data2mem
# wave add -color #00FFFF -name DM_data_in -radix hex /TB/uut/CPU0/uf_dmau/data2cpu
# wave add -color #00FFFF -name DM_req_out /TB/uut/CPU0/uf_dmau/req2mem
# wave add -color #00FFFF -name DM_ack_in /TB/uut/CPU0/uf_dmau/ack2cpu
# wave add -color #00FFFF -name DM_rw -radix hex /TB/uut/CPU0/uf_dmau/rw2mem
# wave add -color #00FFFF -name DM_mode -radix hex /TB/uut/CPU0/uf_dmau/mode_out
# wave add -color #00FFFF -name DM_ext -radix hex /TB/uut/CPU0/uf_dmau/ext2mem
# divider add TX
# wave add -color #00FF1F -name TxClk -radix hex /TB/uut/uTx/clk
# wave add -color #00FF1F -name TxBaud -radix hex /TB/uut/uTx/en_16_x_baud
# wave add -color #00FF1F -name TxDataIn -radix hex /TB/uut/uTx/data_in
# wave add -color #00FF1F -name TxOut -radix hex /TB/uut/uTx/serial_out
# wave add -color #00FF1F -name MMapSel -radix hex /TB/uut/uMM/selector
# wave add -name EXTCATCH_OUT /TB/uut/CPU0/extcatch_out
# divider add STAGES
# wave add -name bran_acc_IF -radix hex /TB/uut/CPU0/ua_ctrl/branch_acc_if
# wave add -name bran_acc_ID -radix hex /TB/uut/CPU0/ua_ctrl/branch_acc_id
# wave add -name bran_acc_EXE -radix hex /TB/uut/CPU0/ua_ctrl/branch_acc_exe
# wave add -name bran_acc_WB -radix hex /TB/uut/CPU0/ua_ctrl/branch_acc_wb
# wave add -name valid_IF -radix hex /TB/uut/CPU0/ua_ctrl/valid_stage_if
# wave add -name valid_ID -radix hex /TB/uut/CPU0/ua_ctrl/valid_stage_id
# wave add -name valid_EXE -radix hex /TB/uut/CPU0/ua_ctrl/valid_stage_exe
# wave add -name valid_WB -radix hex /TB/uut/CPU0/ua_ctrl/valid_stage_wb
# divider add GPR
# wave add -name FLAG -radix hex /TB/uut/CPU0/uf_gpr/flag_reg/data_out
# wave add -name STATUS -radix hex /TB/uut/CPU0/uf_gpr/streg/data_out
# wave add -name GPR1 -radix hex /TB/uut/CPU0/uf_gpr/status_out
# wave add -name GPR2 -radix hex /TB/uut/CPU0/uf_gpr/reg2/data_out
# wave add -name GPR3 -radix hex /TB/uut/CPU0/uf_gpr/reg3/data_out
# wave add -name GPR4 -radix hex /TB/uut/CPU0/uf_gpr/reg4/data_out
# wave add -name GPR5 -radix hex /TB/uut/CPU0/uf_gpr/reg5/data_out
# wave add -name GPR6 -radix hex /TB/uut/CPU0/uf_gpr/reg6/data_out
# wave add -name GPR7 -radix hex /TB/uut/CPU0/uf_gpr/reg7/data_out
# wave add -name GPR8 -radix hex /TB/uut/CPU0/uf_gpr/reg8/data_out
# wave add -name GPR9 -radix hex /TB/uut/CPU0/uf_gpr/reg9/data_out
# wave add -name GPR10 -radix hex /TB/uut/CPU0/uf_gpr/reg10/data_out
# wave add -name GPR11 -radix hex /TB/uut/CPU0/uf_gpr/reg11/data_out
# wave add -name GPR12 -radix hex /TB/uut/CPU0/uf_gpr/reg12/data_out
# wave add -name GPR13 -radix hex /TB/uut/CPU0/uf_gpr/reg13/data_out
# wave add -name GPR14 -radix hex /TB/uut/CPU0/uf_gpr/reg14/data_out
# wave add -name GPR15 -radix hex /TB/uut/CPU0/uf_gpr/reg15/data_out
# wave add -name GPR16 -radix hex /TB/uut/CPU0/uf_gpr/reg16/data_out
# wave add -name GPR17 -radix hex /TB/uut/CPU0/uf_gpr/reg17/data_out
# wave add -name GPR18 -radix hex /TB/uut/CPU0/uf_gpr/reg18/data_out
# wave add -name GPR19 -radix hex /TB/uut/CPU0/uf_gpr/reg19/data_out
# wave add -name GPR20 -radix hex /TB/uut/CPU0/uf_gpr/reg20/data_out
# wave add -name GPR21 -radix hex /TB/uut/CPU0/uf_gpr/reg21/data_out
# wave add -name GPR22 -radix hex /TB/uut/CPU0/uf_gpr/reg22/data_out
# wave add -name GPR23 -radix hex /TB/uut/CPU0/uf_gpr/reg23/data_out
# wave add -name GPR24 -radix hex /TB/uut/CPU0/uf_gpr/reg24/data_out
# wave add -name GPR25 -radix hex /TB/uut/CPU0/uf_gpr/reg25/data_out
# wave add -name GPR26 -radix hex /TB/uut/CPU0/uf_gpr/reg26/data_out
# wave add -name GPR27 -radix hex /TB/uut/CPU0/uf_gpr/reg27/data_out
# wave add -name GPR28 -radix hex /TB/uut/CPU0/uf_gpr/reg28/data_out
# wave add -name GPR29 -radix hex /TB/uut/CPU0/uf_gpr/reg29/data_out
# wave add -name GPR30 -radix hex /TB/uut/CPU0/uf_gpr/reg30/data_out
# wave add -name GPR31 -radix hex /TB/uut/CPU0/uf_gpr/reg31/data_out
# run 1000 ns
Simulator is doing circuit initialization process.
at 0 ps, Instance /tb/uut/CPU0/UF_PC/add1/ : Warning: There is an 'U'|'X'|'W'|'Z'|'-' in an arithmetic operand, the result will be 'X'(es).
at 0 ps, Instance /tb/uut/CPU0/UF_PC/add1/ : Warning: There is an 'U'|'X'|'W'|'Z'|'-' in an arithmetic operand, the result will be 'X'(es).
at 0 ps, Instance /tb/uut/CPU0/UF_ALU/a0/ : Warning: There is an 'U'|'X'|'W'|'Z'|'-' in an arithmetic operand, the result will be 'X'(es).
at 0 ps, Instance /tb/uut/CPU0/UF_MUL/conv_a/two_conv/ : Warning: There is an 'U'|'X'|'W'|'Z'|'-' in an arithmetic operand, the result will be 'X'(es).
at 0 ps, Instance /tb/uut/CPU0/UF_MUL/conv_b/two_conv/ : Warning: There is an 'U'|'X'|'W'|'Z'|'-' in an arithmetic operand, the result will be 'X'(es).
at 0 ps, Instance /tb/uut/CPU0/UF_MUL/mulu/add0/ : Warning: There is an 'U'|'X'|'W'|'Z'|'-' in an arithmetic operand, the result will be 'X'(es).
at 0 ps, Instance /tb/uut/CPU0/UF_MUL/conv_result/two_conv/ : Warning: There is an 'U'|'X'|'W'|'Z'|'-' in an arithmetic operand, the result will be 'X'(es).
at 0 ps, Instance /tb/uut/CPU0/UF_DIV/conv_a/two_conv/ : Warning: There is an 'U'|'X'|'W'|'Z'|'-' in an arithmetic operand, the result will be 'X'(es).
at 0 ps, Instance /tb/uut/CPU0/UF_DIV/conv_b/two_conv/ : Warning: There is an 'U'|'X'|'W'|'Z'|'-' in an arithmetic operand, the result will be 'X'(es).
at 0 ps, Instance /tb/uut/CPU0/UF_DIV/divu/add0/ : Warning: There is an 'U'|'X'|'W'|'Z'|'-' in an arithmetic operand, the result will be 'X'(es).
at 0 ps, Instance /tb/uut/CPU0/UF_DIV/conv_q/two_conv/ : Warning: There is an 'U'|'X'|'W'|'Z'|'-' in an arithmetic operand, the result will be 'X'(es).
at 0 ps, Instance /tb/uut/CPU0/UF_DIV/conv_r/two_conv/ : Warning: There is an 'U'|'X'|'W'|'Z'|'-' in an arithmetic operand, the result will be 'X'(es).
at 0 ps, Instance /tb/uut/CPU0/UF_ALU1/a0/ : Warning: There is an 'U'|'X'|'W'|'Z'|'-' in an arithmetic operand, the result will be 'X'(es).
at 0 ps, Instance /tb/uut/uMM/ : Warning: CONV_INTEGER: There is an 'U'|'X'|'W'|'Z'|'-' in an arithmetic operand, and it has been converted to 0.
at 0 ps, Instance /tb/uut/uMM/ : Warning: CONV_INTEGER: There is an 'U'|'X'|'W'|'Z'|'-' in an arithmetic operand, and it has been converted to 0.
at 0 ps: Note: WARNING: Behavioral models for independent clock FIFO configurations do not model synchronization delays. The behavioral models are functionally correct, and will represent the behavior of the configured FIFO. See the FIFO Generator User Guide for more information. (/tb/uut/AudioR/AudioOutFIFO_Instance/U0/gconvfifo/inst_conv_fifo/).
at 0 ps: Note: WARNING: Behavioral models for independent clock FIFO configurations do not model synchronization delays. The behavioral models are functionally correct, and will represent the behavior of the configured FIFO. See the FIFO Generator User Guide for more information. (/tb/uut/AudioL/AudioOutFIFO_Instance/U0/gconvfifo/inst_conv_fifo/).
Finished circuit initialization process.
at 0 ps, Instance /tb/uut/CPU0/UF_MUL/conv_a/two_conv/ : Warning: There is an 'U'|'X'|'W'|'Z'|'-' in an arithmetic operand, the result will be 'X'(es).
at 0 ps, Instance /tb/uut/CPU0/UF_MUL/conv_b/two_conv/ : Warning: There is an 'U'|'X'|'W'|'Z'|'-' in an arithmetic operand, the result will be 'X'(es).
at 0 ps, Instance /tb/uut/CPU0/UF_MUL/conv_result/two_conv/ : Warning: There is an 'U'|'X'|'W'|'Z'|'-' in an arithmetic operand, the result will be 'X'(es).
at 0 ps, Instance /tb/uut/CPU0/UF_DIV/conv_a/two_conv/ : Warning: There is an 'U'|'X'|'W'|'Z'|'-' in an arithmetic operand, the result will be 'X'(es).
at 0 ps, Instance /tb/uut/CPU0/UF_DIV/conv_b/two_conv/ : Warning: There is an 'U'|'X'|'W'|'Z'|'-' in an arithmetic operand, the result will be 'X'(es).
at 0 ps, Instance /tb/uut/CPU0/UF_DIV/conv_q/two_conv/ : Warning: There is an 'U'|'X'|'W'|'Z'|'-' in an arithmetic operand, the result will be 'X'(es).
at 0 ps, Instance /tb/uut/CPU0/UF_DIV/conv_r/two_conv/ : Warning: There is an 'U'|'X'|'W'|'Z'|'-' in an arithmetic operand, the result will be 'X'(es).
at 0 ps, Instance /tb/uut/BRAM_instance/U0/native_mem_module/mem_module/ : Warning: CONV_INTEGER: There is an 'U'|'X'|'W'|'Z'|'-' in an arithmetic operand, and it has been converted to 0.
at 0 ps, Instance /tb/uut/uMM/ : Warning: CONV_INTEGER: There is an 'U'|'X'|'W'|'Z'|'-' in an arithmetic operand, and it has been converted to 0.
at 0 ps, Instance /tb/uut/BROM_instance/U0/native_mem_module/mem_module/ : Warning: CONV_INTEGER: There is an 'U'|'X'|'W'|'Z'|'-' in an arithmetic operand, and it has been converted to 0.
at 0 ps, Instance /tb/uut/uMM/ : Warning: CONV_INTEGER: There is an 'U'|'X'|'W'|'Z'|'-' in an arithmetic operand, and it has been converted to 0.
at 125 ns(10), Instance /tb/uut/ : Warning: CONV_INTEGER: There is an 'U'|'X'|'W'|'Z'|'-' in an arithmetic operand, and it has been converted to 0.
at 125 ns(10), Instance /tb/uut/BRAM_instance/U0/native_mem_module/mem_module/ : Warning: CONV_INTEGER: There is an 'U'|'X'|'W'|'Z'|'-' in an arithmetic operand, and it has been converted to 0.
at 126250 ps(6), Instance /tb/uut/BROM_instance/U0/native_mem_module/mem_module/ : Warning: CONV_INTEGER: There is an 'U'|'X'|'W'|'Z'|'-' in an arithmetic operand, and it has been converted to 0.
at 200 ns(5), Instance /tb/uut/CPU0/UF_ALU/a0/ : Warning: There is an 'U'|'X'|'W'|'Z'|'-' in an arithmetic operand, the result will be 'X'(es).
at 200 ns(5), Instance /tb/uut/CPU0/UF_ALU1/a0/ : Warning: There is an 'U'|'X'|'W'|'Z'|'-' in an arithmetic operand, the result will be 'X'(es).
at 735 ns(8): Note: Block Memory Generator CORE Generator module is using a behavioral model FOR simulation which will not precisely model memory collision behavior. (/tb/uut/BRAM_instance/U0/native_mem_module/mem_module/).
# restart
# run 5ms
Simulator is doing circuit initialization process.
at 0 ps, Instance /tb/uut/CPU0/UF_PC/add1/ : Warning: There is an 'U'|'X'|'W'|'Z'|'-' in an arithmetic operand, the result will be 'X'(es).
at 0 ps, Instance /tb/uut/CPU0/UF_ALU/a0/ : Warning: There is an 'U'|'X'|'W'|'Z'|'-' in an arithmetic operand, the result will be 'X'(es).
at 0 ps, Instance /tb/uut/CPU0/UF_MUL/conv_a/two_conv/ : Warning: There is an 'U'|'X'|'W'|'Z'|'-' in an arithmetic operand, the result will be 'X'(es).
at 0 ps, Instance /tb/uut/CPU0/UF_MUL/conv_b/two_conv/ : Warning: There is an 'U'|'X'|'W'|'Z'|'-' in an arithmetic operand, the result will be 'X'(es).
at 0 ps, Instance /tb/uut/CPU0/UF_MUL/mulu/add0/ : Warning: There is an 'U'|'X'|'W'|'Z'|'-' in an arithmetic operand, the result will be 'X'(es).
at 0 ps, Instance /tb/uut/CPU0/UF_MUL/conv_result/two_conv/ : Warning: There is an 'U'|'X'|'W'|'Z'|'-' in an arithmetic operand, the result will be 'X'(es).
at 0 ps, Instance /tb/uut/CPU0/UF_DIV/conv_a/two_conv/ : Warning: There is an 'U'|'X'|'W'|'Z'|'-' in an arithmetic operand, the result will be 'X'(es).
at 0 ps, Instance /tb/uut/CPU0/UF_DIV/conv_b/two_conv/ : Warning: There is an 'U'|'X'|'W'|'Z'|'-' in an arithmetic operand, the result will be 'X'(es).
at 0 ps, Instance /tb/uut/CPU0/UF_DIV/divu/add0/ : Warning: There is an 'U'|'X'|'W'|'Z'|'-' in an arithmetic operand, the result will be 'X'(es).
at 0 ps, Instance /tb/uut/CPU0/UF_DIV/conv_q/two_conv/ : Warning: There is an 'U'|'X'|'W'|'Z'|'-' in an arithmetic operand, the result will be 'X'(es).
at 0 ps, Instance /tb/uut/CPU0/UF_DIV/conv_r/two_conv/ : Warning: There is an 'U'|'X'|'W'|'Z'|'-' in an arithmetic operand, the result will be 'X'(es).
at 0 ps, Instance /tb/uut/CPU0/UF_ALU1/a0/ : Warning: There is an 'U'|'X'|'W'|'Z'|'-' in an arithmetic operand, the result will be 'X'(es).
at 0 ps, Instance /tb/uut/uMM/ : Warning: CONV_INTEGER: There is an 'U'|'X'|'W'|'Z'|'-' in an arithmetic operand, and it has been converted to 0.
at 0 ps, Instance /tb/uut/uMM/ : Warning: CONV_INTEGER: There is an 'U'|'X'|'W'|'Z'|'-' in an arithmetic operand, and it has been converted to 0.
at 0 ps: Note: WARNING: Behavioral models for independent clock FIFO configurations do not model synchronization delays. The behavioral models are functionally correct, and will represent the behavior of the configured FIFO. See the FIFO Generator User Guide for more information. (/tb/uut/AudioR/AudioOutFIFO_Instance/U0/gconvfifo/inst_conv_fifo/).
at 0 ps: Note: WARNING: Behavioral models for independent clock FIFO configurations do not model synchronization delays. The behavioral models are functionally correct, and will represent the behavior of the configured FIFO. See the FIFO Generator User Guide for more information. (/tb/uut/AudioL/AudioOutFIFO_Instance/U0/gconvfifo/inst_conv_fifo/).
Finished circuit initialization process.
at 0 ps, Instance /tb/uut/CPU0/UF_MUL/conv_a/two_conv/ : Warning: There is an 'U'|'X'|'W'|'Z'|'-' in an arithmetic operand, the result will be 'X'(es).
at 0 ps, Instance /tb/uut/CPU0/UF_MUL/conv_b/two_conv/ : Warning: There is an 'U'|'X'|'W'|'Z'|'-' in an arithmetic operand, the result will be 'X'(es).
at 0 ps, Instance /tb/uut/CPU0/UF_MUL/conv_result/two_conv/ : Warning: There is an 'U'|'X'|'W'|'Z'|'-' in an arithmetic operand, the result will be 'X'(es).
at 0 ps, Instance /tb/uut/CPU0/UF_DIV/conv_a/two_conv/ : Warning: There is an 'U'|'X'|'W'|'Z'|'-' in an arithmetic operand, the result will be 'X'(es).
at 0 ps, Instance /tb/uut/CPU0/UF_DIV/conv_b/two_conv/ : Warning: There is an 'U'|'X'|'W'|'Z'|'-' in an arithmetic operand, the result will be 'X'(es).
at 0 ps, Instance /tb/uut/CPU0/UF_DIV/conv_q/two_conv/ : Warning: There is an 'U'|'X'|'W'|'Z'|'-' in an arithmetic operand, the result will be 'X'(es).
at 0 ps, Instance /tb/uut/CPU0/UF_DIV/conv_r/two_conv/ : Warning: There is an 'U'|'X'|'W'|'Z'|'-' in an arithmetic operand, the result will be 'X'(es).
at 0 ps, Instance /tb/uut/BRAM_instance/U0/native_mem_module/mem_module/ : Warning: CONV_INTEGER: There is an 'U'|'X'|'W'|'Z'|'-' in an arithmetic operand, and it has been converted to 0.
at 0 ps, Instance /tb/uut/uMM/ : Warning: CONV_INTEGER: There is an 'U'|'X'|'W'|'Z'|'-' in an arithmetic operand, and it has been converted to 0.
at 0 ps, Instance /tb/uut/BROM_instance/U0/native_mem_module/mem_module/ : Warning: CONV_INTEGER: There is an 'U'|'X'|'W'|'Z'|'-' in an arithmetic operand, and it has been converted to 0.
at 0 ps, Instance /tb/uut/uMM/ : Warning: CONV_INTEGER: There is an 'U'|'X'|'W'|'Z'|'-' in an arithmetic operand, and it has been converted to 0.
at 125 ns(10), Instance /tb/uut/ : Warning: CONV_INTEGER: There is an 'U'|'X'|'W'|'Z'|'-' in an arithmetic operand, and it has been converted to 0.
at 125 ns(10), Instance /tb/uut/BRAM_instance/U0/native_mem_module/mem_module/ : Warning: CONV_INTEGER: There is an 'U'|'X'|'W'|'Z'|'-' in an arithmetic operand, and it has been converted to 0.
at 126250 ps(6), Instance /tb/uut/BROM_instance/U0/native_mem_module/mem_module/ : Warning: CONV_INTEGER: There is an 'U'|'X'|'W'|'Z'|'-' in an arithmetic operand, and it has been converted to 0.
at 200 ns(5), Instance /tb/uut/CPU0/UF_ALU/a0/ : Warning: There is an 'U'|'X'|'W'|'Z'|'-' in an arithmetic operand, the result will be 'X'(es).
at 200 ns(5), Instance /tb/uut/CPU0/UF_ALU1/a0/ : Warning: There is an 'U'|'X'|'W'|'Z'|'-' in an arithmetic operand, the result will be 'X'(es).
at 735 ns(8): Note: Block Memory Generator CORE Generator module is using a behavioral model FOR simulation which will not precisely model memory collision behavior. (/tb/uut/BRAM_instance/U0/native_mem_module/mem_module/).
# exit 0
