--------------------------------------------------------------------------------
Release 13.2 Trace  (lin)
Copyright (c) 1995-2011 Xilinx, Inc.  All rights reserved.

/Software/xilinx/13.2/ISE_DS/ISE/bin/lin/unwrapped/trce -intstyle ise -v 3 -s 1
-n 3 -fastpaths -xml dlx_toplevel.twx dlx_toplevel.ncd -o dlx_toplevel.twr
dlx_toplevel.pcf -ucf dlx_toplevel.ucf

Design file:              dlx_toplevel.ncd
Physical constraint file: dlx_toplevel.pcf
Device,package,speed:     xc5vlx110t,ff1136,-1 (PRODUCTION 1.73 2011-06-20, STEPPING level 0)
Report level:             verbose report

Environment Variable      Effect 
--------------------      ------ 
NONE                      No environment variables were set
--------------------------------------------------------------------------------

INFO:Timing:2752 - To get complete path coverage, use the unconstrained paths 
   option. All paths that are not constrained will be reported in the 
   unconstrained paths section(s) of the report.
INFO:Timing:3339 - The clock-to-out numbers in this timing report are based on 
   a 50 Ohm transmission line loading model.  For the details of this model, 
   and for more information on accounting for different loading conditions, 
   please see the device datasheet.

================================================================================
Timing constraint: TS_clk = PERIOD TIMEGRP "clk_in" 100 MHz HIGH 50%;

 0 paths analyzed, 0 endpoints analyzed, 0 failing endpoints
 0 timing errors detected. (0 component switching limit errors)
 Minimum period is   8.332ns.
--------------------------------------------------------------------------------

Component Switching Limit Checks: TS_clk = PERIOD TIMEGRP "clk_in" 100 MHz HIGH 50%;
--------------------------------------------------------------------------------
Slack: 1.668ns (period - min period limit)
  Period: 10.000ns
  Min period limit: 8.332ns (120.019MHz) (Tdcmpc)
  Physical resource: Inst_DCM_100/DCM_ADV_INST/CLKIN
  Logical resource: Inst_DCM_100/DCM_ADV_INST/CLKIN
  Location pin: DCM_ADV_X0Y0.CLKIN
  Clock network: Inst_DCM_100/CLKIN_IBUFG
--------------------------------------------------------------------------------
Slack: 1.668ns (period - min period limit)
  Period: 10.000ns
  Min period limit: 8.332ns (120.019MHz) (Tdcmpco)
  Physical resource: Inst_DCM_100/DCM_ADV_INST/CLK0
  Logical resource: Inst_DCM_100/DCM_ADV_INST/CLK0
  Location pin: DCM_ADV_X0Y0.CLK0
  Clock network: Inst_DCM_100/CLK0_BUF
--------------------------------------------------------------------------------
Slack: 4.666ns (period - (min low pulse limit / (low pulse / period)))
  Period: 10.000ns
  Low pulse: 5.000ns
  Low pulse limit: 2.667ns (Tdcmpw_CLKIN_100_150)
  Physical resource: Inst_DCM_100/DCM_ADV_INST/CLKIN
  Logical resource: Inst_DCM_100/DCM_ADV_INST/CLKIN
  Location pin: DCM_ADV_X0Y0.CLKIN
  Clock network: Inst_DCM_100/CLKIN_IBUFG
--------------------------------------------------------------------------------

================================================================================
Timing constraint: TS_Inst_DCM_100_CLK0_BUF = PERIOD TIMEGRP 
"Inst_DCM_100_CLK0_BUF" TS_clk HIGH         50%;

 0 paths analyzed, 0 endpoints analyzed, 0 failing endpoints
 0 timing errors detected. (0 component switching limit errors)
 Minimum period is   4.000ns.
--------------------------------------------------------------------------------

Component Switching Limit Checks: TS_Inst_DCM_100_CLK0_BUF = PERIOD TIMEGRP "Inst_DCM_100_CLK0_BUF" TS_clk HIGH
        50%;
--------------------------------------------------------------------------------
Slack: 6.000ns (period - (min low pulse limit / (low pulse / period)))
  Period: 10.000ns
  Low pulse: 5.000ns
  Low pulse limit: 2.000ns (Tdcmpw_CLKIN_100_150)
  Physical resource: Inst_DCM_100/PLL_ADV_INST/CLKIN1
  Logical resource: Inst_DCM_100/PLL_ADV_INST/CLKIN1
  Location pin: PLL_ADV_X0Y0.CLKIN1
  Clock network: Inst_DCM_100/CLK0_BUF
--------------------------------------------------------------------------------
Slack: 6.000ns (period - (min high pulse limit / (high pulse / period)))
  Period: 10.000ns
  High pulse: 5.000ns
  High pulse limit: 2.000ns (Tdcmpw_CLKIN_100_150)
  Physical resource: Inst_DCM_100/PLL_ADV_INST/CLKIN1
  Logical resource: Inst_DCM_100/PLL_ADV_INST/CLKIN1
  Location pin: PLL_ADV_X0Y0.CLKIN1
  Clock network: Inst_DCM_100/CLK0_BUF
--------------------------------------------------------------------------------
Slack: 8.334ns (period - min period limit)
  Period: 10.000ns
  Min period limit: 1.666ns (600.240MHz) (Tbgper_I)
  Physical resource: Inst_DCM_100/CLK0_BUFG_INST/I0
  Logical resource: Inst_DCM_100/CLK0_BUFG_INST/I0
  Location pin: BUFGCTRL_X0Y0.I0
  Clock network: Inst_DCM_100/CLK0_BUF
--------------------------------------------------------------------------------

================================================================================
Timing constraint: TS_Inst_DCM_100_CLKOUT0_BUF = PERIOD TIMEGRP 
"Inst_DCM_100_CLKOUT0_BUF"         TS_Inst_DCM_100_CLK0_BUF HIGH 50%;

 41097043 paths analyzed, 20262 endpoints analyzed, 1208 failing endpoints
 1208 timing errors detected. (1208 setup errors, 0 hold errors, 0 component switching limit errors)
 Minimum period is  11.200ns.
--------------------------------------------------------------------------------

Paths for end point BRAM_instance/U0/xst_blk_mem_generator/gnativebmg.native_blk_mem_gen/valid.cstr/ramloop[24].ram.r/v5_noinit.ram/SP.SINGLE_PRIM36.SP (RAMB36_X0Y31.WEAL2), 472 paths
--------------------------------------------------------------------------------
Slack (setup path):     -1.139ns (requirement - (data path - clock path skew + uncertainty))
  Source:               CPU0/UA_PREG01/DOUT_6 (FF)
  Destination:          BRAM_instance/U0/xst_blk_mem_generator/gnativebmg.native_blk_mem_gen/valid.cstr/ramloop[24].ram.r/v5_noinit.ram/SP.SINGLE_PRIM36.SP (RAM)
  Requirement:          10.000ns
  Data Path Delay:      11.324ns (Levels of Logic = 5)
  Clock Path Skew:      0.267ns (1.703 - 1.436)
  Source Clock:         CLK_100 rising at 0.000ns
  Destination Clock:    CLK_100 rising at 10.000ns
  Clock Uncertainty:    0.082ns

  Clock Uncertainty:          0.082ns  ((TSJ^2 + DJ^2)^1/2) / 2 + PE
    Total System Jitter (TSJ):  0.070ns
    Discrete Jitter (DJ):       0.148ns
    Phase Error (PE):           0.000ns

  Maximum Data Path: CPU0/UA_PREG01/DOUT_6 to BRAM_instance/U0/xst_blk_mem_generator/gnativebmg.native_blk_mem_gen/valid.cstr/ramloop[24].ram.r/v5_noinit.ram/SP.SINGLE_PRIM36.SP
    Location                Delay type         Delay(ns)  Physical Resource
                                                          Logical Resource(s)
    ----------------------------------------------------  -------------------
    SLICE_X38Y58.BQ         Tcko                  0.450   CPU0/UA_PREG01/DOUT<7>
                                                          CPU0/UA_PREG01/DOUT_6
    SLICE_X36Y60.B2         net (fanout=264)      1.129   CPU0/UA_PREG01/DOUT<6>
    SLICE_X36Y60.COUT       Topcyb                0.483   uMM/Mcompar_selector_isInRangeOfSpecificPort_0_cmp_ge0001_cy<3>5
                                                          uMM/Mcompar_selector_isInRangeOfSpecificPort_0_cmp_ge0001_lut<1>5
                                                          uMM/Mcompar_selector_isInRangeOfSpecificPort_0_cmp_ge0001_cy<3>_4
    SLICE_X36Y61.CIN        net (fanout=1)        0.000   uMM/Mcompar_selector_isInRangeOfSpecificPort_0_cmp_ge0001_cy<3>5
    SLICE_X36Y61.CMUX       Tcinc                 0.358   uMM/selector_isInRangeOfSpecificPort_5_cmp_ge0001
                                                          uMM/Mcompar_selector_isInRangeOfSpecificPort_0_cmp_ge0001_cy<6>_3
    SLICE_X44Y60.A6         net (fanout=1)        0.501   uMM/selector_isInRangeOfSpecificPort_5_cmp_ge0001
    SLICE_X44Y60.A          Tilo                  0.094   i2c_core/output_fifo[1].output_fifo_asynch/U0/xst_fifo_generator/gconvfifo.rf/grf.rf/gntv_or_sync_fifo.gl0.rd/gras.rsts/ram_empty_fb_i
                                                          uMM/selector_isInRangeOfSpecificPort_5_and0000
    SLICE_X45Y60.A1         net (fanout=4)        0.884   uMM/selector_isInRangeOfSpecificPort<5>
    SLICE_X45Y60.A          Tilo                  0.094   N660
                                                          uMM/selector_isInRangeOfAnyPort_6_or0000
    SLICE_X72Y93.B6         net (fanout=35)       2.355   uMM/selector_isInRangeOfAnyPort<6>
    SLICE_X72Y93.B          Tilo                  0.094   we
                                                          we_0_and00001
    RAMB36_X0Y31.WEAL2      net (fanout=1024)     4.258   we
    RAMB36_X0Y31.CLKARDCLKL Trcck_WEA             0.624   BRAM_instance/U0/xst_blk_mem_generator/gnativebmg.native_blk_mem_gen/valid.cstr/ramloop[24].ram.r/v5_noinit.ram/SP.SINGLE_PRIM36.SP
                                                          BRAM_instance/U0/xst_blk_mem_generator/gnativebmg.native_blk_mem_gen/valid.cstr/ramloop[24].ram.r/v5_noinit.ram/SP.SINGLE_PRIM36.SP
    ----------------------------------------------------  ---------------------------
    Total                                        11.324ns (2.197ns logic, 9.127ns route)
                                                          (19.4% logic, 80.6% route)

--------------------------------------------------------------------------------
Slack (setup path):     -1.055ns (requirement - (data path - clock path skew + uncertainty))
  Source:               CPU0/UA_PREG01/DOUT_6 (FF)
  Destination:          BRAM_instance/U0/xst_blk_mem_generator/gnativebmg.native_blk_mem_gen/valid.cstr/ramloop[24].ram.r/v5_noinit.ram/SP.SINGLE_PRIM36.SP (RAM)
  Requirement:          10.000ns
  Data Path Delay:      11.240ns (Levels of Logic = 5)
  Clock Path Skew:      0.267ns (1.703 - 1.436)
  Source Clock:         CLK_100 rising at 0.000ns
  Destination Clock:    CLK_100 rising at 10.000ns
  Clock Uncertainty:    0.082ns

  Clock Uncertainty:          0.082ns  ((TSJ^2 + DJ^2)^1/2) / 2 + PE
    Total System Jitter (TSJ):  0.070ns
    Discrete Jitter (DJ):       0.148ns
    Phase Error (PE):           0.000ns

  Maximum Data Path: CPU0/UA_PREG01/DOUT_6 to BRAM_instance/U0/xst_blk_mem_generator/gnativebmg.native_blk_mem_gen/valid.cstr/ramloop[24].ram.r/v5_noinit.ram/SP.SINGLE_PRIM36.SP
    Location                Delay type         Delay(ns)  Physical Resource
                                                          Logical Resource(s)
    ----------------------------------------------------  -------------------
    SLICE_X38Y58.BQ         Tcko                  0.450   CPU0/UA_PREG01/DOUT<7>
                                                          CPU0/UA_PREG01/DOUT_6
    SLICE_X36Y60.B2         net (fanout=264)      1.129   CPU0/UA_PREG01/DOUT<6>
    SLICE_X36Y60.COUT       Topcyb                0.399   uMM/Mcompar_selector_isInRangeOfSpecificPort_0_cmp_ge0001_cy<3>5
                                                          uMM/Mcompar_selector_isInRangeOfSpecificPort_0_cmp_ge0001_lutdi15
                                                          uMM/Mcompar_selector_isInRangeOfSpecificPort_0_cmp_ge0001_cy<3>_4
    SLICE_X36Y61.CIN        net (fanout=1)        0.000   uMM/Mcompar_selector_isInRangeOfSpecificPort_0_cmp_ge0001_cy<3>5
    SLICE_X36Y61.CMUX       Tcinc                 0.358   uMM/selector_isInRangeOfSpecificPort_5_cmp_ge0001
                                                          uMM/Mcompar_selector_isInRangeOfSpecificPort_0_cmp_ge0001_cy<6>_3
    SLICE_X44Y60.A6         net (fanout=1)        0.501   uMM/selector_isInRangeOfSpecificPort_5_cmp_ge0001
    SLICE_X44Y60.A          Tilo                  0.094   i2c_core/output_fifo[1].output_fifo_asynch/U0/xst_fifo_generator/gconvfifo.rf/grf.rf/gntv_or_sync_fifo.gl0.rd/gras.rsts/ram_empty_fb_i
                                                          uMM/selector_isInRangeOfSpecificPort_5_and0000
    SLICE_X45Y60.A1         net (fanout=4)        0.884   uMM/selector_isInRangeOfSpecificPort<5>
    SLICE_X45Y60.A          Tilo                  0.094   N660
                                                          uMM/selector_isInRangeOfAnyPort_6_or0000
    SLICE_X72Y93.B6         net (fanout=35)       2.355   uMM/selector_isInRangeOfAnyPort<6>
    SLICE_X72Y93.B          Tilo                  0.094   we
                                                          we_0_and00001
    RAMB36_X0Y31.WEAL2      net (fanout=1024)     4.258   we
    RAMB36_X0Y31.CLKARDCLKL Trcck_WEA             0.624   BRAM_instance/U0/xst_blk_mem_generator/gnativebmg.native_blk_mem_gen/valid.cstr/ramloop[24].ram.r/v5_noinit.ram/SP.SINGLE_PRIM36.SP
                                                          BRAM_instance/U0/xst_blk_mem_generator/gnativebmg.native_blk_mem_gen/valid.cstr/ramloop[24].ram.r/v5_noinit.ram/SP.SINGLE_PRIM36.SP
    ----------------------------------------------------  ---------------------------
    Total                                        11.240ns (2.113ns logic, 9.127ns route)
                                                          (18.8% logic, 81.2% route)

--------------------------------------------------------------------------------
Slack (setup path):     -1.001ns (requirement - (data path - clock path skew + uncertainty))
  Source:               CPU0/UA_PREG01/DOUT_4 (FF)
  Destination:          BRAM_instance/U0/xst_blk_mem_generator/gnativebmg.native_blk_mem_gen/valid.cstr/ramloop[24].ram.r/v5_noinit.ram/SP.SINGLE_PRIM36.SP (RAM)
  Requirement:          10.000ns
  Data Path Delay:      11.315ns (Levels of Logic = 5)
  Clock Path Skew:      0.396ns (1.703 - 1.307)
  Source Clock:         CLK_100 rising at 0.000ns
  Destination Clock:    CLK_100 rising at 10.000ns
  Clock Uncertainty:    0.082ns

  Clock Uncertainty:          0.082ns  ((TSJ^2 + DJ^2)^1/2) / 2 + PE
    Total System Jitter (TSJ):  0.070ns
    Discrete Jitter (DJ):       0.148ns
    Phase Error (PE):           0.000ns

  Maximum Data Path: CPU0/UA_PREG01/DOUT_4 to BRAM_instance/U0/xst_blk_mem_generator/gnativebmg.native_blk_mem_gen/valid.cstr/ramloop[24].ram.r/v5_noinit.ram/SP.SINGLE_PRIM36.SP
    Location                Delay type         Delay(ns)  Physical Resource
                                                          Logical Resource(s)
    ----------------------------------------------------  -------------------
    SLICE_X37Y60.BQ         Tcko                  0.450   CPU0/UA_PREG01/DOUT<5>
                                                          CPU0/UA_PREG01/DOUT_4
    SLICE_X36Y60.A1         net (fanout=264)      1.104   CPU0/UA_PREG01/DOUT<4>
    SLICE_X36Y60.COUT       Topcya                0.499   uMM/Mcompar_selector_isInRangeOfSpecificPort_0_cmp_ge0001_cy<3>5
                                                          uMM/Mcompar_selector_isInRangeOfSpecificPort_0_cmp_ge0001_lut<0>5
                                                          uMM/Mcompar_selector_isInRangeOfSpecificPort_0_cmp_ge0001_cy<3>_4
    SLICE_X36Y61.CIN        net (fanout=1)        0.000   uMM/Mcompar_selector_isInRangeOfSpecificPort_0_cmp_ge0001_cy<3>5
    SLICE_X36Y61.CMUX       Tcinc                 0.358   uMM/selector_isInRangeOfSpecificPort_5_cmp_ge0001
                                                          uMM/Mcompar_selector_isInRangeOfSpecificPort_0_cmp_ge0001_cy<6>_3
    SLICE_X44Y60.A6         net (fanout=1)        0.501   uMM/selector_isInRangeOfSpecificPort_5_cmp_ge0001
    SLICE_X44Y60.A          Tilo                  0.094   i2c_core/output_fifo[1].output_fifo_asynch/U0/xst_fifo_generator/gconvfifo.rf/grf.rf/gntv_or_sync_fifo.gl0.rd/gras.rsts/ram_empty_fb_i
                                                          uMM/selector_isInRangeOfSpecificPort_5_and0000
    SLICE_X45Y60.A1         net (fanout=4)        0.884   uMM/selector_isInRangeOfSpecificPort<5>
    SLICE_X45Y60.A          Tilo                  0.094   N660
                                                          uMM/selector_isInRangeOfAnyPort_6_or0000
    SLICE_X72Y93.B6         net (fanout=35)       2.355   uMM/selector_isInRangeOfAnyPort<6>
    SLICE_X72Y93.B          Tilo                  0.094   we
                                                          we_0_and00001
    RAMB36_X0Y31.WEAL2      net (fanout=1024)     4.258   we
    RAMB36_X0Y31.CLKARDCLKL Trcck_WEA             0.624   BRAM_instance/U0/xst_blk_mem_generator/gnativebmg.native_blk_mem_gen/valid.cstr/ramloop[24].ram.r/v5_noinit.ram/SP.SINGLE_PRIM36.SP
                                                          BRAM_instance/U0/xst_blk_mem_generator/gnativebmg.native_blk_mem_gen/valid.cstr/ramloop[24].ram.r/v5_noinit.ram/SP.SINGLE_PRIM36.SP
    ----------------------------------------------------  ---------------------------
    Total                                        11.315ns (2.213ns logic, 9.102ns route)
                                                          (19.6% logic, 80.4% route)

--------------------------------------------------------------------------------

Paths for end point BRAM_instance/U0/xst_blk_mem_generator/gnativebmg.native_blk_mem_gen/valid.cstr/ramloop[24].ram.r/v5_noinit.ram/SP.SINGLE_PRIM36.SP (RAMB36_X0Y31.WEAL3), 472 paths
--------------------------------------------------------------------------------
Slack (setup path):     -1.139ns (requirement - (data path - clock path skew + uncertainty))
  Source:               CPU0/UA_PREG01/DOUT_6 (FF)
  Destination:          BRAM_instance/U0/xst_blk_mem_generator/gnativebmg.native_blk_mem_gen/valid.cstr/ramloop[24].ram.r/v5_noinit.ram/SP.SINGLE_PRIM36.SP (RAM)
  Requirement:          10.000ns
  Data Path Delay:      11.324ns (Levels of Logic = 5)
  Clock Path Skew:      0.267ns (1.703 - 1.436)
  Source Clock:         CLK_100 rising at 0.000ns
  Destination Clock:    CLK_100 rising at 10.000ns
  Clock Uncertainty:    0.082ns

  Clock Uncertainty:          0.082ns  ((TSJ^2 + DJ^2)^1/2) / 2 + PE
    Total System Jitter (TSJ):  0.070ns
    Discrete Jitter (DJ):       0.148ns
    Phase Error (PE):           0.000ns

  Maximum Data Path: CPU0/UA_PREG01/DOUT_6 to BRAM_instance/U0/xst_blk_mem_generator/gnativebmg.native_blk_mem_gen/valid.cstr/ramloop[24].ram.r/v5_noinit.ram/SP.SINGLE_PRIM36.SP
    Location                Delay type         Delay(ns)  Physical Resource
                                                          Logical Resource(s)
    ----------------------------------------------------  -------------------
    SLICE_X38Y58.BQ         Tcko                  0.450   CPU0/UA_PREG01/DOUT<7>
                                                          CPU0/UA_PREG01/DOUT_6
    SLICE_X36Y60.B2         net (fanout=264)      1.129   CPU0/UA_PREG01/DOUT<6>
    SLICE_X36Y60.COUT       Topcyb                0.483   uMM/Mcompar_selector_isInRangeOfSpecificPort_0_cmp_ge0001_cy<3>5
                                                          uMM/Mcompar_selector_isInRangeOfSpecificPort_0_cmp_ge0001_lut<1>5
                                                          uMM/Mcompar_selector_isInRangeOfSpecificPort_0_cmp_ge0001_cy<3>_4
    SLICE_X36Y61.CIN        net (fanout=1)        0.000   uMM/Mcompar_selector_isInRangeOfSpecificPort_0_cmp_ge0001_cy<3>5
    SLICE_X36Y61.CMUX       Tcinc                 0.358   uMM/selector_isInRangeOfSpecificPort_5_cmp_ge0001
                                                          uMM/Mcompar_selector_isInRangeOfSpecificPort_0_cmp_ge0001_cy<6>_3
    SLICE_X44Y60.A6         net (fanout=1)        0.501   uMM/selector_isInRangeOfSpecificPort_5_cmp_ge0001
    SLICE_X44Y60.A          Tilo                  0.094   i2c_core/output_fifo[1].output_fifo_asynch/U0/xst_fifo_generator/gconvfifo.rf/grf.rf/gntv_or_sync_fifo.gl0.rd/gras.rsts/ram_empty_fb_i
                                                          uMM/selector_isInRangeOfSpecificPort_5_and0000
    SLICE_X45Y60.A1         net (fanout=4)        0.884   uMM/selector_isInRangeOfSpecificPort<5>
    SLICE_X45Y60.A          Tilo                  0.094   N660
                                                          uMM/selector_isInRangeOfAnyPort_6_or0000
    SLICE_X72Y93.B6         net (fanout=35)       2.355   uMM/selector_isInRangeOfAnyPort<6>
    SLICE_X72Y93.B          Tilo                  0.094   we
                                                          we_0_and00001
    RAMB36_X0Y31.WEAL3      net (fanout=1024)     4.258   we
    RAMB36_X0Y31.CLKARDCLKL Trcck_WEA             0.624   BRAM_instance/U0/xst_blk_mem_generator/gnativebmg.native_blk_mem_gen/valid.cstr/ramloop[24].ram.r/v5_noinit.ram/SP.SINGLE_PRIM36.SP
                                                          BRAM_instance/U0/xst_blk_mem_generator/gnativebmg.native_blk_mem_gen/valid.cstr/ramloop[24].ram.r/v5_noinit.ram/SP.SINGLE_PRIM36.SP
    ----------------------------------------------------  ---------------------------
    Total                                        11.324ns (2.197ns logic, 9.127ns route)
                                                          (19.4% logic, 80.6% route)

--------------------------------------------------------------------------------
Slack (setup path):     -1.055ns (requirement - (data path - clock path skew + uncertainty))
  Source:               CPU0/UA_PREG01/DOUT_6 (FF)
  Destination:          BRAM_instance/U0/xst_blk_mem_generator/gnativebmg.native_blk_mem_gen/valid.cstr/ramloop[24].ram.r/v5_noinit.ram/SP.SINGLE_PRIM36.SP (RAM)
  Requirement:          10.000ns
  Data Path Delay:      11.240ns (Levels of Logic = 5)
  Clock Path Skew:      0.267ns (1.703 - 1.436)
  Source Clock:         CLK_100 rising at 0.000ns
  Destination Clock:    CLK_100 rising at 10.000ns
  Clock Uncertainty:    0.082ns

  Clock Uncertainty:          0.082ns  ((TSJ^2 + DJ^2)^1/2) / 2 + PE
    Total System Jitter (TSJ):  0.070ns
    Discrete Jitter (DJ):       0.148ns
    Phase Error (PE):           0.000ns

  Maximum Data Path: CPU0/UA_PREG01/DOUT_6 to BRAM_instance/U0/xst_blk_mem_generator/gnativebmg.native_blk_mem_gen/valid.cstr/ramloop[24].ram.r/v5_noinit.ram/SP.SINGLE_PRIM36.SP
    Location                Delay type         Delay(ns)  Physical Resource
                                                          Logical Resource(s)
    ----------------------------------------------------  -------------------
    SLICE_X38Y58.BQ         Tcko                  0.450   CPU0/UA_PREG01/DOUT<7>
                                                          CPU0/UA_PREG01/DOUT_6
    SLICE_X36Y60.B2         net (fanout=264)      1.129   CPU0/UA_PREG01/DOUT<6>
    SLICE_X36Y60.COUT       Topcyb                0.399   uMM/Mcompar_selector_isInRangeOfSpecificPort_0_cmp_ge0001_cy<3>5
                                                          uMM/Mcompar_selector_isInRangeOfSpecificPort_0_cmp_ge0001_lutdi15
                                                          uMM/Mcompar_selector_isInRangeOfSpecificPort_0_cmp_ge0001_cy<3>_4
    SLICE_X36Y61.CIN        net (fanout=1)        0.000   uMM/Mcompar_selector_isInRangeOfSpecificPort_0_cmp_ge0001_cy<3>5
    SLICE_X36Y61.CMUX       Tcinc                 0.358   uMM/selector_isInRangeOfSpecificPort_5_cmp_ge0001
                                                          uMM/Mcompar_selector_isInRangeOfSpecificPort_0_cmp_ge0001_cy<6>_3
    SLICE_X44Y60.A6         net (fanout=1)        0.501   uMM/selector_isInRangeOfSpecificPort_5_cmp_ge0001
    SLICE_X44Y60.A          Tilo                  0.094   i2c_core/output_fifo[1].output_fifo_asynch/U0/xst_fifo_generator/gconvfifo.rf/grf.rf/gntv_or_sync_fifo.gl0.rd/gras.rsts/ram_empty_fb_i
                                                          uMM/selector_isInRangeOfSpecificPort_5_and0000
    SLICE_X45Y60.A1         net (fanout=4)        0.884   uMM/selector_isInRangeOfSpecificPort<5>
    SLICE_X45Y60.A          Tilo                  0.094   N660
                                                          uMM/selector_isInRangeOfAnyPort_6_or0000
    SLICE_X72Y93.B6         net (fanout=35)       2.355   uMM/selector_isInRangeOfAnyPort<6>
    SLICE_X72Y93.B          Tilo                  0.094   we
                                                          we_0_and00001
    RAMB36_X0Y31.WEAL3      net (fanout=1024)     4.258   we
    RAMB36_X0Y31.CLKARDCLKL Trcck_WEA             0.624   BRAM_instance/U0/xst_blk_mem_generator/gnativebmg.native_blk_mem_gen/valid.cstr/ramloop[24].ram.r/v5_noinit.ram/SP.SINGLE_PRIM36.SP
                                                          BRAM_instance/U0/xst_blk_mem_generator/gnativebmg.native_blk_mem_gen/valid.cstr/ramloop[24].ram.r/v5_noinit.ram/SP.SINGLE_PRIM36.SP
    ----------------------------------------------------  ---------------------------
    Total                                        11.240ns (2.113ns logic, 9.127ns route)
                                                          (18.8% logic, 81.2% route)

--------------------------------------------------------------------------------
Slack (setup path):     -1.001ns (requirement - (data path - clock path skew + uncertainty))
  Source:               CPU0/UA_PREG01/DOUT_4 (FF)
  Destination:          BRAM_instance/U0/xst_blk_mem_generator/gnativebmg.native_blk_mem_gen/valid.cstr/ramloop[24].ram.r/v5_noinit.ram/SP.SINGLE_PRIM36.SP (RAM)
  Requirement:          10.000ns
  Data Path Delay:      11.315ns (Levels of Logic = 5)
  Clock Path Skew:      0.396ns (1.703 - 1.307)
  Source Clock:         CLK_100 rising at 0.000ns
  Destination Clock:    CLK_100 rising at 10.000ns
  Clock Uncertainty:    0.082ns

  Clock Uncertainty:          0.082ns  ((TSJ^2 + DJ^2)^1/2) / 2 + PE
    Total System Jitter (TSJ):  0.070ns
    Discrete Jitter (DJ):       0.148ns
    Phase Error (PE):           0.000ns

  Maximum Data Path: CPU0/UA_PREG01/DOUT_4 to BRAM_instance/U0/xst_blk_mem_generator/gnativebmg.native_blk_mem_gen/valid.cstr/ramloop[24].ram.r/v5_noinit.ram/SP.SINGLE_PRIM36.SP
    Location                Delay type         Delay(ns)  Physical Resource
                                                          Logical Resource(s)
    ----------------------------------------------------  -------------------
    SLICE_X37Y60.BQ         Tcko                  0.450   CPU0/UA_PREG01/DOUT<5>
                                                          CPU0/UA_PREG01/DOUT_4
    SLICE_X36Y60.A1         net (fanout=264)      1.104   CPU0/UA_PREG01/DOUT<4>
    SLICE_X36Y60.COUT       Topcya                0.499   uMM/Mcompar_selector_isInRangeOfSpecificPort_0_cmp_ge0001_cy<3>5
                                                          uMM/Mcompar_selector_isInRangeOfSpecificPort_0_cmp_ge0001_lut<0>5
                                                          uMM/Mcompar_selector_isInRangeOfSpecificPort_0_cmp_ge0001_cy<3>_4
    SLICE_X36Y61.CIN        net (fanout=1)        0.000   uMM/Mcompar_selector_isInRangeOfSpecificPort_0_cmp_ge0001_cy<3>5
    SLICE_X36Y61.CMUX       Tcinc                 0.358   uMM/selector_isInRangeOfSpecificPort_5_cmp_ge0001
                                                          uMM/Mcompar_selector_isInRangeOfSpecificPort_0_cmp_ge0001_cy<6>_3
    SLICE_X44Y60.A6         net (fanout=1)        0.501   uMM/selector_isInRangeOfSpecificPort_5_cmp_ge0001
    SLICE_X44Y60.A          Tilo                  0.094   i2c_core/output_fifo[1].output_fifo_asynch/U0/xst_fifo_generator/gconvfifo.rf/grf.rf/gntv_or_sync_fifo.gl0.rd/gras.rsts/ram_empty_fb_i
                                                          uMM/selector_isInRangeOfSpecificPort_5_and0000
    SLICE_X45Y60.A1         net (fanout=4)        0.884   uMM/selector_isInRangeOfSpecificPort<5>
    SLICE_X45Y60.A          Tilo                  0.094   N660
                                                          uMM/selector_isInRangeOfAnyPort_6_or0000
    SLICE_X72Y93.B6         net (fanout=35)       2.355   uMM/selector_isInRangeOfAnyPort<6>
    SLICE_X72Y93.B          Tilo                  0.094   we
                                                          we_0_and00001
    RAMB36_X0Y31.WEAL3      net (fanout=1024)     4.258   we
    RAMB36_X0Y31.CLKARDCLKL Trcck_WEA             0.624   BRAM_instance/U0/xst_blk_mem_generator/gnativebmg.native_blk_mem_gen/valid.cstr/ramloop[24].ram.r/v5_noinit.ram/SP.SINGLE_PRIM36.SP
                                                          BRAM_instance/U0/xst_blk_mem_generator/gnativebmg.native_blk_mem_gen/valid.cstr/ramloop[24].ram.r/v5_noinit.ram/SP.SINGLE_PRIM36.SP
    ----------------------------------------------------  ---------------------------
    Total                                        11.315ns (2.213ns logic, 9.102ns route)
                                                          (19.6% logic, 80.4% route)

--------------------------------------------------------------------------------

Paths for end point BRAM_instance/U0/xst_blk_mem_generator/gnativebmg.native_blk_mem_gen/valid.cstr/ramloop[24].ram.r/v5_noinit.ram/SP.SINGLE_PRIM36.SP (RAMB36_X0Y31.WEAU2), 472 paths
--------------------------------------------------------------------------------
Slack (setup path):     -1.135ns (requirement - (data path - clock path skew + uncertainty))
  Source:               CPU0/UA_PREG01/DOUT_6 (FF)
  Destination:          BRAM_instance/U0/xst_blk_mem_generator/gnativebmg.native_blk_mem_gen/valid.cstr/ramloop[24].ram.r/v5_noinit.ram/SP.SINGLE_PRIM36.SP (RAM)
  Requirement:          10.000ns
  Data Path Delay:      11.324ns (Levels of Logic = 5)
  Clock Path Skew:      0.271ns (1.707 - 1.436)
  Source Clock:         CLK_100 rising at 0.000ns
  Destination Clock:    CLK_100 rising at 10.000ns
  Clock Uncertainty:    0.082ns

  Clock Uncertainty:          0.082ns  ((TSJ^2 + DJ^2)^1/2) / 2 + PE
    Total System Jitter (TSJ):  0.070ns
    Discrete Jitter (DJ):       0.148ns
    Phase Error (PE):           0.000ns

  Maximum Data Path: CPU0/UA_PREG01/DOUT_6 to BRAM_instance/U0/xst_blk_mem_generator/gnativebmg.native_blk_mem_gen/valid.cstr/ramloop[24].ram.r/v5_noinit.ram/SP.SINGLE_PRIM36.SP
    Location                Delay type         Delay(ns)  Physical Resource
                                                          Logical Resource(s)
    ----------------------------------------------------  -------------------
    SLICE_X38Y58.BQ         Tcko                  0.450   CPU0/UA_PREG01/DOUT<7>
                                                          CPU0/UA_PREG01/DOUT_6
    SLICE_X36Y60.B2         net (fanout=264)      1.129   CPU0/UA_PREG01/DOUT<6>
    SLICE_X36Y60.COUT       Topcyb                0.483   uMM/Mcompar_selector_isInRangeOfSpecificPort_0_cmp_ge0001_cy<3>5
                                                          uMM/Mcompar_selector_isInRangeOfSpecificPort_0_cmp_ge0001_lut<1>5
                                                          uMM/Mcompar_selector_isInRangeOfSpecificPort_0_cmp_ge0001_cy<3>_4
    SLICE_X36Y61.CIN        net (fanout=1)        0.000   uMM/Mcompar_selector_isInRangeOfSpecificPort_0_cmp_ge0001_cy<3>5
    SLICE_X36Y61.CMUX       Tcinc                 0.358   uMM/selector_isInRangeOfSpecificPort_5_cmp_ge0001
                                                          uMM/Mcompar_selector_isInRangeOfSpecificPort_0_cmp_ge0001_cy<6>_3
    SLICE_X44Y60.A6         net (fanout=1)        0.501   uMM/selector_isInRangeOfSpecificPort_5_cmp_ge0001
    SLICE_X44Y60.A          Tilo                  0.094   i2c_core/output_fifo[1].output_fifo_asynch/U0/xst_fifo_generator/gconvfifo.rf/grf.rf/gntv_or_sync_fifo.gl0.rd/gras.rsts/ram_empty_fb_i
                                                          uMM/selector_isInRangeOfSpecificPort_5_and0000
    SLICE_X45Y60.A1         net (fanout=4)        0.884   uMM/selector_isInRangeOfSpecificPort<5>
    SLICE_X45Y60.A          Tilo                  0.094   N660
                                                          uMM/selector_isInRangeOfAnyPort_6_or0000
    SLICE_X72Y93.B6         net (fanout=35)       2.355   uMM/selector_isInRangeOfAnyPort<6>
    SLICE_X72Y93.B          Tilo                  0.094   we
                                                          we_0_and00001
    RAMB36_X0Y31.WEAU2      net (fanout=1024)     4.258   we
    RAMB36_X0Y31.CLKARDCLKU Trcck_WEA             0.624   BRAM_instance/U0/xst_blk_mem_generator/gnativebmg.native_blk_mem_gen/valid.cstr/ramloop[24].ram.r/v5_noinit.ram/SP.SINGLE_PRIM36.SP
                                                          BRAM_instance/U0/xst_blk_mem_generator/gnativebmg.native_blk_mem_gen/valid.cstr/ramloop[24].ram.r/v5_noinit.ram/SP.SINGLE_PRIM36.SP
    ----------------------------------------------------  ---------------------------
    Total                                        11.324ns (2.197ns logic, 9.127ns route)
                                                          (19.4% logic, 80.6% route)

--------------------------------------------------------------------------------
Slack (setup path):     -1.051ns (requirement - (data path - clock path skew + uncertainty))
  Source:               CPU0/UA_PREG01/DOUT_6 (FF)
  Destination:          BRAM_instance/U0/xst_blk_mem_generator/gnativebmg.native_blk_mem_gen/valid.cstr/ramloop[24].ram.r/v5_noinit.ram/SP.SINGLE_PRIM36.SP (RAM)
  Requirement:          10.000ns
  Data Path Delay:      11.240ns (Levels of Logic = 5)
  Clock Path Skew:      0.271ns (1.707 - 1.436)
  Source Clock:         CLK_100 rising at 0.000ns
  Destination Clock:    CLK_100 rising at 10.000ns
  Clock Uncertainty:    0.082ns

  Clock Uncertainty:          0.082ns  ((TSJ^2 + DJ^2)^1/2) / 2 + PE
    Total System Jitter (TSJ):  0.070ns
    Discrete Jitter (DJ):       0.148ns
    Phase Error (PE):           0.000ns

  Maximum Data Path: CPU0/UA_PREG01/DOUT_6 to BRAM_instance/U0/xst_blk_mem_generator/gnativebmg.native_blk_mem_gen/valid.cstr/ramloop[24].ram.r/v5_noinit.ram/SP.SINGLE_PRIM36.SP
    Location                Delay type         Delay(ns)  Physical Resource
                                                          Logical Resource(s)
    ----------------------------------------------------  -------------------
    SLICE_X38Y58.BQ         Tcko                  0.450   CPU0/UA_PREG01/DOUT<7>
                                                          CPU0/UA_PREG01/DOUT_6
    SLICE_X36Y60.B2         net (fanout=264)      1.129   CPU0/UA_PREG01/DOUT<6>
    SLICE_X36Y60.COUT       Topcyb                0.399   uMM/Mcompar_selector_isInRangeOfSpecificPort_0_cmp_ge0001_cy<3>5
                                                          uMM/Mcompar_selector_isInRangeOfSpecificPort_0_cmp_ge0001_lutdi15
                                                          uMM/Mcompar_selector_isInRangeOfSpecificPort_0_cmp_ge0001_cy<3>_4
    SLICE_X36Y61.CIN        net (fanout=1)        0.000   uMM/Mcompar_selector_isInRangeOfSpecificPort_0_cmp_ge0001_cy<3>5
    SLICE_X36Y61.CMUX       Tcinc                 0.358   uMM/selector_isInRangeOfSpecificPort_5_cmp_ge0001
                                                          uMM/Mcompar_selector_isInRangeOfSpecificPort_0_cmp_ge0001_cy<6>_3
    SLICE_X44Y60.A6         net (fanout=1)        0.501   uMM/selector_isInRangeOfSpecificPort_5_cmp_ge0001
    SLICE_X44Y60.A          Tilo                  0.094   i2c_core/output_fifo[1].output_fifo_asynch/U0/xst_fifo_generator/gconvfifo.rf/grf.rf/gntv_or_sync_fifo.gl0.rd/gras.rsts/ram_empty_fb_i
                                                          uMM/selector_isInRangeOfSpecificPort_5_and0000
    SLICE_X45Y60.A1         net (fanout=4)        0.884   uMM/selector_isInRangeOfSpecificPort<5>
    SLICE_X45Y60.A          Tilo                  0.094   N660
                                                          uMM/selector_isInRangeOfAnyPort_6_or0000
    SLICE_X72Y93.B6         net (fanout=35)       2.355   uMM/selector_isInRangeOfAnyPort<6>
    SLICE_X72Y93.B          Tilo                  0.094   we
                                                          we_0_and00001
    RAMB36_X0Y31.WEAU2      net (fanout=1024)     4.258   we
    RAMB36_X0Y31.CLKARDCLKU Trcck_WEA             0.624   BRAM_instance/U0/xst_blk_mem_generator/gnativebmg.native_blk_mem_gen/valid.cstr/ramloop[24].ram.r/v5_noinit.ram/SP.SINGLE_PRIM36.SP
                                                          BRAM_instance/U0/xst_blk_mem_generator/gnativebmg.native_blk_mem_gen/valid.cstr/ramloop[24].ram.r/v5_noinit.ram/SP.SINGLE_PRIM36.SP
    ----------------------------------------------------  ---------------------------
    Total                                        11.240ns (2.113ns logic, 9.127ns route)
                                                          (18.8% logic, 81.2% route)

--------------------------------------------------------------------------------
Slack (setup path):     -0.997ns (requirement - (data path - clock path skew + uncertainty))
  Source:               CPU0/UA_PREG01/DOUT_4 (FF)
  Destination:          BRAM_instance/U0/xst_blk_mem_generator/gnativebmg.native_blk_mem_gen/valid.cstr/ramloop[24].ram.r/v5_noinit.ram/SP.SINGLE_PRIM36.SP (RAM)
  Requirement:          10.000ns
  Data Path Delay:      11.315ns (Levels of Logic = 5)
  Clock Path Skew:      0.400ns (1.707 - 1.307)
  Source Clock:         CLK_100 rising at 0.000ns
  Destination Clock:    CLK_100 rising at 10.000ns
  Clock Uncertainty:    0.082ns

  Clock Uncertainty:          0.082ns  ((TSJ^2 + DJ^2)^1/2) / 2 + PE
    Total System Jitter (TSJ):  0.070ns
    Discrete Jitter (DJ):       0.148ns
    Phase Error (PE):           0.000ns

  Maximum Data Path: CPU0/UA_PREG01/DOUT_4 to BRAM_instance/U0/xst_blk_mem_generator/gnativebmg.native_blk_mem_gen/valid.cstr/ramloop[24].ram.r/v5_noinit.ram/SP.SINGLE_PRIM36.SP
    Location                Delay type         Delay(ns)  Physical Resource
                                                          Logical Resource(s)
    ----------------------------------------------------  -------------------
    SLICE_X37Y60.BQ         Tcko                  0.450   CPU0/UA_PREG01/DOUT<5>
                                                          CPU0/UA_PREG01/DOUT_4
    SLICE_X36Y60.A1         net (fanout=264)      1.104   CPU0/UA_PREG01/DOUT<4>
    SLICE_X36Y60.COUT       Topcya                0.499   uMM/Mcompar_selector_isInRangeOfSpecificPort_0_cmp_ge0001_cy<3>5
                                                          uMM/Mcompar_selector_isInRangeOfSpecificPort_0_cmp_ge0001_lut<0>5
                                                          uMM/Mcompar_selector_isInRangeOfSpecificPort_0_cmp_ge0001_cy<3>_4
    SLICE_X36Y61.CIN        net (fanout=1)        0.000   uMM/Mcompar_selector_isInRangeOfSpecificPort_0_cmp_ge0001_cy<3>5
    SLICE_X36Y61.CMUX       Tcinc                 0.358   uMM/selector_isInRangeOfSpecificPort_5_cmp_ge0001
                                                          uMM/Mcompar_selector_isInRangeOfSpecificPort_0_cmp_ge0001_cy<6>_3
    SLICE_X44Y60.A6         net (fanout=1)        0.501   uMM/selector_isInRangeOfSpecificPort_5_cmp_ge0001
    SLICE_X44Y60.A          Tilo                  0.094   i2c_core/output_fifo[1].output_fifo_asynch/U0/xst_fifo_generator/gconvfifo.rf/grf.rf/gntv_or_sync_fifo.gl0.rd/gras.rsts/ram_empty_fb_i
                                                          uMM/selector_isInRangeOfSpecificPort_5_and0000
    SLICE_X45Y60.A1         net (fanout=4)        0.884   uMM/selector_isInRangeOfSpecificPort<5>
    SLICE_X45Y60.A          Tilo                  0.094   N660
                                                          uMM/selector_isInRangeOfAnyPort_6_or0000
    SLICE_X72Y93.B6         net (fanout=35)       2.355   uMM/selector_isInRangeOfAnyPort<6>
    SLICE_X72Y93.B          Tilo                  0.094   we
                                                          we_0_and00001
    RAMB36_X0Y31.WEAU2      net (fanout=1024)     4.258   we
    RAMB36_X0Y31.CLKARDCLKU Trcck_WEA             0.624   BRAM_instance/U0/xst_blk_mem_generator/gnativebmg.native_blk_mem_gen/valid.cstr/ramloop[24].ram.r/v5_noinit.ram/SP.SINGLE_PRIM36.SP
                                                          BRAM_instance/U0/xst_blk_mem_generator/gnativebmg.native_blk_mem_gen/valid.cstr/ramloop[24].ram.r/v5_noinit.ram/SP.SINGLE_PRIM36.SP
    ----------------------------------------------------  ---------------------------
    Total                                        11.315ns (2.213ns logic, 9.102ns route)
                                                          (19.6% logic, 80.4% route)

--------------------------------------------------------------------------------

Hold Paths: TS_Inst_DCM_100_CLKOUT0_BUF = PERIOD TIMEGRP "Inst_DCM_100_CLKOUT0_BUF"
        TS_Inst_DCM_100_CLK0_BUF HIGH 50%;
--------------------------------------------------------------------------------

Paths for end point i2c_core/input_fifo[1].input_fifo_asynch/U0/xst_fifo_generator/gconvfifo.rf/grf.rf/gntv_or_sync_fifo.mem/gbm.gbmg.gbmga.ngecc.bmg/gnativebmg.native_blk_mem_gen/valid.cstr/ramloop[0].ram.r/v5_noinit.ram/SDP.SINGLE_PRIM18.SDP (RAMB36_X3Y10.DIADIU9), 1 path
--------------------------------------------------------------------------------
Slack (hold path):      0.250ns (requirement - (clock path skew + uncertainty - data path))
  Source:               i2c_interface/i2c_bus_data_out_5 (FF)
  Destination:          i2c_core/input_fifo[1].input_fifo_asynch/U0/xst_fifo_generator/gconvfifo.rf/grf.rf/gntv_or_sync_fifo.mem/gbm.gbmg.gbmga.ngecc.bmg/gnativebmg.native_blk_mem_gen/valid.cstr/ramloop[0].ram.r/v5_noinit.ram/SDP.SINGLE_PRIM18.SDP (RAM)
  Requirement:          0.000ns
  Data Path Delay:      0.435ns (Levels of Logic = 0)
  Clock Path Skew:      0.185ns (0.770 - 0.585)
  Source Clock:         CLK_100 rising at 10.000ns
  Destination Clock:    CLK_100 rising at 10.000ns
  Clock Uncertainty:    0.000ns

  Minimum Data Path: i2c_interface/i2c_bus_data_out_5 to i2c_core/input_fifo[1].input_fifo_asynch/U0/xst_fifo_generator/gconvfifo.rf/grf.rf/gntv_or_sync_fifo.mem/gbm.gbmg.gbmga.ngecc.bmg/gnativebmg.native_blk_mem_gen/valid.cstr/ramloop[0].ram.r/v5_noinit.ram/SDP.SINGLE_PRIM18.SDP
    Location                Delay type         Delay(ns)  Physical Resource
                                                          Logical Resource(s)
    ----------------------------------------------------  -------------------
    SLICE_X91Y54.CQ         Tcko                  0.414   i2c_interface/i2c_bus_data_out<6>
                                                          i2c_interface/i2c_bus_data_out_5
    RAMB36_X3Y10.DIADIU9    net (fanout=2)        0.307   i2c_interface/i2c_bus_data_out<5>
    RAMB36_X3Y10.CLKARDCLKU Trckd_DIA   (-Th)     0.286   AudioR/AudioOutFIFO_Instance/U0/xst_fifo_generator/gconvfifo.rf/grf.rf/gntv_or_sync_fifo.mem/gbm.gbmg.gbmga.ngecc.bmg/gnativebmg.native_blk_mem_gen/valid.cstr/ramloop[0].ram.r/v5_noinit.ram/SDP.SINGLE_PRIM18.SDP
                                                          i2c_core/input_fifo[1].input_fifo_asynch/U0/xst_fifo_generator/gconvfifo.rf/grf.rf/gntv_or_sync_fifo.mem/gbm.gbmg.gbmga.ngecc.bmg/gnativebmg.native_blk_mem_gen/valid.cstr/ramloop[0].ram.r/v5_noinit.ram/SDP.SINGLE_PRIM18.SDP
    ----------------------------------------------------  ---------------------------
    Total                                         0.435ns (0.128ns logic, 0.307ns route)
                                                          (29.4% logic, 70.6% route)

--------------------------------------------------------------------------------

Paths for end point AudioR/AudioOutFIFO_Instance/U0/xst_fifo_generator/gconvfifo.rf/grf.rf/rstblk/wr_rst_asreg_d1 (SLICE_X93Y75.BX), 1 path
--------------------------------------------------------------------------------
Slack (hold path):      0.350ns (requirement - (clock path skew + uncertainty - data path))
  Source:               AudioR/AudioOutFIFO_Instance/U0/xst_fifo_generator/gconvfifo.rf/grf.rf/rstblk/wr_rst_asreg (FF)
  Destination:          AudioR/AudioOutFIFO_Instance/U0/xst_fifo_generator/gconvfifo.rf/grf.rf/rstblk/wr_rst_asreg_d1 (FF)
  Requirement:          0.000ns
  Data Path Delay:      0.360ns (Levels of Logic = 0)
  Clock Path Skew:      0.010ns (0.146 - 0.136)
  Source Clock:         CLK_100 rising at 10.000ns
  Destination Clock:    CLK_100 rising at 10.000ns
  Clock Uncertainty:    0.000ns

  Minimum Data Path: AudioR/AudioOutFIFO_Instance/U0/xst_fifo_generator/gconvfifo.rf/grf.rf/rstblk/wr_rst_asreg to AudioR/AudioOutFIFO_Instance/U0/xst_fifo_generator/gconvfifo.rf/grf.rf/rstblk/wr_rst_asreg_d1
    Location             Delay type         Delay(ns)  Physical Resource
                                                       Logical Resource(s)
    -------------------------------------------------  -------------------
    SLICE_X92Y75.AQ      Tcko                  0.433   AudioR/AudioOutFIFO_Instance/U0/xst_fifo_generator/gconvfifo.rf/grf.rf/rstblk/wr_rst_asreg
                                                       AudioR/AudioOutFIFO_Instance/U0/xst_fifo_generator/gconvfifo.rf/grf.rf/rstblk/wr_rst_asreg
    SLICE_X93Y75.BX      net (fanout=2)        0.158   AudioR/AudioOutFIFO_Instance/U0/xst_fifo_generator/gconvfifo.rf/grf.rf/rstblk/wr_rst_asreg
    SLICE_X93Y75.CLK     Tckdi       (-Th)     0.231   AudioR/AudioOutFIFO_Instance/U0/xst_fifo_generator/gconvfifo.rf/grf.rf/rstblk/wr_rst_asreg_d2
                                                       AudioR/AudioOutFIFO_Instance/U0/xst_fifo_generator/gconvfifo.rf/grf.rf/rstblk/wr_rst_asreg_d1
    -------------------------------------------------  ---------------------------
    Total                                      0.360ns (0.202ns logic, 0.158ns route)
                                                       (56.1% logic, 43.9% route)

--------------------------------------------------------------------------------

Paths for end point i2c_interface/input_fifo/U0/xst_fifo_generator/gconvfifo.rf/grf.rf/gntv_or_sync_fifo.mem/gbm.gbmg.gbmga.ngecc.bmg/gnativebmg.native_blk_mem_gen/valid.cstr/ramloop[0].ram.r/v5_noinit.ram/SDP.SINGLE_PRIM18.SDP (RAMB36_X2Y18.ADDRAU14), 1 path
--------------------------------------------------------------------------------
Slack (hold path):      0.407ns (requirement - (clock path skew + uncertainty - data path))
  Source:               i2c_interface/input_fifo/U0/xst_fifo_generator/gconvfifo.rf/grf.rf/gntv_or_sync_fifo.gl0.wr/wpntr/count_d2_9 (FF)
  Destination:          i2c_interface/input_fifo/U0/xst_fifo_generator/gconvfifo.rf/grf.rf/gntv_or_sync_fifo.mem/gbm.gbmg.gbmga.ngecc.bmg/gnativebmg.native_blk_mem_gen/valid.cstr/ramloop[0].ram.r/v5_noinit.ram/SDP.SINGLE_PRIM18.SDP (RAM)
  Requirement:          0.000ns
  Data Path Delay:      0.615ns (Levels of Logic = 0)
  Clock Path Skew:      0.208ns (0.665 - 0.457)
  Source Clock:         CLK_100 rising at 10.000ns
  Destination Clock:    CLK_100 rising at 10.000ns
  Clock Uncertainty:    0.000ns

  Minimum Data Path: i2c_interface/input_fifo/U0/xst_fifo_generator/gconvfifo.rf/grf.rf/gntv_or_sync_fifo.gl0.wr/wpntr/count_d2_9 to i2c_interface/input_fifo/U0/xst_fifo_generator/gconvfifo.rf/grf.rf/gntv_or_sync_fifo.mem/gbm.gbmg.gbmga.ngecc.bmg/gnativebmg.native_blk_mem_gen/valid.cstr/ramloop[0].ram.r/v5_noinit.ram/SDP.SINGLE_PRIM18.SDP
    Location                Delay type         Delay(ns)  Physical Resource
                                                          Logical Resource(s)
    ----------------------------------------------------  -------------------
    SLICE_X65Y93.BQ         Tcko                  0.414   i2c_interface/input_fifo/U0/xst_fifo_generator/gconvfifo.rf/grf.rf/gntv_or_sync_fifo.gl0.wr/wpntr/count_d2<9>
                                                          i2c_interface/input_fifo/U0/xst_fifo_generator/gconvfifo.rf/grf.rf/gntv_or_sync_fifo.gl0.wr/wpntr/count_d2_9
    RAMB36_X2Y18.ADDRAU14   net (fanout=3)        0.495   i2c_interface/input_fifo/U0/xst_fifo_generator/gconvfifo.rf/grf.rf/gntv_or_sync_fifo.gl0.wr/wpntr/count_d2<9>
    RAMB36_X2Y18.CLKARDCLKU Trckc_ADDRA (-Th)     0.294   AudioL/AudioOutFIFO_Instance/U0/xst_fifo_generator/gconvfifo.rf/grf.rf/gntv_or_sync_fifo.mem/gbm.gbmg.gbmga.ngecc.bmg/gnativebmg.native_blk_mem_gen/valid.cstr/ramloop[0].ram.r/v5_noinit.ram/SDP.SINGLE_PRIM18.SDP
                                                          i2c_interface/input_fifo/U0/xst_fifo_generator/gconvfifo.rf/grf.rf/gntv_or_sync_fifo.mem/gbm.gbmg.gbmga.ngecc.bmg/gnativebmg.native_blk_mem_gen/valid.cstr/ramloop[0].ram.r/v5_noinit.ram/SDP.SINGLE_PRIM18.SDP
    ----------------------------------------------------  ---------------------------
    Total                                         0.615ns (0.120ns logic, 0.495ns route)
                                                          (19.5% logic, 80.5% route)

--------------------------------------------------------------------------------

Component Switching Limit Checks: TS_Inst_DCM_100_CLKOUT0_BUF = PERIOD TIMEGRP "Inst_DCM_100_CLKOUT0_BUF"
        TS_Inst_DCM_100_CLK0_BUF HIGH 50%;
--------------------------------------------------------------------------------
Slack: 7.778ns (period - min period limit)
  Period: 10.000ns
  Min period limit: 2.222ns (450.045MHz) (Trper_CLKB)
  Physical resource: i2c_core/output_fifo[1].output_fifo_asynch/U0/xst_fifo_generator/gconvfifo.rf/grf.rf/gntv_or_sync_fifo.mem/gbm.gbmg.gbmga.ngecc.bmg/gnativebmg.native_blk_mem_gen/valid.cstr/ramloop[0].ram.r/v5_noinit.ram/SDP.SINGLE_PRIM18.SDP/CLKBL
  Logical resource: i2c_core/output_fifo[1].output_fifo_asynch/U0/xst_fifo_generator/gconvfifo.rf/grf.rf/gntv_or_sync_fifo.mem/gbm.gbmg.gbmga.ngecc.bmg/gnativebmg.native_blk_mem_gen/valid.cstr/ramloop[0].ram.r/v5_noinit.ram/SDP.SINGLE_PRIM18.SDP/CLKBL
  Location pin: RAMB36_X3Y0.CLKBWRCLKL
  Clock network: CLK_100
--------------------------------------------------------------------------------
Slack: 7.778ns (period - min period limit)
  Period: 10.000ns
  Min period limit: 2.222ns (450.045MHz) (Trper_CLKB)
  Physical resource: i2c_core/output_fifo[1].output_fifo_asynch/U0/xst_fifo_generator/gconvfifo.rf/grf.rf/gntv_or_sync_fifo.mem/gbm.gbmg.gbmga.ngecc.bmg/gnativebmg.native_blk_mem_gen/valid.cstr/ramloop[0].ram.r/v5_noinit.ram/SDP.SINGLE_PRIM18.SDP/REGCLKBL
  Logical resource: i2c_core/output_fifo[1].output_fifo_asynch/U0/xst_fifo_generator/gconvfifo.rf/grf.rf/gntv_or_sync_fifo.mem/gbm.gbmg.gbmga.ngecc.bmg/gnativebmg.native_blk_mem_gen/valid.cstr/ramloop[0].ram.r/v5_noinit.ram/SDP.SINGLE_PRIM18.SDP/REGCLKBL
  Location pin: RAMB36_X3Y0.REGCLKBWRRCLKL
  Clock network: CLK_100
--------------------------------------------------------------------------------
Slack: 7.778ns (period - min period limit)
  Period: 10.000ns
  Min period limit: 2.222ns (450.045MHz) (Trper_CLKA)
  Physical resource: BROM_instance/U0/xst_blk_mem_generator/gnativebmg.native_blk_mem_gen/valid.cstr/ramloop[9].ram.r/v5_noinit.ram/SP.SINGLE_PRIM36.SP/CLKAL
  Logical resource: BROM_instance/U0/xst_blk_mem_generator/gnativebmg.native_blk_mem_gen/valid.cstr/ramloop[9].ram.r/v5_noinit.ram/SP.SINGLE_PRIM36.SP/CLKAL
  Location pin: RAMB36_X1Y1.CLKARDCLKL
  Clock network: CLK_100
--------------------------------------------------------------------------------


Derived Constraint Report
Derived Constraints for TS_clk
+-------------------------------+-------------+-------------+-------------+-------------+-------------+-------------+-------------+
|                               |   Period    |       Actual Period       |      Timing Errors        |      Paths Analyzed       |
|           Constraint          | Requirement |-------------+-------------|-------------+-------------|-------------+-------------|
|                               |             |   Direct    | Derivative  |   Direct    | Derivative  |   Direct    | Derivative  |
+-------------------------------+-------------+-------------+-------------+-------------+-------------+-------------+-------------+
|TS_clk                         |     10.000ns|      8.332ns|     11.200ns|            0|         1208|            0|     41097043|
| TS_Inst_DCM_100_CLK0_BUF      |     10.000ns|      4.000ns|     11.200ns|            0|         1208|            0|     41097043|
|  TS_Inst_DCM_100_CLKOUT0_BUF  |     10.000ns|     11.200ns|          N/A|         1208|            0|     41097043|            0|
+-------------------------------+-------------+-------------+-------------+-------------+-------------+-------------+-------------+

1 constraint not met.


Data Sheet report:
-----------------
All values displayed in nanoseconds (ns)

Clock to Setup on destination clock clk_in
---------------+---------+---------+---------+---------+
               | Src:Rise| Src:Fall| Src:Rise| Src:Fall|
Source Clock   |Dest:Rise|Dest:Rise|Dest:Fall|Dest:Fall|
---------------+---------+---------+---------+---------+
clk_in         |   11.139|    5.600|    4.809|         |
---------------+---------+---------+---------+---------+


Timing summary:
---------------

Timing errors: 1208  Score: 324184  (Setup/Max: 324184, Hold: 0)

Constraints cover 41097043 paths, 0 nets, and 35573 connections

Design statistics:
   Minimum period:  11.200ns{1}   (Maximum frequency:  89.286MHz)


------------------------------------Footnotes-----------------------------------
1)  The minimum period statistic assumes all single cycle delays.

Analysis completed Sat Nov 25 16:00:10 2017 
--------------------------------------------------------------------------------

Trace Settings:
-------------------------
Trace Settings 

Peak Memory Usage: 373 MB



