ISim log file
Running: /home/sajjad/WS18/ASIPMeisterProjects/1/brownie/ISE_Framework/tf_deboun_isim_beh.exe -intstyle ise -gui -tclbatch isim.cmd -wdb /home/sajjad/WS18/ASIPMeisterProjects/1/brownie/ISE_Framework/tf_deboun_isim_beh.wdb 
ISim O.61xd (signature 0x84a0141b)
----------------------------------------------------------------------
INFO:Security:50 - The XILINXD_LICENSE_FILE environment variable is set to '2100@i80pdc.irf.uni-karlsruhe.de'.
INFO:Security:52 - The LM_LICENSE_FILE environment variable is set to '1717@scclic2.scc.kit.edu:1717@scclic2.scc.kit.edu:'.
WARNING:Security:43 - No license file was found in the standard Xilinx license directory.
WARNING:Security:44 - No license file was found.
       Please run the Xilinx License Configuration Manager
       (xlcm or "Manage Xilinx Licenses")
       to assist in obtaining a license.
WARNING:Security:42 - Your software subscription period has lapsed. Your current version of Xilinx tools will continue to function, but you no longer qualify for Xilinx software updates or new releases.


----------------------------------------------------------------------
This is a Full version of ISim.
Time resolution is 1 ps
# onerror resume
# wave add /
# run 1000 ns
Simulator is doing circuit initialization process.
Finished circuit initialization process.
at 0 ps, Instance /tf_deboun/uut/ : Warning: There is an 'U'|'X'|'W'|'Z'|'-' in an arithmetic operand, the result will be 'X'(es).
# run 1.00us
# run all
Stopped at time : 19679860 ns : File "/home/sajjad/WS18/ASIPMeisterProjects/1/brownie/ISE_Framework/Debouncer.vhd" Line 28
# run all
Stopped at time : 2033520320 ns : File "/home/sajjad/WS18/ASIPMeisterProjects/1/brownie/ISE_Framework/Debouncer.vhd" Line 40
# exit 0
