i1:	321	i2:	45	avg:	183	swap:	183	max:	321	min:	44	ror:	268435476
i1:	51	i2:	765	avg:	408	swap:	408	max:	51	min:	44	ror:	805306371
i1:	890345	i2:	12	avg:	445178	swap:	445178	max:	890345	min:	44	ror:	-1878992546
i1:	75	i2:	78	avg:	76	swap:	76	max:	75	min:	44	ror:	-1342177276
i1:	78	i2:	74	avg:	76	swap:	76	max:	78	min:	44	ror:	-536870908
i1:	7	i2:	42	avg:	24	swap:	24	max:	44	min:	7	ror:	1879048192
i1:	34478651	i2:	1253	avg:	17239952	swap:	17239952	max:	34478651	min:	44	ror:	-1340022365
i1:	2342	i2:	236377	avg:	119359	swap:	119359	max:	2342	min:	44	ror:	1610612882
i1:	568	i2:	5683	avg:	3125	swap:	3125	max:	568	min:	44	ror:	-2147483613
i1:	7894578	i2:	79	avg:	3947328	swap:	3947328	max:	7894578	min:	44	ror:	537364323
i1:	7	i2:	86	avg:	46	swap:	46	max:	44	min:	7	ror:	1879048192
i1:	3461	i2:	643	avg:	2052	swap:	2052	max:	3461	min:	44	ror:	1342177496
i1:	1235	i2:	52314576	avg:	26157905	swap:	26157905	max:	1235	min:	44	ror:	805306445
i1:	3467753	i2:	3461	avg:	1735607	swap:	1735607	max:	3467753	min:	44	ror:	-1878831458
i1:	75	i2:	57	avg:	66	swap:	66	max:	75	min:	44	ror:	-1342177276
i1:	685	i2:	785	avg:	735	swap:	735	max:	685	min:	44	ror:	-805306326
i1:	79	i2:	79	avg:	79	swap:	79	max:	79	min:	44	ror:	-268435452
i1:	45568564	i2:	47	avg:	22784305	swap:	22784305	max:	45568564	min:	44	ror:	1076589859
i1:	35	i2:	3461	avg:	1748	swap:	1748	max:	44	min:	35	ror:	805306370
i1:	7625	i2:	2513	avg:	5069	swap:	5069	max:	7625	min:	44	ror:	-1879047716
