asip04@i80labpc01:~/LabASIP/Session9/ASIPMeisterProjects/dlx_basis/Applications/mini:$make dlxsim DLXSIM_PARAM="-da0 -lfoutput_dlxsim_lf_array1.txt"
-----------------------------------------------
Starting dlxsim:
-----------------------------------------------
/Software/epp/dlxsim/dlxsim -fBUILD_SIM/mini.dlxsim -da0 -lfoutput_dlxsim_lf_array1.txt
Biggest used address for Text Section (word aligned): 0x4a1c
Biggest used address for Data Section (word aligned): 0x4eb4
(dlxsim) go
AUDIO_R:    32772	(0x8004)
AUDIO_L:    32768	(0x8000)
AUDIO_R:    32768	(0x8000)
AUDIO_L:    32767	(0x7fff)
AUDIO_R:    32767	(0x7fff)
AUDIO_L:    32767	(0x7fff)
AUDIO_R:    32775	(0x8007)
AUDIO_L:    32772	(0x8004)
AUDIO_R:    32783	(0x800f)
AUDIO_L:    32776	(0x8008)
AUDIO_R:    32779	(0x800b)
AUDIO_L:    32771	(0x8003)
AUDIO_R:    32770	(0x8002)
AUDIO_L:    32765	(0x7ffd)
AUDIO_R:    32766	(0x7ffe)
AUDIO_L:    32766	(0x7ffe)
AUDIO_R:    32769	(0x8001)
AUDIO_L:    32769	(0x8001)
AUDIO_R:    32769	(0x8001)
AUDIO_L:    32766	(0x7ffe)
AUDIO_R:    32770	(0x8002)
AUDIO_L:    32759	(0x7ff7)
AUDIO_R:    32777	(0x8009)
AUDIO_L:    32752	(0x7ff0)
AUDIO_R:    32783	(0x800f)
AUDIO_L:    32754	(0x7ff2)
AUDIO_R:    32779	(0x800b)
AUDIO_L:    32762	(0x7ffa)
AUDIO_R:    32771	(0x8003)
AUDIO_L:    32778	(0x800a)
AUDIO_R:    32771	(0x8003)
AUDIO_L:    32786	(0x8012)
AUDIO_R:    32776	(0x8008)
AUDIO_L:    32782	(0x800e)
AUDIO_R:    32781	(0x800d)
AUDIO_L:    32767	(0x7fff)
AUDIO_R:    32781	(0x800d)
AUDIO_L:    32756	(0x7ff4)
AUDIO_R:    32781	(0x800d)
AUDIO_L:    32757	(0x7ff5)
AUDIO_R:    32778	(0x800a)
AUDIO_L:    32760	(0x7ff8)
AUDIO_R:    32772	(0x8004)
AUDIO_L:    32751	(0x7fef)
AUDIO_R:    32764	(0x7ffc)
AUDIO_L:    32752	(0x7ff0)
AUDIO_R:    32763	(0x7ffb)
AUDIO_L:    32769	(0x8001)
AUDIO_R:    32771	(0x8003)
AUDIO_L:    32786	(0x8012)
AUDIO_R:    32780	(0x800c)
AUDIO_L:    32786	(0x8012)
AUDIO_R:    32782	(0x800e)
AUDIO_L:    32778	(0x800a)
AUDIO_R:    32774	(0x8006)
AUDIO_L:    32780	(0x800c)
AUDIO_R:    32774	(0x8006)
AUDIO_L:    32779	(0x800b)
AUDIO_R:    32786	(0x8012)
AUDIO_L:    32775	(0x8007)
AUDIO_R:    32793	(0x8019)
AUDIO_L:    32759	(0x7ff7)
AUDIO_R:    32784	(0x8010)
AUDIO_L:    32762	(0x7ffa)
AUDIO_R:    32774	(0x8006)
AUDIO_L:    32764	(0x7ffc)
AUDIO_R:    32774	(0x8006)
AUDIO_L:    32759	(0x7ff7)
AUDIO_R:    32777	(0x8009)
AUDIO_L:    32765	(0x7ffd)
AUDIO_R:    32776	(0x8008)
AUDIO_L:    32782	(0x800e)
AUDIO_R:    32768	(0x8000)
AUDIO_L:    32790	(0x8016)
AUDIO_R:    32775	(0x8007)
AUDIO_L:    32773	(0x8005)
AUDIO_R:    32780	(0x800c)
AUDIO_L:    32755	(0x7ff3)
AUDIO_R:    32786	(0x8012)
AUDIO_L:    32757	(0x7ff5)
AUDIO_R:    32775	(0x8007)
AUDIO_L:    32778	(0x800a)
AUDIO_R:    32769	(0x8001)
AUDIO_L:    32787	(0x8013)
AUDIO_R:    32770	(0x8002)
AUDIO_L:    32781	(0x800d)
AUDIO_R:    32775	(0x8007)
AUDIO_L:    32765	(0x7ffd)
AUDIO_R:    32780	(0x800c)
AUDIO_L:    32753	(0x7ff1)
AUDIO_R:    32787	(0x8013)
AUDIO_L:    32756	(0x7ff4)
AUDIO_R:    32785	(0x8011)
AUDIO_L:    32775	(0x8007)
AUDIO_R:    32778	(0x800a)
AUDIO_L:    32781	(0x800d)
AUDIO_R:    32768	(0x8000)
AUDIO_L:    32775	(0x8007)
AUDIO_R:    32777	(0x8009)
AUDIO_L:    32771	(0x8003)
AUDIO_R:    32789	(0x8015)
AUDIO_L:    32783	(0x800f)
AUDIO_R:    32789	(0x8015)
AUDIO_L:    32783	(0x800f)
AUDIO_R:    32782	(0x800e)
AUDIO_L:    32772	(0x8004)
AUDIO_R:    32776	(0x8008)
AUDIO_L:    32762	(0x7ffa)
AUDIO_R:    32784	(0x8010)
AUDIO_L:    32766	(0x7ffe)
AUDIO_R:    32794	(0x801a)
AUDIO_L:    32776	(0x8008)
AUDIO_R:    32800	(0x8020)
AUDIO_L:    32772	(0x8004)
AUDIO_R:    32790	(0x8016)
AUDIO_L:    32766	(0x7ffe)
AUDIO_R:    32775	(0x8007)
AUDIO_L:    32777	(0x8009)
AUDIO_R:    32779	(0x800b)
AUDIO_L:    32777	(0x8009)
AUDIO_R:    32787	(0x8013)
AUDIO_L:    32769	(0x8001)
AUDIO_R:    32784	(0x8010)
AUDIO_L:    32770	(0x8002)
AUDIO_R:    32772	(0x8004)
AUDIO_L:    32780	(0x800c)
AUDIO_R:    32773	(0x8005)
AUDIO_L:    32786	(0x8012)
AUDIO_R:    32778	(0x800a)
AUDIO_L:    32777	(0x8009)
AUDIO_R:    32778	(0x800a)
AUDIO_L:    32766	(0x7ffe)
AUDIO_R:    32773	(0x8005)
AUDIO_L:    32766	(0x7ffe)
AUDIO_R:    32778	(0x800a)
AUDIO_L:    32771	(0x8003)
AUDIO_R:    32793	(0x8019)
AUDIO_L:    32772	(0x8004)
AUDIO_R:    32797	(0x801d)
AUDIO_L:    32773	(0x8005)
AUDIO_R:    32770	(0x8002)
AUDIO_L:    32783	(0x800f)
AUDIO_R:    32760	(0x7ff8)
AUDIO_L:    32781	(0x800d)
AUDIO_R:    32774	(0x8006)
AUDIO_L:    32776	(0x8008)
AUDIO_R:    32797	(0x801d)
AUDIO_L:    32779	(0x800b)
AUDIO_R:    32802	(0x8022)
AUDIO_L:    32774	(0x8006)
AUDIO_R:    32784	(0x8010)
AUDIO_L:    32767	(0x7fff)
AUDIO_R:    32770	(0x8002)
AUDIO_L:    32768	(0x8000)
AUDIO_R:    32775	(0x8007)
AUDIO_L:    32781	(0x800d)
AUDIO_R:    32775	(0x8007)
AUDIO_L:    32781	(0x800d)
AUDIO_R:    32777	(0x8009)
AUDIO_L:    32770	(0x8002)
AUDIO_R:    32780	(0x800c)
AUDIO_L:    32766	(0x7ffe)
AUDIO_R:    32784	(0x8010)
AUDIO_L:    32778	(0x800a)
AUDIO_R:    32780	(0x800c)
AUDIO_L:    32786	(0x8012)
AUDIO_R:    32775	(0x8007)
AUDIO_L:    32779	(0x800b)
AUDIO_R:    32780	(0x800c)
AUDIO_L:    32774	(0x8006)
AUDIO_R:    32792	(0x8018)
AUDIO_L:    32780	(0x800c)
AUDIO_R:    32805	(0x8025)
AUDIO_L:    32781	(0x800d)
AUDIO_R:    32796	(0x801c)
AUDIO_L:    32778	(0x800a)
AUDIO_R:    32785	(0x8011)
AUDIO_L:    32783	(0x800f)
AUDIO_R:    32781	(0x800d)
AUDIO_L:    32787	(0x8013)
AUDIO_R:    32779	(0x800b)
AUDIO_L:    32778	(0x800a)
AUDIO_R:    32777	(0x8009)
AUDIO_L:    32763	(0x7ffb)
AUDIO_R:    32793	(0x8019)
AUDIO_L:    32772	(0x8004)
AUDIO_R:    32813	(0x802d)
AUDIO_L:    32797	(0x801d)
AUDIO_R:    32822	(0x8036)
AUDIO_L:    32791	(0x8017)
AUDIO_R:    32812	(0x802c)
AUDIO_L:    32771	(0x8003)
AUDIO_R:    32776	(0x8008)
AUDIO_L:    32781	(0x800d)
AUDIO_R:    32768	(0x8000)
AUDIO_L:    32806	(0x8026)
AUDIO_R:    32771	(0x8003)
AUDIO_L:    32802	(0x8022)
AUDIO_R:    32790	(0x8016)
AUDIO_L:    32793	(0x8019)
AUDIO_R:    32796	(0x801c)
AUDIO_L:    32787	(0x8013)
AUDIO_R:    32800	(0x8020)
AUDIO_L:    32793	(0x8019)
AUDIO_R:    32804	(0x8024)
AUDIO_L:    32790	(0x8016)
AUDIO_R:    32808	(0x8028)
AUDIO_L:    32787	(0x8013)
AUDIO_R:    32800	(0x8020)
AUDIO_L:    32802	(0x8022)
AUDIO_R:    32796	(0x801c)
AUDIO_L:    32806	(0x8026)
AUDIO_R:    32788	(0x8014)
AUDIO_L:    32777	(0x8009)
AUDIO_R:    32787	(0x8013)
AUDIO_L:    32757	(0x7ff5)
AUDIO_R:    32795	(0x801b)
AUDIO_L:    32760	(0x7ff8)
AUDIO_R:    32801	(0x8021)
AUDIO_L:    32796	(0x801c)
AUDIO_R:    32801	(0x8021)
AUDIO_L:    32805	(0x8025)
AUDIO_R:    32793	(0x8019)
AUDIO_L:    32790	(0x8016)
AUDIO_R:    32793	(0x8019)
AUDIO_L:    32778	(0x800a)
AUDIO_R:    32791	(0x8017)
AUDIO_L:    32789	(0x8015)
AUDIO_R:    32791	(0x8017)
AUDIO_L:    32797	(0x801d)
AUDIO_R:    32791	(0x8017)
AUDIO_L:    32792	(0x8018)
AUDIO_R:    32793	(0x8019)
AUDIO_L:    32789	(0x8015)
AUDIO_R:    32790	(0x8016)
AUDIO_L:    32782	(0x800e)
AUDIO_R:    32783	(0x800f)
AUDIO_L:    32774	(0x8006)
AUDIO_R:    32780	(0x800c)
AUDIO_L:    32777	(0x8009)
AUDIO_R:    32786	(0x8012)
AUDIO_L:    32789	(0x8015)
AUDIO_R:    32792	(0x8018)
AUDIO_L:    32793	(0x8019)
AUDIO_R:    32790	(0x8016)
AUDIO_L:    32783	(0x800f)
AUDIO_R:    32784	(0x8010)
AUDIO_L:    32777	(0x8009)
AUDIO_R:    32788	(0x8014)
AUDIO_L:    32782	(0x800e)
AUDIO_R:    32797	(0x801d)
AUDIO_L:    32787	(0x8013)
AUDIO_R:    32797	(0x801d)
AUDIO_L:    32779	(0x800b)
AUDIO_R:    32786	(0x8012)
AUDIO_L:    32771	(0x8003)
AUDIO_R:    32785	(0x8011)
AUDIO_L:    32779	(0x800b)
AUDIO_R:    32790	(0x8016)
AUDIO_L:    32789	(0x8015)
AUDIO_R:    32788	(0x8014)
AUDIO_L:    32794	(0x801a)
AUDIO_R:    32781	(0x800d)
AUDIO_L:    32792	(0x8018)
AUDIO_R:    32788	(0x8014)
AUDIO_L:    32789	(0x8015)
AUDIO_R:    32803	(0x8023)
AUDIO_L:    32781	(0x800d)
AUDIO_R:    32806	(0x8026)
AUDIO_L:    32768	(0x8000)
AUDIO_R:    32793	(0x8019)
AUDIO_L:    32771	(0x8003)
AUDIO_R:    32775	(0x8007)
AUDIO_L:    32772	(0x8004)
AUDIO_R:    32775	(0x8007)
AUDIO_L:    32778	(0x800a)
AUDIO_R:    32791	(0x8017)
AUDIO_L:    32784	(0x8010)
AUDIO_R:    32799	(0x801f)
AUDIO_L:    32785	(0x8011)
AUDIO_R:    32803	(0x8023)
AUDIO_L:    32788	(0x8014)
AUDIO_R:    32802	(0x8022)
AUDIO_L:    32780	(0x800c)
AUDIO_R:    32798	(0x801e)
AUDIO_L:    32770	(0x8002)
AUDIO_R:    32795	(0x801b)
AUDIO_L:    32771	(0x8003)
AUDIO_R:    32799	(0x801f)
AUDIO_L:    32789	(0x8015)
AUDIO_R:    32792	(0x8018)
AUDIO_L:    32795	(0x801b)
AUDIO_R:    32788	(0x8014)
AUDIO_L:    32790	(0x8016)
AUDIO_R:    32779	(0x800b)
AUDIO_L:    32785	(0x8011)
AUDIO_R:    32771	(0x8003)
AUDIO_L:    32786	(0x8012)
AUDIO_R:    32776	(0x8008)
AUDIO_L:    32794	(0x801a)
AUDIO_R:    32792	(0x8018)
AUDIO_L:    32790	(0x8016)
AUDIO_R:    32800	(0x8020)
AUDIO_L:    32778	(0x800a)
AUDIO_R:    32793	(0x8019)
AUDIO_L:    32768	(0x8000)
AUDIO_R:    32785	(0x8011)
AUDIO_L:    32770	(0x8002)
AUDIO_R:    32777	(0x8009)
AUDIO_L:    32789	(0x8015)
AUDIO_R:    32791	(0x8017)
AUDIO_L:    32805	(0x8025)
AUDIO_R:    32807	(0x8027)
AUDIO_L:    32792	(0x8018)
AUDIO_R:    32802	(0x8022)
AUDIO_L:    32772	(0x8004)
AUDIO_R:    32776	(0x8008)
AUDIO_L:    32766	(0x7ffe)
AUDIO_R:    32763	(0x7ffb)
AUDIO_L:    32784	(0x8010)
AUDIO_R:    32782	(0x800e)
AUDIO_L:    32794	(0x801a)
AUDIO_R:    32809	(0x8029)
AUDIO_L:    32782	(0x800e)
AUDIO_R:    32800	(0x8020)
AUDIO_L:    32769	(0x8001)
AUDIO_R:    32781	(0x800d)
AUDIO_L:    32763	(0x7ffb)
AUDIO_R:    32773	(0x8005)
AUDIO_L:    32770	(0x8002)
AUDIO_R:    32788	(0x8014)
AUDIO_L:    32771	(0x8003)
AUDIO_R:    32796	(0x801c)
AUDIO_L:    32772	(0x8004)
AUDIO_R:    32787	(0x8013)
AUDIO_L:    32774	(0x8006)
AUDIO_R:    32781	(0x800d)
AUDIO_L:    32779	(0x800b)
AUDIO_R:    32789	(0x8015)
AUDIO_L:    32783	(0x800f)
AUDIO_R:    32801	(0x8021)
AUDIO_L:    32784	(0x8010)
AUDIO_R:    32805	(0x8025)
AUDIO_L:    32780	(0x800c)
AUDIO_R:    32790	(0x8016)
AUDIO_L:    32781	(0x800d)
AUDIO_R:    32783	(0x800f)
AUDIO_L:    32781	(0x800d)
AUDIO_R:    32783	(0x800f)
AUDIO_L:    32773	(0x8005)
AUDIO_R:    32787	(0x8013)
AUDIO_L:    32762	(0x7ffa)
AUDIO_R:    32787	(0x8013)
AUDIO_L:    32756	(0x7ff4)
AUDIO_R:    32794	(0x801a)
AUDIO_L:    32779	(0x800b)
AUDIO_R:    32801	(0x8021)
AUDIO_L:    32805	(0x8025)
AUDIO_R:    32795	(0x801b)
AUDIO_L:    32805	(0x8025)
AUDIO_R:    32777	(0x8009)
AUDIO_L:    32787	(0x8013)
AUDIO_R:    32777	(0x8009)
AUDIO_L:    32780	(0x800c)
AUDIO_R:    32782	(0x800e)
AUDIO_L:    32770	(0x8002)
AUDIO_R:    32781	(0x800d)
AUDIO_L:    32762	(0x7ffa)
AUDIO_R:    32785	(0x8011)
AUDIO_L:    32764	(0x7ffc)
AUDIO_R:    32789	(0x8015)
AUDIO_L:    32779	(0x800b)
AUDIO_R:    32800	(0x8020)
AUDIO_L:    32787	(0x8013)
AUDIO_R:    32799	(0x801f)
AUDIO_L:    32778	(0x800a)
AUDIO_R:    32785	(0x8011)
AUDIO_L:    32768	(0x8000)
AUDIO_R:    32783	(0x800f)
AUDIO_L:    32756	(0x7ff4)
AUDIO_R:    32790	(0x8016)
AUDIO_L:    32768	(0x8000)
AUDIO_R:    32797	(0x801d)
AUDIO_L:    32787	(0x8013)
AUDIO_R:    32784	(0x8010)
AUDIO_L:    32793	(0x8019)
AUDIO_R:    32775	(0x8007)
AUDIO_L:    32782	(0x800e)
AUDIO_R:    32780	(0x800c)
AUDIO_L:    32761	(0x7ff9)
AUDIO_R:    32799	(0x801f)
AUDIO_L:    32761	(0x7ff9)
AUDIO_R:    32807	(0x8027)
AUDIO_L:    32776	(0x8008)
AUDIO_R:    32792	(0x8018)
AUDIO_L:    32787	(0x8013)
AUDIO_R:    32783	(0x800f)
AUDIO_L:    32779	(0x800b)
AUDIO_R:    32776	(0x8008)
AUDIO_L:    32773	(0x8005)
AUDIO_R:    32782	(0x800e)
AUDIO_L:    32784	(0x8010)
AUDIO_R:    32796	(0x801c)
AUDIO_L:    32798	(0x801e)
AUDIO_R:    32804	(0x8024)
AUDIO_L:    32790	(0x8016)
AUDIO_R:    32801	(0x8021)
AUDIO_L:    32778	(0x800a)
AUDIO_R:    32795	(0x801b)
AUDIO_L:    32774	(0x8006)
AUDIO_R:    32787	(0x8013)
AUDIO_L:    32794	(0x801a)
AUDIO_R:    32783	(0x800f)
AUDIO_L:    32806	(0x8026)
AUDIO_R:    32785	(0x8011)
AUDIO_L:    32798	(0x801e)
AUDIO_R:    32781	(0x800d)
AUDIO_L:    32787	(0x8013)
AUDIO_R:    32781	(0x800d)
AUDIO_L:    32779	(0x800b)
AUDIO_R:    32783	(0x800f)
AUDIO_L:    32779	(0x800b)
AUDIO_R:    32780	(0x800c)
AUDIO_L:    32783	(0x800f)
AUDIO_R:    32780	(0x800c)
AUDIO_L:    32785	(0x8011)
AUDIO_R:    32788	(0x8014)
AUDIO_L:    32780	(0x800c)
AUDIO_R:    32794	(0x801a)
AUDIO_L:    32772	(0x8004)
AUDIO_R:    32785	(0x8011)
AUDIO_L:    32773	(0x8005)
AUDIO_R:    32779	(0x800b)
AUDIO_L:    32777	(0x8009)
AUDIO_R:    32783	(0x800f)
AUDIO_L:    32768	(0x8000)
AUDIO_R:    32787	(0x8013)
AUDIO_L:    32759	(0x7ff7)
AUDIO_R:    32777	(0x8009)
AUDIO_L:    32767	(0x7fff)
AUDIO_R:    32764	(0x7ffc)
AUDIO_L:    32782	(0x800e)
AUDIO_R:    32770	(0x8002)
AUDIO_L:    32791	(0x8017)
AUDIO_R:    32789	(0x8015)
AUDIO_L:    32782	(0x800e)
AUDIO_R:    32797	(0x801d)
AUDIO_L:    32770	(0x8002)
AUDIO_R:    32788	(0x8014)
AUDIO_L:    32764	(0x7ffc)
AUDIO_R:    32779	(0x800b)
AUDIO_L:    32766	(0x7ffe)
AUDIO_R:    32778	(0x800a)
AUDIO_L:    32767	(0x7fff)
AUDIO_R:    32781	(0x800d)
AUDIO_L:    32783	(0x800f)
AUDIO_R:    32779	(0x800b)
AUDIO_L:    32783	(0x800f)
AUDIO_R:    32779	(0x800b)
AUDIO_L:    32771	(0x8003)
AUDIO_R:    32777	(0x8009)
AUDIO_L:    32767	(0x7fff)
AUDIO_R:    32781	(0x800d)
AUDIO_L:    32791	(0x8017)
AUDIO_R:    32787	(0x8013)
AUDIO_L:    32804	(0x8024)
AUDIO_R:    32793	(0x8019)
AUDIO_L:    32783	(0x800f)
AUDIO_R:    32797	(0x801d)
AUDIO_L:    32772	(0x8004)
AUDIO_R:    32797	(0x801d)
AUDIO_L:    32752	(0x7ff0)
AUDIO_R:    32795	(0x801b)
AUDIO_L:    32768	(0x8000)
AUDIO_R:    32803	(0x8023)
AUDIO_L:    32772	(0x8004)
AUDIO_R:    32801	(0x8021)
AUDIO_L:    32776	(0x8008)
AUDIO_R:    32786	(0x8012)
AUDIO_L:    32795	(0x801b)
AUDIO_R:    32770	(0x8002)
AUDIO_L:    32808	(0x8028)
AUDIO_R:    32762	(0x7ffa)
AUDIO_L:    32793	(0x8019)
AUDIO_R:    32788	(0x8014)
AUDIO_L:    32763	(0x7ffb)
AUDIO_R:    32804	(0x8024)
AUDIO_L:    32777	(0x8009)
AUDIO_R:    32802	(0x8022)
AUDIO_L:    32798	(0x801e)
AUDIO_R:    32794	(0x801a)
AUDIO_L:    32804	(0x8024)
AUDIO_R:    32787	(0x8013)
AUDIO_L:    32790	(0x8016)
AUDIO_R:    32792	(0x8018)
AUDIO_L:    32785	(0x8011)
AUDIO_R:    32800	(0x8020)
AUDIO_L:    32790	(0x8016)
AUDIO_R:    32800	(0x8020)
AUDIO_L:    32792	(0x8018)
AUDIO_R:    32796	(0x801c)
AUDIO_L:    32786	(0x8012)
AUDIO_R:    32794	(0x801a)
AUDIO_L:    32783	(0x800f)
AUDIO_R:    32802	(0x8022)
AUDIO_L:    32790	(0x8016)
AUDIO_R:    32801	(0x8021)
AUDIO_L:    32787	(0x8013)
AUDIO_R:    32797	(0x801d)
AUDIO_L:    32779	(0x800b)
AUDIO_R:    32791	(0x8017)
AUDIO_L:    32780	(0x800c)
AUDIO_R:    32786	(0x8012)
AUDIO_L:    32780	(0x800c)
AUDIO_R:    32795	(0x801b)
AUDIO_L:    32781	(0x800d)
AUDIO_R:    32807	(0x8027)
AUDIO_L:    32783	(0x800f)
AUDIO_R:    32811	(0x802b)
AUDIO_L:    32793	(0x8019)
AUDIO_R:    32796	(0x801c)
AUDIO_L:    32799	(0x801f)
AUDIO_R:    32786	(0x8012)
AUDIO_L:    32793	(0x8019)
AUDIO_R:    32791	(0x8017)
AUDIO_L:    32797	(0x801d)
AUDIO_R:    32803	(0x8023)
AUDIO_L:    32802	(0x8022)
AUDIO_R:    32806	(0x8026)
AUDIO_L:    32799	(0x801f)
AUDIO_R:    32802	(0x8022)
AUDIO_L:    32789	(0x8015)
AUDIO_R:    32807	(0x8027)
AUDIO_L:    32784	(0x8010)
AUDIO_R:    32805	(0x8025)
AUDIO_L:    32792	(0x8018)
AUDIO_R:    32799	(0x801f)
AUDIO_L:    32797	(0x801d)
AUDIO_R:    32791	(0x8017)
AUDIO_L:    32793	(0x8019)
AUDIO_R:    32804	(0x8024)
AUDIO_L:    32797	(0x801d)
AUDIO_R:    32813	(0x802d)
AUDIO_L:    32803	(0x8023)
AUDIO_R:    32801	(0x8021)
AUDIO_L:    32793	(0x8019)
AUDIO_R:    32786	(0x8012)
AUDIO_L:    32773	(0x8005)
AUDIO_R:    32788	(0x8014)
AUDIO_L:    32778	(0x800a)
AUDIO_R:    32800	(0x8020)
AUDIO_L:    32802	(0x8022)
AUDIO_R:    32795	(0x801b)
AUDIO_L:    32810	(0x802a)
AUDIO_R:    32779	(0x800b)
AUDIO_L:    32783	(0x800f)
AUDIO_R:    32771	(0x8003)
AUDIO_L:    32774	(0x8006)
AUDIO_R:    32798	(0x801e)
AUDIO_L:    32789	(0x8015)
AUDIO_R:    32807	(0x8027)
AUDIO_L:    32800	(0x8020)
AUDIO_R:    32798	(0x801e)
AUDIO_L:    32779	(0x800b)
AUDIO_R:    32781	(0x800d)
AUDIO_L:    32766	(0x7ffe)
AUDIO_R:    32785	(0x8011)
AUDIO_L:    32787	(0x8013)
AUDIO_R:    32789	(0x8015)
AUDIO_L:    32803	(0x8023)
AUDIO_R:    32793	(0x8019)
AUDIO_L:    32792	(0x8018)
AUDIO_R:    32796	(0x801c)
AUDIO_L:    32777	(0x8009)
AUDIO_R:    32805	(0x8025)
AUDIO_L:    32780	(0x800c)
AUDIO_R:    32804	(0x8024)
AUDIO_L:    32783	(0x800f)
AUDIO_R:    32790	(0x8016)
AUDIO_L:    32783	(0x800f)
AUDIO_R:    32772	(0x8004)
AUDIO_L:    32791	(0x8017)
AUDIO_R:    32779	(0x800b)
AUDIO_L:    32804	(0x8024)
AUDIO_R:    32801	(0x8021)
AUDIO_L:    32792	(0x8018)
AUDIO_R:    32805	(0x8025)
AUDIO_L:    32777	(0x8009)
AUDIO_R:    32787	(0x8013)
AUDIO_L:    32777	(0x8009)
AUDIO_R:    32786	(0x8012)
AUDIO_L:    32793	(0x8019)
AUDIO_R:    32791	(0x8017)
AUDIO_L:    32785	(0x8011)
AUDIO_R:    32799	(0x801f)
AUDIO_L:    32769	(0x8001)
AUDIO_R:    32807	(0x8027)
AUDIO_L:    32782	(0x800e)
AUDIO_R:    32804	(0x8024)
AUDIO_L:    32808	(0x8028)
AUDIO_R:    32811	(0x802b)
AUDIO_L:    32808	(0x8028)
AUDIO_R:    32799	(0x801f)
AUDIO_L:    32786	(0x8012)
AUDIO_R:    32788	(0x8014)
AUDIO_L:    32767	(0x7fff)
AUDIO_R:    32785	(0x8011)
AUDIO_L:    32773	(0x8005)
AUDIO_R:    32788	(0x8014)
AUDIO_L:    32774	(0x8006)
AUDIO_R:    32788	(0x8014)
AUDIO_L:    32777	(0x8009)
AUDIO_R:    32784	(0x8010)
AUDIO_L:    32794	(0x801a)
AUDIO_R:    32782	(0x800e)
AUDIO_L:    32805	(0x8025)
AUDIO_R:    32795	(0x801b)
AUDIO_L:    32798	(0x801e)
AUDIO_R:    32805	(0x8025)
AUDIO_L:    32782	(0x800e)
AUDIO_R:    32803	(0x8023)
AUDIO_L:    32773	(0x8005)
AUDIO_R:    32785	(0x8011)
AUDIO_L:    32782	(0x800e)
AUDIO_R:    32772	(0x8004)
AUDIO_L:    32787	(0x8013)
AUDIO_R:    32785	(0x8011)
AUDIO_L:    32787	(0x8013)
AUDIO_R:    32812	(0x802c)
AUDIO_L:    32781	(0x800d)
AUDIO_R:    32819	(0x8033)
AUDIO_L:    32784	(0x8010)
AUDIO_R:    32797	(0x801d)
AUDIO_L:    32776	(0x8008)
AUDIO_R:    32779	(0x800b)
AUDIO_L:    32782	(0x800e)
AUDIO_R:    32785	(0x8011)
AUDIO_L:    32783	(0x800f)
AUDIO_R:    32795	(0x801b)
AUDIO_L:    32780	(0x800c)
AUDIO_R:    32799	(0x801f)
AUDIO_L:    32776	(0x8008)
AUDIO_R:    32791	(0x8017)
AUDIO_L:    32784	(0x8010)
AUDIO_R:    32791	(0x8017)
AUDIO_L:    32789	(0x8015)
AUDIO_R:    32795	(0x801b)
AUDIO_L:    32785	(0x8011)
AUDIO_R:    32793	(0x8019)
AUDIO_L:    32773	(0x8005)
AUDIO_R:    32791	(0x8017)
AUDIO_L:    32779	(0x800b)
AUDIO_R:    32790	(0x8016)
AUDIO_L:    32800	(0x8020)
AUDIO_R:    32794	(0x801a)
AUDIO_L:    32805	(0x8025)
AUDIO_R:    32801	(0x8021)
AUDIO_L:    32794	(0x801a)
AUDIO_R:    32800	(0x8020)
AUDIO_L:    32782	(0x800e)
AUDIO_R:    32789	(0x8015)
AUDIO_L:    32764	(0x7ffc)
AUDIO_R:    32781	(0x800d)
AUDIO_L:    32766	(0x7ffe)
AUDIO_R:    32784	(0x8010)
AUDIO_L:    32777	(0x8009)
AUDIO_R:    32788	(0x8014)
AUDIO_L:    32786	(0x8012)
AUDIO_R:    32784	(0x8010)
AUDIO_L:    32785	(0x8011)
AUDIO_R:    32784	(0x8010)
AUDIO_L:    32780	(0x800c)
AUDIO_R:    32794	(0x801a)
AUDIO_L:    32776	(0x8008)
AUDIO_R:    32791	(0x8017)
AUDIO_L:    32777	(0x8009)
AUDIO_R:    32783	(0x800f)
AUDIO_L:    32782	(0x800e)
AUDIO_R:    32783	(0x800f)
AUDIO_L:    32782	(0x800e)
AUDIO_R:    32796	(0x801c)
AUDIO_L:    32786	(0x8012)
AUDIO_R:    32804	(0x8024)
AUDIO_L:    32797	(0x801d)
AUDIO_R:    32799	(0x801f)
AUDIO_L:    32785	(0x8011)
AUDIO_R:    32791	(0x8017)
AUDIO_L:    32766	(0x7ffe)
AUDIO_R:    32791	(0x8017)
AUDIO_L:    32753	(0x7ff1)
AUDIO_R:    32788	(0x8014)
AUDIO_L:    32775	(0x8007)
AUDIO_R:    32787	(0x8013)
AUDIO_L:    32784	(0x8010)
AUDIO_R:    32787	(0x8013)
AUDIO_L:    32778	(0x800a)
AUDIO_R:    32785	(0x8011)
AUDIO_L:    32768	(0x8000)
AUDIO_R:    32779	(0x800b)
AUDIO_L:    32773	(0x8005)
AUDIO_R:    32779	(0x800b)
AUDIO_L:    32787	(0x8013)
AUDIO_R:    32791	(0x8017)
AUDIO_L:    32790	(0x8016)
AUDIO_R:    32802	(0x8022)
AUDIO_L:    32785	(0x8011)
AUDIO_R:    32800	(0x8020)
AUDIO_L:    32781	(0x800d)
AUDIO_R:    32788	(0x8014)
AUDIO_L:    32777	(0x8009)
AUDIO_R:    32775	(0x8007)
AUDIO_L:    32769	(0x8001)
AUDIO_R:    32777	(0x8009)
AUDIO_L:    32770	(0x8002)
AUDIO_R:    32792	(0x8018)
AUDIO_L:    32771	(0x8003)
AUDIO_R:    32796	(0x801c)
AUDIO_L:    32772	(0x8004)
AUDIO_R:    32775	(0x8007)
AUDIO_L:    32773	(0x8005)
AUDIO_R:    32761	(0x7ff9)
AUDIO_L:    32772	(0x8004)
AUDIO_R:    32766	(0x7ffe)
AUDIO_L:    32776	(0x8008)
AUDIO_R:    32787	(0x8013)
AUDIO_L:    32783	(0x800f)
AUDIO_R:    32796	(0x801c)
AUDIO_L:    32788	(0x8014)
AUDIO_R:    32795	(0x801b)
AUDIO_L:    32779	(0x800b)
AUDIO_R:    32793	(0x8019)
AUDIO_L:    32763	(0x7ffb)
AUDIO_R:    32801	(0x8021)
AUDIO_L:    32745	(0x7fe9)
AUDIO_R:    32797	(0x801d)
AUDIO_L:    32764	(0x7ffc)
AUDIO_R:    32782	(0x800e)
AUDIO_L:    32787	(0x8013)
AUDIO_R:    32782	(0x800e)
AUDIO_L:    32795	(0x801b)
AUDIO_R:    32783	(0x800f)
AUDIO_L:    32780	(0x800c)
AUDIO_R:    32790	(0x8016)
AUDIO_L:    32756	(0x7ff4)
AUDIO_R:    32769	(0x8001)
AUDIO_L:    32748	(0x7fec)
AUDIO_R:    32758	(0x7ff6)
AUDIO_L:    32768	(0x8000)
AUDIO_R:    32765	(0x7ffd)
AUDIO_L:    32790	(0x8016)
AUDIO_R:    32787	(0x8013)
AUDIO_L:    32784	(0x8010)
AUDIO_R:    32802	(0x8022)
AUDIO_L:    32764	(0x7ffc)
AUDIO_R:    32791	(0x8017)
AUDIO_L:    32766	(0x7ffe)
AUDIO_R:    32779	(0x800b)
AUDIO_L:    32783	(0x800f)
AUDIO_R:    32773	(0x8005)
AUDIO_L:    32783	(0x800f)
AUDIO_R:    32774	(0x8006)
AUDIO_L:    32761	(0x7ff9)
AUDIO_R:    32773	(0x8005)
AUDIO_L:    32743	(0x7fe7)
AUDIO_R:    32781	(0x800d)
AUDIO_L:    32746	(0x7fea)
AUDIO_R:    32777	(0x8009)
AUDIO_L:    32765	(0x7ffd)
AUDIO_R:    32783	(0x800f)
AUDIO_L:    32773	(0x8005)
AUDIO_R:    32788	(0x8014)
AUDIO_L:    32775	(0x8007)
AUDIO_R:    32787	(0x8013)
AUDIO_L:    32781	(0x800d)
AUDIO_R:    32783	(0x800f)
AUDIO_L:    32785	(0x8011)
AUDIO_R:    32784	(0x8010)
AUDIO_L:    32780	(0x800c)
AUDIO_R:    32793	(0x8019)
AUDIO_L:    32775	(0x8007)
AUDIO_R:    32792	(0x8018)
AUDIO_L:    32767	(0x7fff)
AUDIO_R:    32784	(0x8010)
AUDIO_L:    32775	(0x8007)
AUDIO_R:    32773	(0x8005)
AUDIO_L:    32780	(0x800c)
AUDIO_R:    32778	(0x800a)
AUDIO_L:    32780	(0x800c)
AUDIO_R:    32790	(0x8016)
AUDIO_L:    32775	(0x8007)
AUDIO_R:    32789	(0x8015)
AUDIO_L:    32775	(0x8007)
AUDIO_R:    32786	(0x8012)
AUDIO_L:    32779	(0x800b)
AUDIO_R:    32789	(0x8015)
AUDIO_L:    32783	(0x800f)
AUDIO_R:    32784	(0x8010)
AUDIO_L:    32779	(0x800b)
AUDIO_R:    32782	(0x800e)
AUDIO_L:    32778	(0x800a)
AUDIO_R:    32789	(0x8015)
AUDIO_L:    32779	(0x800b)
AUDIO_R:    32797	(0x801d)
AUDIO_L:    32785	(0x8011)
AUDIO_R:    32791	(0x8017)
AUDIO_L:    32781	(0x800d)
AUDIO_R:    32791	(0x8017)
AUDIO_L:    32773	(0x8005)
AUDIO_R:    32796	(0x801c)
AUDIO_L:    32775	(0x8007)
AUDIO_R:    32793	(0x8019)
AUDIO_L:    32786	(0x8012)
AUDIO_R:    32784	(0x8010)
AUDIO_L:    32794	(0x801a)
AUDIO_R:    32784	(0x8010)
AUDIO_L:    32792	(0x8018)
AUDIO_R:    32788	(0x8014)
AUDIO_L:    32778	(0x800a)
AUDIO_R:    32781	(0x800d)
AUDIO_L:    32765	(0x7ffd)
AUDIO_R:    32788	(0x8014)
AUDIO_L:    32767	(0x7fff)
AUDIO_R:    32803	(0x8023)
AUDIO_L:    32788	(0x8014)
AUDIO_R:    32792	(0x8018)
AUDIO_L:    32804	(0x8024)
AUDIO_R:    32770	(0x8002)
AUDIO_L:    32792	(0x8018)
AUDIO_R:    32771	(0x8003)
AUDIO_L:    32761	(0x7ff9)
AUDIO_R:    32792	(0x8018)
AUDIO_L:    32763	(0x7ffb)
AUDIO_R:    32797	(0x801d)
AUDIO_L:    32801	(0x8021)
AUDIO_R:    32780	(0x800c)
AUDIO_L:    32821	(0x8035)
AUDIO_R:    32771	(0x8003)
AUDIO_L:    32804	(0x8024)
AUDIO_R:    32773	(0x8005)
AUDIO_L:    32757	(0x7ff5)
AUDIO_R:    32782	(0x800e)
AUDIO_L:    32751	(0x7fef)
AUDIO_R:    32806	(0x8026)
AUDIO_L:    32769	(0x8001)
AUDIO_R:    32815	(0x802f)
AUDIO_L:    32784	(0x8010)
AUDIO_R:    32789	(0x8015)
AUDIO_L:    32784	(0x8010)
AUDIO_R:    32771	(0x8003)
AUDIO_L:    32775	(0x8007)
AUDIO_R:    32778	(0x800a)
AUDIO_L:    32775	(0x8007)
AUDIO_R:    32790	(0x8016)
AUDIO_L:    32788	(0x8014)
AUDIO_R:    32790	(0x8016)
AUDIO_L:    32788	(0x8014)
AUDIO_R:    32778	(0x800a)
AUDIO_L:    32768	(0x8000)
AUDIO_R:    32779	(0x800b)
AUDIO_L:    32756	(0x7ff4)
AUDIO_R:    32787	(0x8013)
AUDIO_L:    32766	(0x7ffe)
AUDIO_R:    32776	(0x8008)
AUDIO_L:    32779	(0x800b)
AUDIO_R:    32782	(0x800e)
AUDIO_L:    32775	(0x8007)
AUDIO_R:    32792	(0x8018)
AUDIO_L:    32758	(0x7ff6)
AUDIO_R:    32793	(0x8019)
AUDIO_L:    32762	(0x7ffa)
AUDIO_R:    32766	(0x7ffe)
AUDIO_L:    32776	(0x8008)
AUDIO_R:    32766	(0x7ffe)
AUDIO_L:    32781	(0x800d)
AUDIO_R:    32783	(0x800f)
AUDIO_L:    32771	(0x8003)
AUDIO_R:    32801	(0x8021)
AUDIO_L:    32755	(0x7ff3)
AUDIO_R:    32798	(0x801e)
AUDIO_L:    32748	(0x7fec)
AUDIO_R:    32794	(0x801a)
AUDIO_L:    32751	(0x7fef)
AUDIO_R:    32778	(0x800a)
AUDIO_L:    32773	(0x8005)
AUDIO_R:    32760	(0x7ff8)
AUDIO_L:    32789	(0x8015)
AUDIO_R:    32771	(0x8003)
AUDIO_L:    32774	(0x8006)
AUDIO_R:    32795	(0x801b)
AUDIO_L:    32770	(0x8002)
AUDIO_R:    32801	(0x8021)
AUDIO_L:    32772	(0x8004)
AUDIO_R:    32775	(0x8007)
AUDIO_L:    32778	(0x800a)
AUDIO_R:    32769	(0x8001)
AUDIO_L:    32782	(0x800e)
AUDIO_R:    32784	(0x8010)
AUDIO_L:    32790	(0x8016)
AUDIO_R:    32792	(0x8018)
AUDIO_L:    32794	(0x801a)
AUDIO_R:    32783	(0x800f)
AUDIO_L:    32779	(0x800b)
AUDIO_R:    32789	(0x8015)
AUDIO_L:    32770	(0x8002)
AUDIO_R:    32795	(0x801b)
AUDIO_L:    32757	(0x7ff5)
AUDIO_R:    32792	(0x8018)
AUDIO_L:    32770	(0x8002)
AUDIO_R:    32774	(0x8006)
AUDIO_L:    32771	(0x8003)
AUDIO_R:    32774	(0x8006)
AUDIO_L:    32771	(0x8003)
AUDIO_R:    32773	(0x8005)
AUDIO_L:    32785	(0x8011)
AUDIO_R:    32779	(0x800b)
AUDIO_L:    32793	(0x8019)
AUDIO_R:    32799	(0x801f)
AUDIO_L:    32781	(0x800d)
AUDIO_R:    32809	(0x8029)
AUDIO_L:    32768	(0x8000)
AUDIO_R:    32784	(0x8010)
AUDIO_L:    32779	(0x800b)
AUDIO_R:    32775	(0x8007)
AUDIO_L:    32787	(0x8013)
AUDIO_R:    32790	(0x8016)
AUDIO_L:    32773	(0x8005)
AUDIO_R:    32801	(0x8021)
AUDIO_L:    32760	(0x7ff8)
AUDIO_R:    32776	(0x8008)
AUDIO_L:    32771	(0x8003)
AUDIO_R:    32758	(0x7ff6)
AUDIO_L:    32787	(0x8013)
AUDIO_R:    32777	(0x8009)
AUDIO_L:    32774	(0x8006)
AUDIO_R:    32783	(0x800f)
AUDIO_L:    32765	(0x7ffd)
AUDIO_R:    32772	(0x8004)
AUDIO_L:    32783	(0x800f)
AUDIO_R:    32773	(0x8005)
AUDIO_L:    32803	(0x8023)
AUDIO_R:    32791	(0x8017)
AUDIO_L:    32794	(0x801a)
AUDIO_R:    32804	(0x8024)
AUDIO_L:    32764	(0x7ffc)
AUDIO_R:    32791	(0x8017)
AUDIO_L:    32766	(0x7ffe)
AUDIO_R:    32788	(0x8014)
AUDIO_L:    32784	(0x8010)
AUDIO_R:    32787	(0x8013)
AUDIO_L:    32790	(0x8016)
AUDIO_R:    32787	(0x8013)
AUDIO_L:    32780	(0x800c)
AUDIO_R:    32782	(0x800e)
AUDIO_L:    32776	(0x8008)
AUDIO_R:    32790	(0x8016)
AUDIO_L:    32776	(0x8008)
AUDIO_R:    32791	(0x8017)
AUDIO_L:    32777	(0x8009)
AUDIO_R:    32791	(0x8017)
AUDIO_L:    32773	(0x8005)
AUDIO_R:    32796	(0x801c)
AUDIO_L:    32768	(0x8000)
AUDIO_R:    32802	(0x8022)
AUDIO_L:    32771	(0x8003)
AUDIO_R:    32792	(0x8018)
AUDIO_L:    32774	(0x8006)
AUDIO_R:    32784	(0x8010)
AUDIO_L:    32781	(0x800d)
AUDIO_R:    32783	(0x800f)
AUDIO_L:    32785	(0x8011)
AUDIO_R:    32779	(0x800b)
AUDIO_L:    32777	(0x8009)
AUDIO_R:    32767	(0x7fff)
AUDIO_L:    32766	(0x7ffe)
AUDIO_R:    32770	(0x8002)
AUDIO_L:    32774	(0x8006)
AUDIO_R:    32793	(0x8019)
AUDIO_L:    32791	(0x8017)
AUDIO_R:    32803	(0x8023)
AUDIO_L:    32782	(0x800e)
AUDIO_R:    32795	(0x801b)
AUDIO_L:    32767	(0x7fff)
AUDIO_R:    32785	(0x8011)
AUDIO_L:    32768	(0x8000)
AUDIO_R:    32783	(0x800f)
AUDIO_L:    32785	(0x8011)
AUDIO_R:    32783	(0x800f)
AUDIO_L:    32794	(0x801a)
AUDIO_R:    32792	(0x8018)
AUDIO_L:    32786	(0x8012)
AUDIO_R:    32794	(0x801a)
AUDIO_L:    32774	(0x8006)
AUDIO_R:    32787	(0x8013)
AUDIO_L:    32764	(0x7ffc)
AUDIO_R:    32773	(0x8005)
AUDIO_L:    32766	(0x7ffe)
AUDIO_R:    32783	(0x800f)
AUDIO_L:    32772	(0x8004)
AUDIO_R:    32791	(0x8017)
AUDIO_L:    32779	(0x800b)
AUDIO_R:    32785	(0x8011)
AUDIO_L:    32775	(0x8007)
AUDIO_R:    32781	(0x800d)
AUDIO_L:    32759	(0x7ff7)
AUDIO_R:    32780	(0x800c)
AUDIO_L:    32762	(0x7ffa)
AUDIO_R:    32779	(0x800b)
AUDIO_L:    32781	(0x800d)
AUDIO_R:    32779	(0x800b)
AUDIO_L:    32789	(0x8015)
AUDIO_R:    32790	(0x8016)
AUDIO_L:    32780	(0x800c)
AUDIO_R:    32802	(0x8022)
AUDIO_L:    32787	(0x8013)
AUDIO_R:    32800	(0x8020)
AUDIO_L:    32798	(0x801e)
AUDIO_R:    32783	(0x800f)
AUDIO_L:    32789	(0x8015)
AUDIO_R:    32771	(0x8003)
AUDIO_L:    32769	(0x8001)
AUDIO_R:    32783	(0x800f)
AUDIO_L:    32773	(0x8005)
AUDIO_R:    32798	(0x801e)
AUDIO_L:    32788	(0x8014)
AUDIO_R:    32798	(0x801e)
AUDIO_L:    32783	(0x800f)
AUDIO_R:    32785	(0x8011)
AUDIO_L:    32773	(0x8005)
AUDIO_R:    32784	(0x8010)
AUDIO_L:    32770	(0x8002)
AUDIO_R:    32800	(0x8020)
AUDIO_L:    32779	(0x800b)
AUDIO_R:    32797	(0x801d)
AUDIO_L:    32773	(0x8005)
AUDIO_R:    32782	(0x800e)
AUDIO_L:    32769	(0x8001)
AUDIO_R:    32771	(0x8003)
AUDIO_L:    32773	(0x8005)
AUDIO_R:    32792	(0x8018)
AUDIO_L:    32780	(0x800c)
AUDIO_R:    32795	(0x801b)
AUDIO_L:    32785	(0x8011)
AUDIO_R:    32779	(0x800b)
AUDIO_L:    32790	(0x8016)
AUDIO_R:    32776	(0x8008)
AUDIO_L:    32794	(0x801a)
AUDIO_R:    32796	(0x801c)
AUDIO_L:    32790	(0x8016)
AUDIO_R:    32804	(0x8024)
AUDIO_L:    32779	(0x800b)
AUDIO_R:    32789	(0x8015)
AUDIO_L:    32758	(0x7ff6)
AUDIO_R:    32787	(0x8013)
AUDIO_L:    32762	(0x7ffa)
AUDIO_R:    32786	(0x8012)
AUDIO_L:    32777	(0x8009)
AUDIO_R:    32779	(0x800b)
AUDIO_L:    32781	(0x800d)
AUDIO_R:    32779	(0x800b)
AUDIO_L:    32781	(0x800d)
AUDIO_R:    32807	(0x8027)
AUDIO_L:    32776	(0x8008)
AUDIO_R:    32822	(0x8036)
AUDIO_L:    32779	(0x800b)
AUDIO_R:    32795	(0x801b)
AUDIO_L:    32780	(0x800c)
AUDIO_R:    32767	(0x7fff)
AUDIO_L:    32771	(0x8003)
AUDIO_R:    32768	(0x8000)
AUDIO_L:    32771	(0x8003)
AUDIO_R:    32786	(0x8012)
AUDIO_L:    32784	(0x8010)
AUDIO_R:    32801	(0x8021)
AUDIO_L:    32799	(0x801f)
AUDIO_R:    32801	(0x8021)
AUDIO_L:    32795	(0x801b)
AUDIO_R:    32787	(0x8013)
AUDIO_L:    32783	(0x800f)
AUDIO_R:    32773	(0x8005)
AUDIO_L:    32779	(0x800b)
AUDIO_R:    32782	(0x800e)
AUDIO_L:    32781	(0x800d)
AUDIO_R:    32796	(0x801c)
AUDIO_L:    32777	(0x8009)
AUDIO_R:    32810	(0x802a)
AUDIO_L:    32779	(0x800b)
AUDIO_R:    32791	(0x8017)
AUDIO_L:    32781	(0x800d)
AUDIO_R:    32784	(0x8010)
AUDIO_L:    32787	(0x8013)
AUDIO_R:    32800	(0x8020)
AUDIO_L:    32777	(0x8009)
AUDIO_R:    32798	(0x801e)
AUDIO_L:    32768	(0x8000)
AUDIO_R:    32780	(0x800c)
AUDIO_L:    32777	(0x8009)
AUDIO_R:    32787	(0x8013)
AUDIO_L:    32784	(0x8010)
AUDIO_R:    32802	(0x8022)
AUDIO_L:    32785	(0x8011)
AUDIO_R:    32800	(0x8020)
AUDIO_L:    32781	(0x800d)
AUDIO_R:    32798	(0x801e)
AUDIO_L:    32773	(0x8005)
AUDIO_R:    32804	(0x8024)
AUDIO_L:    32775	(0x8007)
AUDIO_R:    32800	(0x8020)
AUDIO_L:    32783	(0x800f)
AUDIO_R:    32786	(0x8012)
AUDIO_L:    32788	(0x8014)
AUDIO_R:    32790	(0x8016)
AUDIO_L:    32788	(0x8014)
AUDIO_R:    32802	(0x8022)
AUDIO_L:    32776	(0x8008)
AUDIO_R:    32793	(0x8019)
AUDIO_L:    32765	(0x7ffd)
AUDIO_R:    32783	(0x800f)
AUDIO_L:    32759	(0x7ff7)
AUDIO_R:    32787	(0x8013)
AUDIO_L:    32762	(0x7ffa)
AUDIO_R:    32800	(0x8020)
AUDIO_L:    32775	(0x8007)
AUDIO_R:    32788	(0x8014)
AUDIO_L:    32784	(0x8010)
AUDIO_R:    32774	(0x8006)
AUDIO_L:    32798	(0x801e)
AUDIO_R:    32770	(0x8002)
AUDIO_L:    32795	(0x801b)
AUDIO_R:    32771	(0x8003)
AUDIO_L:    32780	(0x800c)
AUDIO_R:    32787	(0x8013)
AUDIO_L:    32759	(0x7ff7)
AUDIO_R:    32808	(0x8028)
AUDIO_L:    32747	(0x7feb)
AUDIO_R:    32804	(0x8024)
AUDIO_L:    32767	(0x7fff)
AUDIO_R:    32786	(0x8012)
AUDIO_L:    32780	(0x800c)
AUDIO_R:    32764	(0x7ffc)
AUDIO_L:    32789	(0x8015)
AUDIO_R:    32785	(0x8011)
AUDIO_L:    32781	(0x800d)
AUDIO_R:    32799	(0x801f)
AUDIO_L:    32768	(0x8000)
AUDIO_R:    32789	(0x8015)
AUDIO_L:    32771	(0x8003)
AUDIO_R:    32774	(0x8006)
AUDIO_L:    32777	(0x8009)
AUDIO_R:    32779	(0x800b)
AUDIO_L:    32777	(0x8009)
AUDIO_R:    32788	(0x8014)
AUDIO_L:    32769	(0x8001)
AUDIO_R:    32776	(0x8008)
AUDIO_L:    32765	(0x7ffd)
AUDIO_R:    32771	(0x8003)
AUDIO_L:    32769	(0x8001)
AUDIO_R:    32777	(0x8009)
AUDIO_L:    32773	(0x8005)
AUDIO_R:    32789	(0x8015)
AUDIO_L:    32775	(0x8007)
AUDIO_R:    32785	(0x8011)
AUDIO_L:    32781	(0x800d)
AUDIO_R:    32774	(0x8006)
AUDIO_L:    32793	(0x8019)
AUDIO_R:    32770	(0x8002)
AUDIO_L:    32798	(0x801e)
AUDIO_R:    32780	(0x800c)
AUDIO_L:    32790	(0x8016)
AUDIO_R:    32799	(0x801f)
AUDIO_L:    32781	(0x800d)
AUDIO_R:    32804	(0x8024)
AUDIO_L:    32770	(0x8002)
AUDIO_R:    32792	(0x8018)
AUDIO_L:    32771	(0x8003)
AUDIO_R:    32761	(0x7ff9)
AUDIO_L:    32778	(0x800a)
AUDIO_R:    32757	(0x7ff5)
AUDIO_L:    32782	(0x800e)
AUDIO_R:    32772	(0x8004)
AUDIO_L:    32781	(0x800d)
AUDIO_R:    32794	(0x801a)
AUDIO_L:    32787	(0x8013)
AUDIO_R:    32802	(0x8022)
AUDIO_L:    32792	(0x8018)
AUDIO_R:    32798	(0x801e)
AUDIO_L:    32776	(0x8008)
AUDIO_R:    32797	(0x801d)
AUDIO_L:    32756	(0x7ff4)
AUDIO_R:    32799	(0x801f)
AUDIO_L:    32761	(0x7ff9)
AUDIO_R:    32796	(0x801c)
AUDIO_L:    32774	(0x8006)
AUDIO_R:    32795	(0x801b)
AUDIO_L:    32785	(0x8011)
AUDIO_R:    32788	(0x8014)
AUDIO_L:    32779	(0x800b)
AUDIO_R:    32786	(0x8012)
AUDIO_L:    32788	(0x8014)
AUDIO_R:    32782	(0x800e)
AUDIO_L:    32801	(0x8021)
AUDIO_R:    32789	(0x8015)
AUDIO_L:    32795	(0x801b)
AUDIO_R:    32793	(0x8019)
AUDIO_L:    32783	(0x800f)
AUDIO_R:    32791	(0x8017)
AUDIO_L:    32787	(0x8013)
AUDIO_R:    32788	(0x8014)
AUDIO_L:    32794	(0x801a)
AUDIO_R:    32793	(0x8019)
AUDIO_L:    32790	(0x8016)
AUDIO_R:    32797	(0x801d)
AUDIO_L:    32793	(0x8019)
AUDIO_R:    32800	(0x8020)
AUDIO_L:    32797	(0x801d)
AUDIO_R:    32800	(0x8020)
AUDIO_L:    32797	(0x801d)
AUDIO_R:    32798	(0x801e)
AUDIO_L:    32787	(0x8013)
AUDIO_R:    32793	(0x8019)
AUDIO_L:    32768	(0x8000)
AUDIO_R:    32786	(0x8012)
AUDIO_L:    32762	(0x7ffa)
AUDIO_R:    32796	(0x801c)
AUDIO_L:    32765	(0x7ffd)
AUDIO_R:    32811	(0x802b)
AUDIO_L:    32768	(0x8000)
AUDIO_R:    32806	(0x8026)
AUDIO_L:    32781	(0x800d)
AUDIO_R:    32794	(0x801a)
AUDIO_L:    32790	(0x8016)
AUDIO_R:    32787	(0x8013)
AUDIO_L:    32790	(0x8016)
AUDIO_R:    32793	(0x8019)
AUDIO_L:    32786	(0x8012)
AUDIO_R:    32798	(0x801e)
AUDIO_L:    32783	(0x800f)
AUDIO_R:    32785	(0x8011)
AUDIO_L:    32791	(0x8017)
AUDIO_R:    32787	(0x8013)
AUDIO_L:    32794	(0x801a)
AUDIO_R:    32810	(0x802a)
AUDIO_L:    32796	(0x801c)
AUDIO_R:    32826	(0x803a)
AUDIO_L:    32797	(0x801d)
AUDIO_R:    32807	(0x8027)
AUDIO_L:    32804	(0x8024)
AUDIO_R:    32783	(0x800f)
AUDIO_L:    32796	(0x801c)
AUDIO_R:    32773	(0x8005)
AUDIO_L:    32770	(0x8002)
AUDIO_R:    32788	(0x8014)
AUDIO_L:    32755	(0x7ff3)
AUDIO_R:    32796	(0x801c)
AUDIO_L:    32791	(0x8017)
AUDIO_R:    32796	(0x801c)
AUDIO_L:    32827	(0x803b)
AUDIO_R:    32798	(0x801e)
AUDIO_L:    32816	(0x8030)
AUDIO_R:    32813	(0x802d)
AUDIO_L:    32779	(0x800b)
AUDIO_R:    32810	(0x802a)
AUDIO_L:    32764	(0x7ffc)
AUDIO_R:    32795	(0x801b)
AUDIO_L:    32790	(0x8016)
AUDIO_R:    32785	(0x8011)
AUDIO_L:    32789	(0x8015)
AUDIO_R:    32777	(0x8009)
AUDIO_L:    32780	(0x800c)
AUDIO_R:    32777	(0x8009)
AUDIO_L:    32780	(0x800c)
AUDIO_R:    32787	(0x8013)
AUDIO_L:    32794	(0x801a)
AUDIO_R:    32800	(0x8020)
AUDIO_L:    32786	(0x8012)
AUDIO_R:    32808	(0x8028)
AUDIO_L:    32772	(0x8004)
AUDIO_R:    32818	(0x8032)
AUDIO_L:    32787	(0x8013)
AUDIO_R:    32814	(0x802e)
AUDIO_L:    32809	(0x8029)
AUDIO_R:    32796	(0x801c)
AUDIO_L:    32800	(0x8020)
AUDIO_R:    32782	(0x800e)
AUDIO_L:    32772	(0x8004)
AUDIO_R:    32781	(0x800d)
AUDIO_L:    32779	(0x800b)
AUDIO_R:    32791	(0x8017)
AUDIO_L:    32806	(0x8026)
AUDIO_R:    32796	(0x801c)
AUDIO_L:    32802	(0x8022)
AUDIO_R:    32801	(0x8021)
AUDIO_L:    32778	(0x800a)
AUDIO_R:    32816	(0x8030)
AUDIO_L:    32750	(0x7fee)
AUDIO_R:    32813	(0x802d)
AUDIO_L:    32789	(0x8015)
AUDIO_R:    32796	(0x801c)
AUDIO_L:    32815	(0x802f)
AUDIO_R:    32772	(0x8004)
AUDIO_L:    32810	(0x802a)
TRAP #0 received
Altogether 587,8e3(587878) cycles executed.
  0 Warnings for unresolved data dependencies printed.
  0 Warnings for successive load/store commands printed.
  0 Warnings for load/stores in the text section printed.
(dlxsim) q
