L: 0, 
R: 65532, 
L: 65532, 
R: 65531, 
L: 65531, 
R: 65531, 
L: 0, 
R: 65535, 
L: 0, 
R: 65533, 
L: 65534, 
R: 65530, 
L: 65530, 
R: 65527, 
L: 65528, 
R: 65528, 
L: 65531, 
R: 65531, 
L: 65531, 
R: 65528, 
L: 65532, 
R: 65521, 
L: 65528, 
R: 65520, 
L: 65527, 
R: 65523, 
L: 65527, 
R: 65524, 
L: 65525, 
R: 65526, 
L: 65525, 
R: 65529, 
L: 65526, 
R: 65527, 
L: 65527, 
R: 65520, 
L: 65524, 
R: 65513, 
L: 65517, 
R: 65513, 
L: 65517, 
R: 65513, 
L: 65516, 
R: 65509, 
L: 65512, 
R: 65509, 
L: 65512, 
R: 65513, 
L: 65513, 
R: 65520, 
L: 65519, 
R: 65520, 
L: 65519, 
R: 65518, 
L: 65517, 
R: 65520, 
L: 65517, 
R: 65520, 
L: 65524, 
R: 65513, 
L: 65520, 
R: 65509, 
L: 65512, 
R: 65509, 
L: 65510, 
R: 65509, 
L: 65510, 
R: 65507, 
L: 65511, 
R: 65508, 
L: 65511, 
R: 65512, 
L: 65508, 
R: 65518, 
L: 65515, 
R: 65515, 
L: 65516, 
R: 65508, 
L: 65515, 
R: 65511, 
L: 65514, 
R: 65514, 
L: 65513, 
R: 65517, 
L: 65513, 
R: 65516, 
L: 65515, 
R: 65512, 
L: 65519, 
R: 65509, 
L: 65516, 
R: 65512, 
L: 65516, 
R: 65515, 
L: 65515, 
R: 65515, 
L: 65512, 
R: 65513, 
L: 65513, 
R: 65512, 
L: 65519, 
R: 65518, 
L: 65519, 
R: 65518, 
L: 65518, 
R: 65514, 
L: 65515, 
R: 65507, 
L: 65515, 
R: 65511, 
L: 65519, 
R: 65516, 
L: 65520, 
R: 65513, 
L: 65516, 
R: 65512, 
L: 65513, 
R: 65513, 
L: 65513, 
R: 65513, 
L: 65516, 
R: 65509, 
L: 65513, 
R: 65509, 
L: 65509, 
R: 65512, 
L: 65509, 
R: 65516, 
L: 65513, 
R: 65513, 
L: 65513, 
R: 65506, 
L: 65509, 
R: 65506, 
L: 65513, 
R: 65510, 
L: 65521, 
R: 65517, 
L: 65524, 
R: 65520, 
L: 65520, 
R: 65523, 
L: 65516, 
R: 65520, 
L: 65519, 
R: 65519, 
L: 65526, 
R: 65522, 
L: 65529, 
R: 65522, 
L: 65523, 
R: 65520, 
L: 65520, 
R: 65520, 
L: 65521, 
R: 65522, 
L: 65521, 
R: 65522, 
L: 65521, 
R: 65518, 
L: 65522, 
R: 65514, 
L: 65521, 
R: 65520, 
L: 65520, 
R: 65521, 
L: 65517, 
R: 65518, 
L: 65518, 
R: 65515, 
L: 65526, 
R: 65523, 
L: 65531, 
R: 65527, 
L: 65530, 
R: 65526, 
L: 65527, 
R: 65527, 
L: 65527, 
R: 65528, 
L: 65525, 
R: 65525, 
L: 65525, 
R: 65517, 
L: 65528, 
R: 65525, 
L: 65533, 
R: 65532, 
L: 65535, 
R: 65531, 
L: 65534, 
R: 65526, 
L: 65526, 
R: 65526, 
L: 65525, 
R: 65532, 
L: 65528, 
R: 65532, 
L: 65531, 
R: 65531, 
L: 65531, 
R: 65530, 
L: 65533, 
R: 65532, 
L: 65535, 
R: 65531, 
L: 0, 
R: 65529, 
L: 65532, 
R: 65532, 
L: 65531, 
R: 65534, 
L: 65527, 
R: 65524, 
L: 65527, 
R: 65516, 
L: 65523, 
R: 65519, 
L: 65526, 
R: 65526, 
L: 65526, 
R: 65526, 
L: 65525, 
R: 65525, 
L: 65525, 
R: 65522, 
L: 65525, 
R: 65525, 
L: 65525, 
R: 65526, 
L: 65525, 
R: 65525, 
L: 65525, 
R: 65524, 
L: 65524, 
R: 65520, 
L: 65520, 
R: 65513, 
L: 65516, 
R: 65515, 
L: 65522, 
R: 65523, 
L: 65524, 
R: 65524, 
L: 65521, 
R: 65514, 
L: 65514, 
R: 65510, 
L: 65521, 
R: 65520, 
L: 65527, 
R: 65524, 
L: 65527, 
R: 65519, 
L: 65520, 
R: 65516, 
L: 65520, 
R: 65519, 
L: 65523, 
R: 65523, 
L: 65523, 
R: 65526, 
L: 65518, 
R: 65522, 
L: 65521, 
R: 65521, 
L: 65529, 
R: 65521, 
L: 65528, 
R: 65520, 
L: 65523, 
R: 65520, 
L: 65520, 
R: 65520, 
L: 65520, 
R: 65520, 
L: 65523, 
R: 65522, 
L: 65526, 
R: 65522, 
L: 65529, 
R: 65525, 
L: 65529, 
R: 65521, 
L: 65525, 
R: 65517, 
L: 65521, 
R: 65517, 
L: 65524, 
R: 65523, 
L: 65523, 
R: 65523, 
L: 65522, 
R: 65522, 
L: 65519, 
R: 65520, 
L: 65516, 
R: 65523, 
L: 65520, 
R: 65527, 
L: 65527, 
R: 65527, 
L: 65530, 
R: 65520, 
L: 65523, 
R: 65516, 
L: 65519, 
R: 65516, 
L: 65517, 
R: 65520, 
L: 65520, 
R: 65524, 
L: 65524, 
R: 65517, 
L: 65520, 
R: 65509, 
L: 65509, 
R: 65508, 
L: 65508, 
R: 65512, 
L: 65512, 
R: 65515, 
L: 65519, 
R: 65509, 
L: 65512, 
R: 65505, 
L: 65506, 
R: 65503, 
L: 65504, 
R: 65504, 
L: 65508, 
R: 65504, 
L: 65512, 
R: 65508, 
L: 65511, 
R: 65508, 
L: 65509, 
R: 65509, 
L: 65512, 
R: 65511, 
L: 65519, 
R: 65515, 
L: 65522, 
R: 65515, 
L: 65516, 
R: 65515, 
L: 65515, 
R: 65515, 
L: 65515, 
R: 65512, 
L: 65516, 
R: 65505, 
L: 65509, 
R: 65502, 
L: 65509, 
R: 65508, 
L: 65511, 
R: 65511, 
L: 65510, 
R: 65511, 
L: 65504, 
R: 65505, 
L: 65504, 
R: 65504, 
L: 65504, 
R: 65501, 
L: 65504, 
R: 65497, 
L: 65504, 
R: 65500, 
L: 65507, 
R: 65506, 
L: 65510, 
R: 65507, 
L: 65510, 
R: 65503, 
L: 65504, 
R: 65500, 
L: 65504, 
R: 65494, 
L: 65501, 
R: 65498, 
L: 65502, 
R: 65501, 
L: 65501, 
R: 65502, 
L: 65498, 
R: 65499, 
L: 65499, 
R: 65492, 
L: 65503, 
R: 65499, 
L: 65506, 
R: 65503, 
L: 65504, 
R: 65504, 
L: 65504, 
R: 65504, 
L: 65504, 
R: 65504, 
L: 65505, 
R: 65505, 
L: 65508, 
R: 65508, 
L: 65509, 
R: 65505, 
L: 65509, 
R: 65498, 
L: 65501, 
R: 65497, 
L: 65500, 
R: 65501, 
L: 65498, 
R: 65506, 
L: 65502, 
R: 65505, 
L: 65501, 
R: 65502, 
L: 65501, 
R: 65501, 
L: 65502, 
R: 65501, 
L: 65501, 
R: 65502, 
L: 65501, 
R: 65504, 
L: 65505, 
R: 65497, 
L: 65505, 
R: 65497, 
L: 65500, 
R: 65497, 
L: 65498, 
R: 65498, 
L: 65499, 
R: 65492, 
L: 65499, 
R: 65491, 
L: 65494, 
R: 65493, 
L: 65493, 
R: 65497, 
L: 65494, 
R: 65501, 
L: 65501, 
R: 65500, 
L: 65504, 
R: 65494, 
L: 65497, 
R: 65493, 
L: 65496, 
R: 65493, 
L: 65496, 
R: 65493, 
L: 65497, 
R: 65497, 
L: 65496, 
R: 65497, 
L: 65496, 
R: 65492, 
L: 65495, 
R: 65488, 
L: 65496, 
R: 65499, 
L: 65498, 
R: 65506, 
L: 65503, 
R: 65500, 
L: 65504, 
R: 65493, 
L: 65497, 
R: 65487, 
L: 65491, 
R: 65488, 
L: 65492, 
R: 65488, 
L: 65492, 
R: 65488, 
L: 65489, 
R: 65490, 
L: 65483, 
R: 65491, 
L: 65484, 
R: 65487, 
L: 65487, 
R: 65484, 
L: 65491, 
R: 65488, 
L: 65491, 
R: 65491, 
L: 65491, 
R: 65492, 
L: 65489, 
R: 65489, 
L: 65489, 
R: 65488, 
L: 65492, 
R: 65489, 
L: 65492, 
R: 65489, 
L: 65490, 
R: 65486, 
L: 65490, 
R: 65483, 
L: 65493, 
R: 65490, 
L: 65493, 
R: 65489, 
L: 65492, 
R: 65484, 
L: 65487, 
R: 65484, 
L: 65485, 
R: 65484, 
L: 65491, 
R: 65487, 
L: 65497, 
R: 65493, 
L: 65500, 
R: 65497, 
L: 65497, 
R: 65497, 
L: 65494, 
R: 65495, 
L: 65495, 
R: 65496, 
L: 65497, 
R: 65497, 
L: 65498, 
R: 65495, 
L: 65496, 
R: 65488, 
L: 65496, 
R: 65489, 
L: 65493, 
R: 65490, 
L: 65491, 
R: 65491, 
L: 65490, 
R: 65490, 
L: 65494, 
R: 65491, 
L: 65499, 
R: 65496, 
L: 65496, 
R: 65493, 
L: 65490, 
R: 65483, 
L: 65490, 
R: 65487, 
L: 65495, 
R: 65495, 
L: 65494, 
R: 65498, 
L: 65487, 
R: 65487, 
L: 65486, 
R: 65486, 
L: 65490, 
R: 65489, 
L: 65493, 
R: 65492, 
L: 65492, 
R: 65485, 
L: 65485, 
R: 65481, 
L: 65488, 
R: 65488, 
L: 65488, 
R: 65492, 
L: 65489, 
R: 65489, 
L: 65490, 
R: 65480, 
L: 65488, 
R: 65484, 
L: 65488, 
R: 65484, 
L: 65485, 
R: 65484, 
L: 65481, 
R: 65488, 
L: 65485, 
R: 65493, 
L: 65493, 
R: 65492, 
L: 65495, 
R: 65487, 
L: 65488, 
R: 65487, 
L: 65488, 
R: 65489, 
L: 65489, 
R: 65488, 
L: 65492, 
R: 65481, 
L: 65488, 
R: 65485, 
L: 65488, 
R: 65488, 
L: 65488, 
R: 65488, 
L: 65487, 
R: 65484, 
L: 65484, 
R: 65477, 
L: 65481, 
R: 65478, 
L: 65482, 
R: 65478, 
L: 65482, 
R: 65478, 
L: 65481, 
R: 65485, 
L: 65478, 
R: 65489, 
L: 65488, 
R: 65488, 
L: 65489, 
R: 65482, 
L: 65486, 
R: 65478, 
L: 65479, 
R: 65479, 
L: 65478, 
R: 65481, 
L: 65481, 
R: 65481, 
L: 65489, 
R: 65482, 
L: 65489, 
R: 65485, 
L: 65486, 
R: 65483, 
L: 65483, 
R: 65483, 
L: 65483, 
R: 65483, 
L: 65486, 
R: 65482, 
L: 65489, 
R: 65482, 
L: 65485, 
R: 65484, 
L: 65485, 
R: 65485, 
L: 65486, 
R: 65483, 
L: 65486, 
R: 65476, 
L: 65480, 
R: 65477, 
L: 65480, 
R: 65483, 
L: 65482, 
R: 65486, 
L: 65485, 
R: 65482, 
L: 65485, 
R: 65474, 
L: 65475, 
R: 65467, 
L: 65470, 
R: 65467, 
L: 65471, 
R: 65470, 
L: 65473, 
R: 65473, 
L: 65473, 
R: 65473, 
L: 65473, 
R: 65472, 
L: 65480, 
R: 65473, 
L: 65477, 
R: 65473, 
L: 65474, 
R: 65474, 
L: 65474, 
R: 65474, 
L: 65482, 
R: 65479, 
L: 65487, 
R: 65486, 
L: 65486, 
R: 65482, 
L: 65483, 
R: 65472, 
L: 65476, 
R: 65468, 
L: 65472, 
R: 65471, 
L: 65472, 
R: 65472, 
L: 65472, 
R: 65471, 
L: 65472, 
R: 65468, 
L: 65471, 
R: 65470, 
L: 65471, 
R: 65474, 
L: 65475, 
R: 65475, 
L: 65482, 
R: 65474, 
L: 65478, 
R: 65471, 
L: 65472, 
R: 65469, 
L: 65469, 
R: 65468, 
L: 65471, 
R: 65468, 
L: 65479, 
R: 65475, 
L: 65482, 
R: 65478, 
L: 65478, 
R: 65478, 
L: 65475, 
R: 65478, 
L: 65477, 
R: 65480, 
L: 65484, 
R: 65483, 
L: 65490, 
R: 65487, 
L: 65490, 
R: 65482, 
L: 65486, 
R: 65475, 
L: 65482, 
R: 65474, 
L: 65478, 
R: 65475, 
L: 65476, 
R: 65476, 
L: 65476, 
R: 65477, 
L: 65476, 
R: 65476, 
L: 65477, 
R: 65469, 
L: 65470, 
R: 65467, 
L: 65468, 
R: 65469, 
L: 65469, 
R: 65476, 
L: 65476, 
R: 65476, 
L: 65480, 
R: 65469, 
L: 65472, 
R: 65469, 
L: 65470, 
R: 65470, 
L: 65469, 
R: 65470, 
L: 65469, 
R: 65466, 
L: 65469, 
R: 65459, 
L: 65466, 
R: 65462, 
L: 65466, 
R: 65465, 
L: 65468, 
R: 65467, 
L: 65470, 
R: 65467, 
L: 65470, 
R: 65469, 
L: 65469, 
R: 65469, 
L: 65469, 
R: 65468, 
L: 65475, 
R: 65467, 
L: 65471, 
R: 65463, 
L: 65466, 
R: 65465, 
L: 65465, 
R: 65466, 
L: 65466, 
R: 65466, 
L: 65469, 
R: 65462, 
L: 65466, 
R: 65462, 
L: 65466, 
R: 65463, 
L: 65467, 
R: 65464, 
L: 65464, 
R: 65461, 
L: 65462, 
R: 65458, 
L: 65469, 
R: 65466, 
L: 65474, 
R: 65471, 
L: 65472, 
R: 65469, 
L: 65472, 
R: 65464, 
L: 65471, 
R: 65467, 
L: 65471, 
R: 65470, 
L: 65470, 
R: 65473, 
L: 65470, 
R: 65473, 
L: 65472, 
R: 65468, 
L: 65469, 
R: 65459, 
L: 65467, 
R: 65463, 
L: 65473, 
R: 65472, 
L: 65472, 
R: 65473, 
L: 65466, 
R: 65469, 
L: 65466, 
R: 65465, 
L: 65472, 
R: 65468, 
L: 65475, 
R: 65475, 
L: 65472, 
R: 65480, 
L: 65473, 
R: 65476, 
L: 65473, 
R: 65472, 
L: 65475, 
R: 65471, 
L: 65481, 
R: 65478, 
L: 65482, 
R: 65479, 
L: 65479, 
R: 65479, 
L: 65478, 
R: 65478, 
L: 65478, 
R: 65478, 
L: 65481, 
R: 65481, 
L: 65481, 
R: 65481, 
L: 65478, 
R: 65475, 
L: 65479, 
R: 65468, 
L: 65475, 
R: 65472, 
L: 65473, 
R: 65473, 
L: 65473, 
R: 65472, 
L: 65476, 
R: 65465, 
L: 65469, 
R: 65465, 
L: 65465, 
R: 65466, 
L: 65465, 
R: 65468, 
L: 65468, 
R: 65465, 
L: 65475, 
R: 65467, 
L: 65471, 
R: 65464, 
L: 65468, 
R: 65464, 
L: 65467, 
R: 65467, 
L: 65466, 
R: 65470, 
L: 65467, 
R: 65467, 
L: 65471, 
R: 65464, 
L: 65471, 
R: 65467, 
L: 65467, 
R: 65467, 
L: 65466, 
R: 65469, 
L: 65469, 
R: 65470, 
L: 65470, 
R: 65470, 
L: 65466, 
R: 65465, 
L: 65469, 
R: 65458, 
L: 65465, 
R: 65457, 
L: 65461, 
R: 65458, 
L: 65458, 
R: 65458, 
L: 65458, 
R: 65458, 
L: 65458, 
R: 65461, 
L: 65460, 
R: 65464, 
L: 65465, 
R: 65457, 
L: 65465, 
R: 65457, 
L: 65458, 
R: 65458, 
L: 65458, 
R: 65459, 
L: 65459, 
R: 65456, 
L: 65463, 
R: 65455, 
L: 65456, 
R: 65456, 
L: 65455, 
R: 65459, 
L: 65458, 
R: 65458, 
L: 65459, 
R: 65455, 
L: 65456, 
R: 65459, 
L: 65456, 
R: 65467, 
L: 65466, 
R: 65466, 
L: 65467, 
R: 65457, 
L: 65460, 
R: 65457, 
L: 65460, 
R: 65460, 
L: 65460, 
R: 65460, 
L: 65460, 
R: 65459, 
L: 65459, 
R: 65458, 
L: 65462, 
R: 65458, 
L: 65465, 
R: 65461, 
L: 65465, 
R: 65457, 
L: 65464, 
R: 65457, 
L: 65464, 
R: 65460, 
L: 65463, 
R: 65460, 
L: 65461, 
R: 65461, 
L: 65461, 
R: 65461, 
L: 65460, 
R: 65460, 
L: 65457, 
R: 65457, 
L: 65458, 
R: 65459, 
L: 65470, 
R: 65470, 
L: 65473, 
R: 65466, 
L: 65469, 
R: 65461, 
L: 65464, 
R: 65461, 
L: 65464, 
R: 65464, 
L: 65464, 
R: 65467, 
L: 65467, 
R: 65466, 
L: 65469, 
R: 65459, 
L: 65462, 
R: 65455, 
L: 65456, 
R: 65455, 
L: 65459, 
R: 65456, 
L: 65463, 
R: 65460, 
L: 65461, 
R: 65458, 
L: 65459, 
R: 65449, 
L: 65453, 
R: 65449, 
L: 65453, 
R: 65453, 
L: 65453, 
R: 65456, 
L: 65456, 
R: 65452, 
L: 65463, 
R: 65460, 
L: 65463, 
R: 65463, 
L: 65459, 
R: 65460, 
L: 65453, 
R: 65453, 
L: 65457, 
R: 65454, 
L: 65465, 
R: 65464, 
L: 65465, 
R: 65462, 
L: 65462, 
R: 65459, 
L: 65462, 
R: 65458, 
L: 65469, 
R: 65466, 
L: 65469, 
R: 65465, 
L: 65466, 
R: 65463, 
L: 65463, 
R: 65463, 
L: 65470, 
R: 65467, 
L: 65471, 
R: 65468, 
L: 65467, 
R: 65471, 
L: 65464, 
R: 65471, 
L: 65471, 
R: 65470, 
L: 65474, 
R: 65463, 
L: 65464, 
R: 65457, 
L: 65461, 
R: 65457, 
L: 65461, 
R: 65460, 
L: 65460, 
R: 65460, 
L: 65460, 
R: 65460, 
L: 65470, 
R: 65463, 
L: 65471, 
R: 65467, 
L: 65468, 
R: 65467, 
L: 65466, 
R: 65466, 
L: 65466, 
R: 65466, 
L: 65469, 
R: 65469, 
L: 65473, 
R: 65473, 
L: 65473, 
R: 65472, 
L: 65469, 
R: 65468, 
L: 65464, 
R: 65467, 
L: 65468, 
R: 65468, 
L: 65479, 
R: 65472, 
L: 65482, 
R: 65478, 
L: 65479, 
R: 65478, 
L: 65478, 
R: 65478, 
L: 65481, 
R: 65474, 
L: 65478, 
R: 65470, 
L: 65471, 
R: 65471, 
L: 65472, 
R: 65472, 
L: 65476, 
R: 65472, 
L: 65476, 
R: 65469, 
L: 65473, 
R: 65465, 
L: 65472, 
R: 65468, 
L: 65472, 
R: 65469, 
L: 65469, 
R: 65469, 
L: 65469, 
R: 65469, 
L: 65473, 
R: 65463, 
L: 65466, 
R: 65459, 
L: 65462, 
R: 65458, 
L: 65465, 
R: 65461, 
L: 65469, 
R: 65466, 
L: 65467, 
R: 65467, 
L: 65466, 
R: 65470, 
L: 65463, 
R: 65467, 
L: 65463, 
R: 65464, 
L: 65465, 
R: 65457, 
L: 65467, 
R: 65460, 
L: 65464, 
R: 65461, 
L: 65462, 
R: 65462, 
L: 65461, 
R: 65464, 
L: 65464, 
R: 65464, 
L: 65467, 
R: 65460, 
L: 65463, 
R: 65460, 
L: 65460, 
R: 65460, 
L: 65460, 
R: 65460, 
L: 65463, 
R: 65456, 
L: 65457, 
R: 65454, 
L: 65455, 
R: 65455, 
L: 65458, 
R: 65457, 
L: 65465, 
R: 65461, 
L: 65464, 
R: 65463, 
L: 65460, 
R: 65470, 
L: 65463, 
R: 65470, 
L: 65467, 
R: 65468, 
L: 65469, 
R: 65465, 
L: 65472, 
R: 65464, 
L: 65467, 
R: 65464, 
L: 65463, 
R: 65466, 
L: 65462, 
R: 65469, 
L: 65468, 
R: 65469, 
L: 65472, 
R: 65471, 
L: 65475, 
R: 65472, 
L: 65473, 
R: 65463, 
L: 65467, 
R: 65456, 
L: 65460, 
R: 65456, 
L: 65460, 
R: 65457, 
L: 65460, 
R: 65459, 
L: 65459, 
R: 65458, 
L: 65459, 
R: 65459, 
L: 65458, 
R: 65465, 
L: 65462, 
R: 65463, 
L: 65463, 
R: 65460, 
L: 65463, 
R: 65462, 
L: 65462, 
R: 65465, 
L: 65465, 
R: 65464, 
L: 65468, 
R: 65464, 
L: 65471, 
R: 65470, 
L: 65471, 
R: 65468, 
L: 65469, 
R: 65458, 
L: 65459, 
R: 65448, 
L: 65451, 
R: 65447, 
L: 65455, 
R: 65451, 
L: 65459, 
R: 65455, 
L: 65459, 
R: 65456, 
L: 65457, 
R: 65457, 
L: 65457, 
R: 65457, 
L: 65457, 
R: 65456, 
L: 65459, 
R: 65455, 
L: 65455, 
R: 65456, 
L: 65455, 
R: 65458, 
L: 65466, 
R: 65462, 
L: 65473, 
R: 65469, 
L: 65470, 
R: 65470, 
L: 65466, 
R: 65469, 
L: 65462, 
R: 65462, 
L: 65466, 
R: 65456, 
L: 65463, 
R: 65463, 
L: 65463, 
R: 65467, 
L: 65463, 
R: 65466, 
L: 65466, 
R: 65458, 
L: 65462, 
R: 65454, 
L: 65457, 
R: 65457, 
L: 65457, 
R: 65457, 
L: 65456, 
R: 65456, 
L: 65456, 
R: 65456, 
L: 65457, 
R: 65458, 
L: 65459, 
R: 65455, 
L: 65463, 
R: 65453, 
L: 65460, 
R: 65457, 
L: 65460, 
R: 65460, 
L: 65459, 
R: 65459, 
L: 65456, 
R: 65455, 
L: 65456, 
R: 65456, 
L: 65459, 
R: 65463, 
L: 65460, 
R: 65461, 
L: 65461, 
R: 65450, 
L: 65458, 
R: 65448, 
L: 65452, 
R: 65451, 
L: 65451, 
R: 65452, 
L: 65448, 
R: 65452, 
