L: 4, 
R: 0, 
L: 0, 
R: 65535, 
L: 65535, 
R: 65535, 
L: 7, 
R: 4, 
L: 15, 
R: 8, 
L: 11, 
R: 3, 
L: 2, 
R: 65533, 
L: 65534, 
R: 65534, 
L: 1, 
R: 1, 
L: 1, 
R: 65534, 
L: 2, 
R: 65527, 
L: 9, 
R: 65520, 
L: 15, 
R: 65522, 
L: 11, 
R: 65530, 
L: 3, 
R: 10, 
L: 3, 
R: 18, 
L: 8, 
R: 14, 
L: 13, 
R: 65535, 
L: 13, 
R: 65524, 
L: 13, 
R: 65525, 
L: 10, 
R: 65528, 
L: 4, 
R: 65519, 
L: 65532, 
R: 65520, 
L: 65531, 
R: 1, 
L: 3, 
R: 18, 
L: 12, 
R: 18, 
L: 14, 
R: 10, 
L: 6, 
R: 12, 
L: 6, 
R: 11, 
L: 18, 
R: 7, 
L: 25, 
R: 65527, 
L: 16, 
R: 65530, 
L: 6, 
R: 65532, 
L: 6, 
R: 65527, 
L: 9, 
R: 65533, 
L: 8, 
R: 14, 
L: 0, 
R: 22, 
L: 7, 
R: 5, 
L: 12, 
R: 65523, 
L: 18, 
R: 65525, 
L: 7, 
R: 10, 
L: 1, 
R: 19, 
L: 2, 
R: 13, 
L: 7, 
R: 65533, 
L: 12, 
R: 65521, 
L: 19, 
R: 65524, 
L: 17, 
R: 7, 
L: 10, 
R: 13, 
L: 0, 
R: 7, 
L: 9, 
R: 3, 
L: 21, 
R: 15, 
L: 21, 
R: 15, 
L: 14, 
R: 4, 
L: 8, 
R: 65530, 
L: 16, 
R: 65534, 
L: 26, 
R: 8, 
L: 32, 
R: 4, 
L: 22, 
R: 65534, 
L: 7, 
R: 9, 
L: 11, 
R: 9, 
L: 19, 
R: 1, 
L: 16, 
R: 2, 
L: 4, 
R: 12, 
L: 5, 
R: 18, 
L: 10, 
R: 9, 
L: 10, 
R: 65534, 
L: 5, 
R: 65534, 
L: 10, 
R: 3, 
L: 25, 
R: 4, 
L: 29, 
R: 5, 
L: 2, 
R: 15, 
L: 65528, 
R: 13, 
L: 6, 
R: 8, 
L: 29, 
R: 11, 
L: 34, 
R: 6, 
L: 16, 
R: 65535, 
L: 2, 
R: 0, 
L: 7, 
R: 13, 
L: 7, 
R: 13, 
L: 9, 
R: 2, 
L: 12, 
R: 65534, 
L: 16, 
R: 10, 
L: 12, 
R: 18, 
L: 7, 
R: 11, 
L: 12, 
R: 6, 
L: 24, 
R: 12, 
L: 37, 
R: 13, 
L: 28, 
R: 10, 
L: 17, 
R: 15, 
L: 13, 
R: 19, 
L: 11, 
R: 10, 
L: 9, 
R: 65531, 
L: 25, 
R: 4, 
L: 45, 
R: 29, 
L: 54, 
R: 23, 
L: 44, 
R: 3, 
L: 8, 
R: 13, 
L: 0, 
R: 38, 
L: 3, 
R: 34, 
L: 22, 
R: 25, 
L: 28, 
R: 19, 
L: 32, 
R: 25, 
L: 36, 
R: 22, 
L: 40, 
R: 19, 
L: 32, 
R: 34, 
L: 28, 
R: 38, 
L: 20, 
R: 9, 
L: 19, 
R: 65525, 
L: 27, 
R: 65528, 
L: 33, 
R: 28, 
L: 33, 
R: 37, 
L: 25, 
R: 22, 
L: 25, 
R: 10, 
L: 23, 
R: 21, 
L: 23, 
R: 29, 
L: 23, 
R: 24, 
L: 25, 
R: 21, 
L: 22, 
R: 14, 
L: 15, 
R: 6, 
L: 12, 
R: 9, 
L: 18, 
R: 21, 
L: 24, 
R: 25, 
L: 22, 
R: 15, 
L: 16, 
R: 9, 
L: 20, 
R: 14, 
L: 29, 
R: 19, 
L: 29, 
R: 11, 
L: 18, 
R: 3, 
L: 17, 
R: 11, 
L: 22, 
R: 21, 
L: 20, 
R: 26, 
L: 13, 
R: 24, 
L: 20, 
R: 21, 
L: 35, 
R: 13, 
L: 38, 
R: 0, 
L: 25, 
R: 3, 
L: 7, 
R: 4, 
L: 7, 
R: 10, 
L: 23, 
R: 16, 
L: 31, 
R: 17, 
L: 35, 
R: 20, 
L: 34, 
R: 12, 
L: 30, 
R: 2, 
L: 27, 
R: 3, 
L: 31, 
R: 21, 
L: 24, 
R: 27, 
L: 20, 
R: 22, 
L: 11, 
R: 17, 
L: 3, 
R: 18, 
L: 8, 
R: 26, 
L: 24, 
R: 22, 
L: 32, 
R: 10, 
L: 25, 
R: 0, 
L: 17, 
R: 2, 
L: 9, 
R: 21, 
L: 23, 
R: 37, 
L: 39, 
R: 24, 
L: 34, 
R: 4, 
L: 8, 
R: 65534, 
L: 65531, 
R: 16, 
L: 14, 
R: 26, 
L: 41, 
R: 14, 
L: 32, 
R: 1, 
L: 13, 
R: 65531, 
L: 5, 
R: 2, 
L: 20, 
R: 3, 
L: 28, 
R: 4, 
L: 19, 
R: 6, 
L: 13, 
R: 11, 
L: 21, 
R: 15, 
L: 33, 
R: 16, 
L: 37, 
R: 12, 
L: 22, 
R: 13, 
L: 15, 
R: 13, 
L: 15, 
R: 5, 
L: 19, 
R: 65530, 
L: 19, 
R: 65524, 
L: 26, 
R: 11, 
L: 33, 
R: 37, 
L: 27, 
R: 37, 
L: 9, 
R: 19, 
L: 9, 
R: 12, 
L: 14, 
R: 2, 
L: 13, 
R: 65530, 
L: 17, 
R: 65532, 
L: 21, 
R: 11, 
L: 32, 
R: 19, 
L: 31, 
R: 10, 
L: 17, 
R: 0, 
L: 15, 
R: 65524, 
L: 22, 
R: 0, 
L: 29, 
R: 19, 
L: 16, 
R: 25, 
L: 7, 
R: 14, 
L: 12, 
R: 65529, 
L: 31, 
R: 65529, 
L: 39, 
R: 8, 
L: 24, 
R: 19, 
L: 15, 
R: 11, 
L: 8, 
R: 5, 
L: 14, 
R: 16, 
L: 28, 
R: 30, 
L: 36, 
R: 22, 
L: 33, 
R: 10, 
L: 27, 
R: 6, 
L: 19, 
R: 26, 
L: 15, 
R: 38, 
L: 17, 
R: 30, 
L: 13, 
R: 19, 
L: 13, 
R: 11, 
L: 15, 
R: 11, 
L: 12, 
R: 15, 
L: 12, 
R: 17, 
L: 20, 
R: 12, 
L: 26, 
R: 4, 
L: 17, 
R: 5, 
L: 11, 
R: 9, 
L: 15, 
R: 0, 
L: 19, 
R: 65527, 
L: 9, 
R: 65535, 
L: 65532, 
R: 14, 
L: 2, 
R: 23, 
L: 21, 
R: 14, 
L: 29, 
R: 2, 
L: 20, 
R: 65532, 
L: 11, 
R: 65534, 
L: 10, 
R: 65535, 
L: 13, 
R: 15, 
L: 11, 
R: 15, 
L: 11, 
R: 3, 
L: 9, 
R: 65535, 
L: 13, 
R: 23, 
L: 19, 
R: 36, 
L: 25, 
R: 15, 
L: 29, 
R: 4, 
L: 29, 
R: 65520, 
L: 27, 
R: 0, 
L: 35, 
R: 4, 
L: 33, 
R: 8, 
L: 18, 
R: 27, 
L: 2, 
R: 40, 
L: 65530, 
R: 25, 
L: 20, 
R: 65531, 
L: 36, 
R: 9, 
L: 34, 
R: 30, 
L: 26, 
R: 36, 
L: 19, 
R: 22, 
L: 24, 
R: 17, 
L: 32, 
R: 22, 
L: 32, 
R: 24, 
L: 28, 
R: 18, 
L: 26, 
R: 15, 
L: 34, 
R: 22, 
L: 33, 
R: 19, 
L: 29, 
R: 11, 
L: 23, 
R: 12, 
L: 18, 
R: 12, 
L: 27, 
R: 13, 
L: 39, 
R: 15, 
L: 43, 
R: 25, 
L: 28, 
R: 31, 
L: 18, 
R: 25, 
L: 23, 
R: 29, 
L: 35, 
R: 34, 
L: 38, 
R: 31, 
L: 34, 
R: 21, 
L: 39, 
R: 16, 
L: 37, 
R: 24, 
L: 31, 
R: 29, 
L: 23, 
R: 25, 
L: 36, 
R: 29, 
L: 45, 
R: 35, 
L: 33, 
R: 25, 
L: 18, 
R: 5, 
L: 20, 
R: 10, 
L: 32, 
R: 34, 
L: 27, 
R: 42, 
L: 11, 
R: 15, 
L: 3, 
R: 6, 
L: 30, 
R: 21, 
L: 39, 
R: 32, 
L: 30, 
R: 11, 
L: 13, 
R: 65534, 
L: 17, 
R: 19, 
L: 21, 
R: 35, 
L: 25, 
R: 24, 
L: 28, 
R: 9, 
L: 37, 
R: 12, 
L: 36, 
R: 15, 
L: 22, 
R: 15, 
L: 4, 
R: 23, 
L: 11, 
R: 36, 
L: 33, 
R: 24, 
L: 37, 
R: 9, 
L: 19, 
R: 9, 
L: 18, 
R: 25, 
L: 23, 
R: 17, 
L: 31, 
R: 1, 
L: 39, 
R: 14, 
L: 36, 
R: 40, 
L: 43, 
R: 40, 
L: 31, 
R: 18, 
L: 20, 
R: 65535, 
L: 17, 
R: 5, 
L: 20, 
R: 6, 
L: 20, 
R: 9, 
L: 16, 
R: 26, 
L: 14, 
R: 37, 
L: 27, 
R: 30, 
L: 37, 
R: 14, 
L: 35, 
R: 5, 
L: 17, 
R: 14, 
L: 4, 
R: 19, 
L: 17, 
R: 19, 
L: 44, 
R: 13, 
L: 51, 
R: 16, 
L: 29, 
R: 8, 
L: 11, 
R: 14, 
L: 17, 
R: 15, 
L: 27, 
R: 12, 
L: 31, 
R: 8, 
L: 23, 
R: 16, 
L: 23, 
R: 21, 
L: 27, 
R: 17, 
L: 25, 
R: 5, 
L: 23, 
R: 11, 
L: 22, 
R: 32, 
L: 26, 
R: 37, 
L: 33, 
R: 26, 
L: 32, 
R: 14, 
L: 21, 
R: 65532, 
L: 13, 
R: 65534, 
L: 16, 
R: 9, 
L: 20, 
R: 18, 
L: 16, 
R: 17, 
L: 16, 
R: 12, 
L: 26, 
R: 8, 
L: 23, 
R: 9, 
L: 15, 
R: 14, 
L: 15, 
R: 14, 
L: 28, 
R: 18, 
L: 36, 
R: 29, 
L: 31, 
R: 17, 
L: 23, 
R: 65534, 
L: 23, 
R: 65521, 
L: 20, 
R: 7, 
L: 19, 
R: 16, 
L: 19, 
R: 10, 
L: 17, 
R: 0, 
L: 11, 
R: 5, 
L: 11, 
R: 19, 
L: 23, 
R: 22, 
L: 34, 
R: 17, 
L: 32, 
R: 13, 
L: 20, 
R: 9, 
L: 7, 
R: 1, 
L: 9, 
R: 2, 
L: 24, 
R: 3, 
L: 28, 
R: 4, 
L: 7, 
R: 5, 
L: 65529, 
R: 4, 
L: 65534, 
R: 8, 
L: 19, 
R: 15, 
L: 28, 
R: 20, 
L: 27, 
R: 11, 
L: 25, 
R: 65531, 
L: 33, 
R: 65513, 
L: 29, 
R: 65532, 
L: 14, 
R: 19, 
L: 14, 
R: 27, 
L: 15, 
R: 12, 
L: 22, 
R: 65524, 
L: 1, 
R: 65516, 
L: 65526, 
R: 0, 
L: 65533, 
R: 22, 
L: 19, 
R: 16, 
L: 34, 
R: 65532, 
L: 23, 
R: 65534, 
L: 11, 
R: 15, 
L: 5, 
R: 15, 
L: 6, 
R: 65529, 
L: 5, 
R: 65511, 
L: 13, 
R: 65514, 
L: 9, 
R: 65533, 
L: 15, 
R: 5, 
L: 20, 
R: 7, 
L: 19, 
R: 13, 
L: 15, 
R: 17, 
L: 16, 
R: 12, 
L: 25, 
R: 7, 
L: 24, 
R: 65535, 
L: 16, 
R: 7, 
L: 5, 
R: 12, 
L: 10, 
R: 12, 
L: 22, 
R: 7, 
L: 21, 
R: 7, 
L: 18, 
R: 11, 
L: 21, 
R: 15, 
L: 16, 
R: 11, 
L: 14, 
R: 10, 
L: 21, 
R: 11, 
L: 29, 
R: 17, 
L: 23, 
R: 13, 
L: 23, 
R: 5, 
L: 28, 
R: 7, 
L: 25, 
R: 18, 
L: 16, 
R: 26, 
L: 16, 
R: 24, 
L: 20, 
R: 10, 
L: 13, 
R: 65533, 
L: 20, 
R: 65535, 
L: 35, 
R: 20, 
L: 24, 
R: 36, 
L: 2, 
R: 24, 
L: 3, 
R: 65529, 
L: 24, 
R: 65531, 
L: 29, 
R: 33, 
L: 12, 
R: 53, 
L: 3, 
R: 36, 
L: 5, 
R: 65525, 
L: 14, 
R: 65519, 
L: 38, 
R: 1, 
L: 47, 
R: 16, 
L: 21, 
R: 16, 
L: 3, 
R: 7, 
L: 10, 
R: 7, 
L: 22, 
R: 20, 
L: 22, 
R: 20, 
L: 10, 
R: 0, 
L: 11, 
R: 65524, 
L: 19, 
R: 65534, 
L: 8, 
R: 11, 
L: 14, 
R: 7, 
L: 24, 
R: 65526, 
L: 25, 
R: 65530, 
L: 65534, 
R: 8, 
L: 65534, 
R: 13, 
L: 15, 
R: 3, 
L: 33, 
R: 65523, 
L: 30, 
R: 65516, 
L: 26, 
R: 65519, 
L: 10, 
R: 5, 
L: 65528, 
R: 21, 
L: 3, 
R: 6, 
L: 27, 
R: 2, 
L: 33, 
R: 4, 
L: 7, 
R: 10, 
L: 1, 
R: 14, 
L: 16, 
R: 22, 
L: 24, 
R: 26, 
L: 15, 
R: 11, 
L: 21, 
R: 2, 
L: 27, 
R: 65525, 
L: 24, 
R: 2, 
L: 6, 
R: 3, 
L: 6, 
R: 3, 
L: 5, 
R: 17, 
L: 11, 
R: 25, 
L: 31, 
R: 13, 
L: 41, 
R: 0, 
L: 16, 
R: 11, 
L: 7, 
R: 19, 
L: 22, 
R: 5, 
L: 33, 
R: 65528, 
L: 8, 
R: 3, 
L: 65526, 
R: 19, 
L: 9, 
R: 6, 
L: 15, 
R: 65533, 
L: 4, 
R: 15, 
L: 5, 
R: 35, 
L: 23, 
R: 26, 
L: 36, 
R: 65532, 
L: 23, 
R: 65534, 
L: 20, 
R: 16, 
L: 19, 
R: 22, 
L: 19, 
R: 12, 
L: 14, 
R: 8, 
L: 22, 
R: 8, 
L: 23, 
R: 9, 
L: 23, 
R: 5, 
L: 28, 
R: 0, 
L: 34, 
R: 3, 
L: 24, 
R: 6, 
L: 16, 
R: 13, 
L: 15, 
R: 17, 
L: 11, 
R: 9, 
L: 65535, 
R: 65534, 
L: 2, 
R: 6, 
L: 25, 
R: 23, 
L: 35, 
R: 14, 
L: 27, 
R: 65535, 
L: 17, 
R: 0, 
L: 15, 
R: 17, 
L: 15, 
R: 26, 
L: 24, 
R: 18, 
L: 26, 
R: 6, 
L: 19, 
R: 65532, 
L: 5, 
R: 65534, 
L: 15, 
R: 4, 
L: 23, 
R: 11, 
L: 17, 
R: 7, 
L: 13, 
R: 65527, 
L: 12, 
R: 65530, 
L: 11, 
R: 13, 
L: 11, 
R: 21, 
L: 22, 
R: 12, 
L: 34, 
R: 19, 
L: 32, 
R: 30, 
L: 15, 
R: 21, 
L: 3, 
R: 1, 
L: 15, 
R: 5, 
L: 30, 
R: 20, 
L: 30, 
R: 15, 
L: 17, 
R: 5, 
L: 16, 
R: 2, 
L: 32, 
R: 11, 
L: 29, 
R: 5, 
L: 14, 
R: 1, 
L: 3, 
R: 5, 
L: 24, 
R: 12, 
L: 27, 
R: 17, 
L: 11, 
R: 22, 
L: 8, 
R: 26, 
L: 28, 
R: 22, 
L: 36, 
R: 11, 
L: 21, 
R: 65526, 
L: 19, 
R: 65530, 
L: 18, 
R: 9, 
L: 11, 
R: 13, 
L: 11, 
R: 13, 
L: 39, 
R: 8, 
L: 54, 
R: 11, 
L: 27, 
R: 12, 
L: 65535, 
R: 3, 
L: 0, 
R: 3, 
L: 18, 
R: 16, 
L: 33, 
R: 31, 
L: 33, 
R: 27, 
L: 19, 
R: 15, 
L: 5, 
R: 11, 
L: 14, 
R: 13, 
L: 28, 
R: 9, 
L: 42, 
R: 11, 
L: 23, 
R: 13, 
L: 16, 
R: 19, 
L: 32, 
R: 9, 
L: 30, 
R: 0, 
L: 12, 
R: 9, 
L: 19, 
R: 16, 
L: 34, 
R: 17, 
L: 32, 
R: 13, 
L: 30, 
R: 5, 
L: 36, 
R: 7, 
L: 32, 
R: 15, 
L: 18, 
R: 20, 
L: 22, 
R: 20, 
L: 34, 
R: 8, 
L: 25, 
R: 65533, 
L: 15, 
R: 65527, 
L: 19, 
R: 65530, 
L: 32, 
R: 7, 
L: 20, 
R: 16, 
L: 6, 
R: 30, 
L: 2, 
R: 27, 
L: 3, 
R: 12, 
L: 19, 
R: 65527, 
L: 40, 
R: 65515, 
L: 36, 
R: 65535, 
L: 18, 
R: 12, 
L: 65532, 
R: 21, 
L: 17, 
R: 13, 
L: 31, 
R: 0, 
L: 21, 
R: 3, 
L: 6, 
R: 9, 
L: 11, 
R: 9, 
L: 20, 
R: 1, 
L: 8, 
R: 65533, 
L: 3, 
R: 1, 
L: 9, 
R: 5, 
L: 21, 
R: 7, 
L: 17, 
R: 13, 
L: 6, 
R: 25, 
L: 2, 
R: 30, 
L: 12, 
R: 22, 
L: 31, 
R: 13, 
L: 36, 
R: 2, 
L: 24, 
R: 3, 
L: 65529, 
R: 10, 
L: 65525, 
R: 14, 
L: 4, 
R: 13, 
L: 26, 
R: 19, 
L: 34, 
R: 24, 
L: 30, 
R: 8, 
L: 29, 
R: 65524, 
L: 31, 
R: 65529, 
L: 28, 
R: 6, 
L: 27, 
R: 17, 
L: 20, 
R: 11, 
L: 18, 
R: 20, 
L: 14, 
R: 33, 
L: 21, 
R: 27, 
L: 25, 
R: 15, 
L: 23, 
R: 19, 
L: 20, 
R: 26, 
L: 25, 
R: 22, 
L: 29, 
R: 25, 
L: 32, 
R: 29, 
L: 32, 
R: 29, 
L: 30, 
R: 19, 
L: 25, 
R: 0, 
L: 18, 
R: 65530, 
L: 28, 
R: 65533, 
L: 43, 
R: 0, 
L: 38, 
R: 13, 
L: 26, 
R: 22, 
L: 19, 
R: 22, 
L: 25, 
R: 18, 
L: 30, 
R: 15, 
L: 17, 
R: 23, 
L: 19, 
R: 26, 
L: 42, 
R: 28, 
L: 58, 
R: 29, 
L: 39, 
R: 36, 
L: 15, 
R: 28, 
L: 5, 
R: 2, 
L: 20, 
R: 65523, 
L: 28, 
R: 23, 
L: 28, 
R: 59, 
L: 30, 
R: 48, 
L: 45, 
R: 11, 
L: 42, 
R: 65532, 
L: 27, 
R: 22, 
L: 17, 
R: 21, 
L: 9, 
R: 12, 
L: 9, 
R: 12, 
L: 19, 
R: 26, 
L: 32, 
R: 18, 
L: 40, 
R: 4, 
L: 50, 
R: 19, 
L: 46, 
R: 41, 
L: 28, 
R: 32, 
L: 14, 
R: 4, 
L: 13, 
R: 11, 
L: 23, 
R: 38, 
L: 28, 
R: 34, 
L: 33, 
R: 10, 
L: 48, 
R: 65518, 
L: 45, 
R: 21, 
L: 28, 
R: 47, 
L: 4, 
R: 42, 
