Release 13.2 - ngc2edif O.61xd (lin)
Copyright (c) 1995-2011 Xilinx, Inc.  All rights reserved.
Reading design dlx_toplevel.ngc ...
WARNING:NetListWriters:298 - No output is written to dlx_toplevel.xncf, ignored.
Processing design ...
   Preping design's networks ...
   Preping design's macros ...
  finished :Prep
Writing EDIF netlist file dlx_toplevel.edif ...
ngc2edif: Total memory usage is 22708 kilobytes

Release 13.2 - ngc2edif O.61xd (lin)
Copyright (c) 1995-2011 Xilinx, Inc.  All rights reserved.
Reading design dlx_toplevel.ngc ...
WARNING:NetListWriters:298 - No output is written to dlx_toplevel.xncf, ignored.
Processing design ...
   Preping design's networks ...
   Preping design's macros ...
  finished :Prep
Writing EDIF netlist file dlx_toplevel.edif ...
ngc2edif: Total memory usage is 22708 kilobytes

Release 13.2 - ngc2edif O.61xd (lin)
Copyright (c) 1995-2011 Xilinx, Inc.  All rights reserved.
Reading design dlx_toplevel.ngc ...
WARNING:NetListWriters:298 - No output is written to dlx_toplevel.xncf, ignored.
Processing design ...
   Preping design's networks ...
   Preping design's macros ...
  finished :Prep
Writing EDIF netlist file dlx_toplevel.edif ...
ngc2edif: Total memory usage is 22708 kilobytes

