****** Source Program List ******
LineNo	LC	Code		Source Program 
1			
2				;.addressing	Word
3				.section	.text
4				.addressing	Word
5				.section	.text
6				.addressing	Word
7				;.addressing	Word
8			
9	0000	03def026		xor	%r30, %r30, %r30
10	0001	03bde826		xor	%r29, %r29, %r29
11	0002	039ce026		xor	%r28, %r28, %r28
12	0003	00000000		nop
13	0004	3c1e000f		lhi	%r30, $(0xFFFFC/0x10000)
14	0005	3c1d000f		lhi	%r29, $(0xFFFFC/0x10000)
15	0006	00000000		nop
16	0007	00000000		nop
17	0008	37defffc		ori	%r30, %r30, $(0xFFFFC%0x10000)
18	0009	37bdfffc		ori	%r29, %r29, $(0xFFFFC%0x10000)
19	000a	00000000		nop
20	000b	00000000		nop
21	000c	00000000		nop
22	000d	afbefffc		sw	-4(%r29), %r30
23	000e	afbffff8		sw	-8(%r29), %r31
24	000f	23ddfff8		addi	%r29, %r30, $-8
25	0010	00000000		nop
26	0011	00000000		nop
27	0012	00000000		nop
28	0013	0c00000a		jal	main	
29	0014	00000000		nop
30	0015	00000000		nop
31	0016	00000000		nop
32	0017	00000000		nop
33	0018	00000000		nop
34	0019	afa10000		sw	0(%r29), %r1
35	001a	0c0000ad		jal	exit
36	001b	00000000		nop
37	001c	00000000		nop
38			
39			main:
40			
41	001d	20060000		addi	%r6, %r0, $(array & 0xffff)		; mem pointer
42	001e	00000000		nop
43	001f	00000000		nop
44	0020	00000000		nop
45			
46	0021	200bfffb		addi	%r11, %r0, $(-5)
47	0022	200c0010		addi	%r12, %r0, $(16)
48	0023	00000000		nop
49	0024	00000000		nop
50	0025	00000000		nop
51			
52	0026	016c6821		addu	%r13, %r11, %r12
53	0027	00000000		nop
54	0028	00000000		nop
55	0029	00000000		nop
56	002a	accd0000		sw	0(%r6), %r13
57	002b	00000000		nop
58	002c	00000000		nop
59	002d	00000000		nop
60	002e	256d0014		addui	%r13, %r11, $(20)
61	002f	00000000		nop
62	0030	00000000		nop
63	0031	00000000		nop
64	0032	accd0004		sw	4(%r6), %r13
65	0033	00000000		nop
66	0034	00000000		nop
67	0035	00000000		nop
68	0036	016c6823		subu	%r13, %r11, %r12
69	0037	00000000		nop
70	0038	00000000		nop
71	0039	00000000		nop
72	003a	accd0008		sw	8(%r6), %r13
73	003b	00000000		nop
74	003c	00000000		nop
75	003d	00000000		nop
76	003e	2d6d0014		subui	%r13, %r11, $(20)
77	003f	00000000		nop
78	0040	00000000		nop
79	0041	00000000		nop
80	0042	accd000c		sw	12(%r6), %r13
81	0043	00000000		nop
82	0044	00000000		nop
83	0045	00000000		nop
84	0046	016c682a		slt	%r13, %r11, %r12
85	0047	00000000		nop
86	0048	00000000		nop
87	0049	00000000		nop
88	004a	accd0010		sw	16(%r6), %r13
89	004b	00000000		nop
90	004c	00000000		nop
91	004d	00000000		nop
92	004e	016c683a		sltu	%r13, %r11, %r12
93	004f	00000000		nop
94	0050	00000000		nop
95	0051	00000000		nop
96	0052	accd0014		sw	20(%r6), %r13
97	0053	00000000		nop
98	0054	00000000		nop
99	0055	00000000		nop
100	0056	696d0014		slti	%r13, %r11, $(20)
101	0057	00000000		nop
102	0058	00000000		nop
103	0059	00000000		nop
104	005a	accd0018		sw	24(%r6), %r13
105	005b	00000000		nop
106	005c	00000000		nop
107	005d	00000000		nop
108	005e	016c682c		sle	%r13, %r11, %r12
109	005f	00000000		nop
110	0060	00000000		nop
111	0061	00000000		nop
112	0062	accd001c		sw	28(%r6), %r13
113	0063	00000000		nop
114	0064	00000000		nop
115	0065	00000000		nop
116	0066	016c683c		sleu	%r13, %r11, %r12
117	0067	00000000		nop
118	0068	00000000		nop
119	0069	00000000		nop
120	006a	accd0020		sw	32(%r6), %r13
121	006b	00000000		nop
122	006c	00000000		nop
123	006d	00000000		nop
124	006e	716d0014		slei	%r13, %r11, $(20)
125	006f	00000000		nop
126	0070	00000000		nop
127	0071	00000000		nop
128	0072	accd0024		sw	36(%r6), %r13
129	0073	00000000		nop
130	0074	00000000		nop
131	0075	00000000		nop
132	0076	016c682b		sgt	%r13, %r11, %r12
133	0077	00000000		nop
134	0078	00000000		nop
135	0079	00000000		nop
136	007a	accd0028		sw	40(%r6), %r13
137	007b	00000000		nop
138	007c	00000000		nop
139	007d	00000000		nop
140	007e	016c683b		sgtu	%r13, %r11, %r12
141	007f	00000000		nop
142	0080	00000000		nop
143	0081	00000000		nop
144	0082	accd002c		sw	44(%r6), %r13
145	0083	00000000		nop
146	0084	00000000		nop
147	0085	00000000		nop
148	0086	6d6d0014		sgti	%r13, %r11, $(20)
149	0087	00000000		nop
150	0088	00000000		nop
151	0089	00000000		nop
152	008a	accd0030		sw	48(%r6), %r13
153	008b	00000000		nop
154	008c	00000000		nop
155	008d	00000000		nop
156	008e	016c682d		sge	%r13, %r11, %r12
157	008f	00000000		nop
158	0090	00000000		nop
159	0091	00000000		nop
160	0092	accd0034		sw	52(%r6), %r13
161	0093	00000000		nop
162	0094	00000000		nop
163	0095	00000000		nop
164	0096	016c683d		sgeu	%r13, %r11, %r12
165	0097	00000000		nop
166	0098	00000000		nop
167	0099	00000000		nop
168	009a	accd0038		sw	56(%r6), %r13
169	009b	00000000		nop
170	009c	00000000		nop
171	009d	00000000		nop
172	009e	756d0014		sgei	%r13, %r11, $(20)
173	009f	00000000		nop
174	00a0	00000000		nop
175	00a1	00000000		nop
176	00a2	accd003c		sw	60(%r6), %r13
177	00a3	00000000		nop
178	00a4	00000000		nop
179	00a5	00000000		nop
180	00a6	016c682e		seq	%r13, %r11, %r12
181	00a7	00000000		nop
182	00a8	00000000		nop
183	00a9	00000000		nop
184	00aa	accd0040		sw	64(%r6), %r13
185	00ab	00000000		nop
186	00ac	00000000		nop
187	00ad	00000000		nop
188	00ae	796d0014		seqi	%r13, %r11, $(20)
189	00af	00000000		nop
190	00b0	00000000		nop
191	00b1	00000000		nop
192	00b2	accd0044		sw	68(%r6), %r13
193	00b3	00000000		nop
194	00b4	00000000		nop
195	00b5	00000000		nop
196	00b6	016c682f		sne	%r13, %r11, %r12
197	00b7	00000000		nop
198	00b8	00000000		nop
199	00b9	00000000		nop
200	00ba	accd0048		sw	72(%r6), %r13
201	00bb	00000000		nop
202	00bc	00000000		nop
203	00bd	00000000		nop
204	00be	7d6d0014		snei	%r13, %r11, $(20)
205	00bf	00000000		nop
206	00c0	00000000		nop
207	00c1	00000000		nop
208	00c2	accd004c		sw	76(%r6), %r13
209	00c3	00000000		nop
210	00c4	00000000		nop
211	00c5	00000000		nop
212			
213			
214				.section	.data
215			array:
216	0000	0000000e		.data.32	14
217	0004	0000000f		.data.32	15
218	0008	00000000		.data.32	0
219			
220	000c	00000032		.data.32	50
221	0010	00000028		.data.32	40
222	0014	00000000		.data.32	0
223			
224				.section	.text
225				.addressing	Word
226				;.addressing	Word
227	00c6	00000000		nop
228			exit:
229	00c7	00000000		nop
230	00c8	00000000		nop


******** Cross Reference List ********
Defined Symbol
name   	section	lc     	attr   	value  	lineno 
array	.data	0000	Label	0	215 
exit	.text	00c7	Label	c7	228 
main	.text	001d	Label	1d	39 


Undefined Symbol
name   	section	lc     	attr   	value  	lineno 


Multiple Defined Symbol
name   	section	lc     	attr   	value  	lineno 


******* Section Data List ******* 
Sec	Attr		Size
.text 	Writable 	c9 
addr_space : 16 
addressing : Word 
bitwidth per byte : 8 
word alignment : 4 
.data 	Data		18 
addr_space : 16 
addressing : Byte 
bitwidth per byte : 8 
word alignment : 4 
