asip04@i80labpc01:~/LabASIP/Session8/ASIPMeisterProjects/dlx_basis2/Applications/mini/BUILD_SIM:$grep r28 mini.asm |wc -l
asip04@i80labpc01:~/LabASIP/Session8/ASIPMeisterProjects/dlx_basis2/Applications/mini/BUILD_SIM:$for i in {1,2,3,4,5,6,7,8,9,10,11,12,13,14,15,16,17,18,19,20,21,22,23,24,25,26,27,28,29,30,31}; do echo r$i:; grep r$i mini.asm |wc -l; done
r1:
353
r2:
640
r3:
548
r4:
76
r5:
49
r6:
27
r7:
11
r8:
5
r9:
8
r10:
4
r11:
16
r12:
12
r13:
6
r14:
0
r15:
0
r16:
0
r17:
0
r18:
0
r19:
0
r20:
0
r21:
0
r22:
0
r23:
0
r24:
0
r25:
0
r26:
0
r27:
108
r28:
99
r29:
260
r30:
353
r31:
112

asip04@i80labpc01:~/LabASIP/Session8/ASIPMeisterProjects/dlx_basis2/Applications/bram/BUILD_SIM:$for i in `seq 1 31`; do echo r$i:; grep r$i bram.asm |wc -l; done
r1:
363
r2:
643
r3:
549
r4:
76
r5:
49
r6:
27
r7:
11
r8:
5
r9:
8
r10:
4
r11:
16
r12:
12
r13:
6
r14:
0
r15:
0
r16:
0
r17:
0
r18:
0
r19:
0
r20:
0
r21:
0
r22:
0
r23:
0
r24:
0
r25:
0
r26:
0
r27:
108
r28:
97
r29:
268
r30:
354
r31:
112

